{"/home/travis/build/npmtest/node-npmtest-expect/test.js":{"path":"/home/travis/build/npmtest/node-npmtest-expect/test.js","s":{"1":2,"2":2,"3":2,"4":2,"5":2,"6":2,"7":2,"8":1,"9":2,"10":2,"11":1,"12":1,"13":1,"14":1,"15":2,"16":2,"17":2,"18":2,"19":1,"20":1,"21":2,"22":2,"23":2,"24":1,"25":1,"26":1,"27":1,"28":1,"29":1,"30":1,"31":1,"32":1,"33":1,"34":1,"35":1,"36":1,"37":1,"38":1,"39":2,"40":2,"41":1,"42":2,"43":2,"44":1,"45":2,"46":2,"47":1,"48":2,"49":2,"50":1,"51":1,"52":1,"53":1,"54":1},"b":{"1":[2,1,1,1],"2":[1,1,1,1],"3":[1,1],"4":[1,1],"5":[1,1],"6":[1,1],"7":[1,1],"8":[1,1],"9":[1,1],"10":[1,1,1],"11":[1,1],"12":[1,1],"13":[1,1],"14":[1,1],"15":[1,1],"16":[1,1],"17":[1,1]},"f":{"1":2,"2":2,"3":2,"4":2,"5":2,"6":1,"7":1,"8":1,"9":2,"10":2,"11":2,"12":2,"13":1},"fnMap":{"1":{"name":"(anonymous_1)","line":12,"loc":{"start":{"line":12,"column":1},"end":{"line":12,"column":13}}},"2":{"name":"(anonymous_2)","line":19,"loc":{"start":{"line":19,"column":5},"end":{"line":19,"column":17}}},"3":{"name":"(anonymous_3)","line":23,"loc":{"start":{"line":23,"column":24},"end":{"line":23,"column":36}}},"4":{"name":"(anonymous_4)","line":61,"loc":{"start":{"line":61,"column":5},"end":{"line":61,"column":17}}},"5":{"name":"(anonymous_5)","line":82,"loc":{"start":{"line":82,"column":5},"end":{"line":82,"column":17}}},"6":{"name":"(anonymous_6)","line":91,"loc":{"start":{"line":91,"column":77},"end":{"line":94,"column":10}}},"7":{"name":"(anonymous_7)","line":112,"loc":{"start":{"line":112,"column":83},"end":{"line":115,"column":10}},"skip":true},"8":{"name":"(anonymous_8)","line":123,"loc":{"start":{"line":123,"column":77},"end":{"line":126,"column":10}},"skip":true},"9":{"name":"(anonymous_9)","line":139,"loc":{"start":{"line":139,"column":12},"end":{"line":139,"column":40}},"skip":true},"10":{"name":"(anonymous_10)","line":147,"loc":{"start":{"line":147,"column":77},"end":{"line":150,"column":10}},"skip":true},"11":{"name":"(anonymous_11)","line":158,"loc":{"start":{"line":158,"column":83},"end":{"line":161,"column":10}},"skip":true},"12":{"name":"(anonymous_12)","line":169,"loc":{"start":{"line":169,"column":79},"end":{"line":172,"column":10}},"skip":true},"13":{"name":"(anonymous_13)","line":180,"loc":{"start":{"line":180,"column":75},"end":{"line":183,"column":10}},"skip":true}},"statementMap":{"1":{"start":{"line":12,"column":0},"end":{"line":195,"column":5}},"2":{"start":{"line":14,"column":4},"end":{"line":14,"column":14}},"3":{"start":{"line":19,"column":4},"end":{"line":56,"column":9}},"4":{"start":{"line":21,"column":8},"end":{"line":21,"column":19}},"5":{"start":{"line":23,"column":8},"end":{"line":35,"column":13}},"6":{"start":{"line":24,"column":12},"end":{"line":34,"column":13}},"7":{"start":{"line":25,"column":16},"end":{"line":28,"column":30}},"8":{"start":{"line":30,"column":16},"end":{"line":33,"column":27}},"9":{"start":{"line":37,"column":8},"end":{"line":39,"column":21}},"10":{"start":{"line":40,"column":8},"end":{"line":53,"column":9}},"11":{"start":{"line":43,"column":12},"end":{"line":46,"column":14}},"12":{"start":{"line":47,"column":12},"end":{"line":47,"column":18}},"13":{"start":{"line":50,"column":12},"end":{"line":51,"column":46}},"14":{"start":{"line":52,"column":12},"end":{"line":52,"column":18}},"15":{"start":{"line":55,"column":8},"end":{"line":55,"column":35}},"16":{"start":{"line":61,"column":4},"end":{"line":63,"column":9}},"17":{"start":{"line":62,"column":8},"end":{"line":62,"column":15}},"18":{"start":{"line":64,"column":4},"end":{"line":77,"column":5}},"19":{"start":{"line":70,"column":8},"end":{"line":70,"column":14}},"20":{"start":{"line":76,"column":8},"end":{"line":76,"column":14}},"21":{"start":{"line":82,"column":4},"end":{"line":84,"column":9}},"22":{"start":{"line":83,"column":8},"end":{"line":83,"column":15}},"23":{"start":{"line":85,"column":4},"end":{"line":194,"column":5}},"24":{"start":{"line":91,"column":8},"end":{"line":99,"column":10}},"25":{"start":{"line":98,"column":12},"end":{"line":98,"column":35}},"26":{"start":{"line":102,"column":8},"end":{"line":104,"column":63}},"27":{"start":{"line":105,"column":8},"end":{"line":105,"column":14}},"28":{"start":{"line":112,"column":8},"end":{"line":121,"column":10},"skip":true},"29":{"start":{"line":119,"column":12},"end":{"line":119,"column":55},"skip":true},"30":{"start":{"line":120,"column":12},"end":{"line":120,"column":48},"skip":true},"31":{"start":{"line":123,"column":8},"end":{"line":136,"column":10},"skip":true},"32":{"start":{"line":130,"column":12},"end":{"line":130,"column":76},"skip":true},"33":{"start":{"line":131,"column":12},"end":{"line":131,"column":73},"skip":true},"34":{"start":{"line":132,"column":12},"end":{"line":132,"column":74},"skip":true},"35":{"start":{"line":133,"column":12},"end":{"line":133,"column":79},"skip":true},"36":{"start":{"line":134,"column":12},"end":{"line":134,"column":25},"skip":true},"37":{"start":{"line":135,"column":12},"end":{"line":135,"column":45},"skip":true},"38":{"start":{"line":138,"column":8},"end":{"line":145,"column":14},"skip":true},"39":{"start":{"line":143,"column":16},"end":{"line":143,"column":29},"skip":true},"40":{"start":{"line":144,"column":16},"end":{"line":144,"column":55},"skip":true},"41":{"start":{"line":147,"column":8},"end":{"line":156,"column":10},"skip":true},"42":{"start":{"line":154,"column":12},"end":{"line":154,"column":25},"skip":true},"43":{"start":{"line":155,"column":12},"end":{"line":155,"column":45},"skip":true},"44":{"start":{"line":158,"column":8},"end":{"line":167,"column":10},"skip":true},"45":{"start":{"line":165,"column":12},"end":{"line":165,"column":25},"skip":true},"46":{"start":{"line":166,"column":12},"end":{"line":166,"column":48},"skip":true},"47":{"start":{"line":169,"column":8},"end":{"line":178,"column":10},"skip":true},"48":{"start":{"line":176,"column":12},"end":{"line":176,"column":25},"skip":true},"49":{"start":{"line":177,"column":12},"end":{"line":177,"column":46},"skip":true},"50":{"start":{"line":180,"column":8},"end":{"line":189,"column":10},"skip":true},"51":{"start":{"line":187,"column":12},"end":{"line":187,"column":94},"skip":true},"52":{"start":{"line":188,"column":12},"end":{"line":188,"column":48},"skip":true},"53":{"start":{"line":192,"column":8},"end":{"line":192,"column":35},"skip":true},"54":{"start":{"line":193,"column":8},"end":{"line":193,"column":14},"skip":true}},"branchMap":{"1":{"line":25,"type":"binary-expr","locations":[{"start":{"line":25,"column":23},"end":{"line":25,"column":62}},{"start":{"line":26,"column":20},"end":{"line":26,"column":70}},{"start":{"line":27,"column":20},"end":{"line":27,"column":71}},{"start":{"line":28,"column":20},"end":{"line":28,"column":29}}]},"2":{"line":30,"type":"binary-expr","locations":[{"start":{"line":30,"column":23},"end":{"line":30,"column":37}},{"start":{"line":31,"column":20},"end":{"line":31,"column":61}},{"start":{"line":32,"column":20},"end":{"line":32,"column":70}},{"start":{"line":33,"column":20},"end":{"line":33,"column":26}}]},"3":{"line":37,"type":"cond-expr","locations":[{"start":{"line":38,"column":14},"end":{"line":38,"column":20}},{"start":{"line":39,"column":14},"end":{"line":39,"column":20}}]},"4":{"line":40,"type":"switch","locations":[{"start":{"line":42,"column":8},"end":{"line":47,"column":18}},{"start":{"line":49,"column":8},"end":{"line":52,"column":18}}]},"5":{"line":44,"type":"binary-expr","locations":[{"start":{"line":44,"column":16},"end":{"line":44,"column":44}},{"start":{"line":44,"column":48},"end":{"line":44,"column":66}}]},"6":{"line":50,"type":"binary-expr","locations":[{"start":{"line":50,"column":21},"end":{"line":50,"column":49}},{"start":{"line":50,"column":53},"end":{"line":50,"column":72}}]},"7":{"line":64,"type":"switch","locations":[{"start":{"line":69,"column":4},"end":{"line":70,"column":14}},{"start":{"line":75,"column":4},"end":{"line":76,"column":14}}]},"8":{"line":85,"type":"switch","locations":[{"start":{"line":90,"column":4},"end":{"line":105,"column":14}},{"start":{"line":111,"column":4},"end":{"line":193,"column":14},"skip":true}]},"9":{"line":91,"type":"binary-expr","locations":[{"start":{"line":91,"column":42},"end":{"line":91,"column":73}},{"start":{"line":91,"column":77},"end":{"line":99,"column":9}}]},"10":{"line":102,"type":"binary-expr","locations":[{"start":{"line":102,"column":18},"end":{"line":102,"column":32}},{"start":{"line":103,"column":12},"end":{"line":103,"column":53}},{"start":{"line":104,"column":12},"end":{"line":104,"column":61}}]},"11":{"line":112,"type":"binary-expr","locations":[{"start":{"line":112,"column":45},"end":{"line":112,"column":79},"skip":true},{"start":{"line":112,"column":83},"end":{"line":121,"column":9},"skip":true}]},"12":{"line":123,"type":"binary-expr","locations":[{"start":{"line":123,"column":42},"end":{"line":123,"column":73},"skip":true},{"start":{"line":123,"column":77},"end":{"line":136,"column":9},"skip":true}]},"13":{"line":138,"type":"binary-expr","locations":[{"start":{"line":138,"column":48},"end":{"line":138,"column":85},"skip":true},{"start":{"line":139,"column":12},"end":{"line":145,"column":13},"skip":true}]},"14":{"line":147,"type":"binary-expr","locations":[{"start":{"line":147,"column":42},"end":{"line":147,"column":73},"skip":true},{"start":{"line":147,"column":77},"end":{"line":156,"column":9},"skip":true}]},"15":{"line":158,"type":"binary-expr","locations":[{"start":{"line":158,"column":45},"end":{"line":158,"column":79},"skip":true},{"start":{"line":158,"column":83},"end":{"line":167,"column":9},"skip":true}]},"16":{"line":169,"type":"binary-expr","locations":[{"start":{"line":169,"column":43},"end":{"line":169,"column":75},"skip":true},{"start":{"line":169,"column":79},"end":{"line":178,"column":9},"skip":true}]},"17":{"line":180,"type":"binary-expr","locations":[{"start":{"line":180,"column":41},"end":{"line":180,"column":71},"skip":true},{"start":{"line":180,"column":75},"end":{"line":189,"column":9},"skip":true}]}},"code":["/* istanbul instrument in package npmtest_expect */","/*jslint","    bitwise: true,","    browser: true,","    maxerr: 8,","    maxlen: 96,","    node: true,","    nomen: true,","    regexp: true,","    stupid: true","*/","(function () {","    'use strict';","    var local;","","","","    // run shared js-env code - pre-init","    (function () {","        // init local","        local = {};","        // init modeJs","        local.modeJs = (function () {","            try {","                return typeof navigator.userAgent === 'string' &&","                    typeof document.querySelector('body') === 'object' &&","                    typeof XMLHttpRequest.prototype.open === 'function' &&","                    'browser';","            } catch (errorCaughtBrowser) {","                return module.exports &&","                    typeof process.versions.node === 'string' &&","                    typeof require('http').createServer === 'function' &&","                    'node';","            }","        }());","        // init global","        local.global = local.modeJs === 'browser'","            ? window","            : global;","        switch (local.modeJs) {","        // re-init local from window.local","        case 'browser':","            local = local.global.utility2.objectSetDefault(","                local.global.utility2_rollup || local.global.local,","                local.global.utility2","            );","            break;","        // re-init local from example.js","        case 'node':","            local = (local.global.utility2_rollup || require('utility2'))","                .requireExampleJsFromReadme();","            break;","        }","        // export local","        local.global.local = local;","    }());","","","","    // run shared js-env code - function","    (function () {","        return;","    }());","    switch (local.modeJs) {","","","","    // run browser js-env code - function","    case 'browser':","        break;","","","","    // run node js-env code - function","    case 'node':","        break;","    }","","","","    // run shared js-env code - post-init","    (function () {","        return;","    }());","    switch (local.modeJs) {","","","","    // run browser js-env code - post-init","    case 'browser':","        local.testCase_browser_nullCase = local.testCase_browser_nullCase || function (","            options,","            onError","        ) {","        /*","         * this function will test browsers's null-case handling-behavior-behavior","         */","            onError(null, options);","        };","","        // run tests","        local.nop(local.modeTest &&","            document.querySelector('#testRunButton1') &&","            document.querySelector('#testRunButton1').click());","        break;","","","","    // run node js-env code - post-init","    /* istanbul ignore next */","    case 'node':","        local.testCase_buildApidoc_default = local.testCase_buildApidoc_default || function (","            options,","            onError","        ) {","        /*","         * this function will test buildApidoc's default handling-behavior-behavior","         */","            options = { modulePathList: module.paths };","            local.buildApidoc(options, onError);","        };","","        local.testCase_buildApp_default = local.testCase_buildApp_default || function (","            options,","            onError","        ) {","        /*","         * this function will test buildApp's default handling-behavior-behavior","         */","            local.testCase_buildReadme_default(options, local.onErrorThrow);","            local.testCase_buildLib_default(options, local.onErrorThrow);","            local.testCase_buildTest_default(options, local.onErrorThrow);","            local.testCase_buildCustomOrg_default(options, local.onErrorThrow);","            options = [];","            local.buildApp(options, onError);","        };","","        local.testCase_buildCustomOrg_default = local.testCase_buildCustomOrg_default ||","            function (options, onError) {","            /*","             * this function will test buildCustomOrg's default handling-behavior","             */","                options = {};","                local.buildCustomOrg(options, onError);","            };","","        local.testCase_buildLib_default = local.testCase_buildLib_default || function (","            options,","            onError","        ) {","        /*","         * this function will test buildLib's default handling-behavior","         */","            options = {};","            local.buildLib(options, onError);","        };","","        local.testCase_buildReadme_default = local.testCase_buildReadme_default || function (","            options,","            onError","        ) {","        /*","         * this function will test buildReadme's default handling-behavior-behavior","         */","            options = {};","            local.buildReadme(options, onError);","        };","","        local.testCase_buildTest_default = local.testCase_buildTest_default || function (","            options,","            onError","        ) {","        /*","         * this function will test buildTest's default handling-behavior","         */","            options = {};","            local.buildTest(options, onError);","        };","","        local.testCase_webpage_default = local.testCase_webpage_default || function (","            options,","            onError","        ) {","        /*","         * this function will test webpage's default handling-behavior","         */","            options = { modeCoverageMerge: true, url: local.serverLocalHost + '?modeTest=1' };","            local.browserTest(options, onError);","        };","","        // run test-server","        local.testRunServer(local);","        break;","    }","}());",""],"l":{"12":2,"14":2,"19":2,"21":2,"23":2,"24":2,"25":2,"30":1,"37":2,"40":2,"43":1,"47":1,"50":1,"52":1,"55":2,"61":2,"62":2,"64":2,"70":1,"76":1,"82":2,"83":2,"85":2,"91":1,"98":1,"102":1,"105":1,"112":1,"119":1,"120":1,"123":1,"130":1,"131":1,"132":1,"133":1,"134":1,"135":1,"138":1,"143":2,"144":2,"147":1,"154":2,"155":2,"158":1,"165":2,"166":2,"169":1,"176":2,"177":2,"180":1,"187":1,"188":1,"192":1,"193":1}},"/home/travis/build/npmtest/node-npmtest-expect/lib.npmtest_expect.js":{"path":"/home/travis/build/npmtest/node-npmtest-expect/lib.npmtest_expect.js","s":{"1":2,"2":2,"3":2,"4":2,"5":2,"6":2,"7":2,"8":1,"9":2,"10":2,"11":2,"12":2,"13":1,"14":1,"15":1,"16":1},"b":{"1":[2,1,1,1],"2":[1,1,1,1],"3":[1,1],"4":[2,2],"5":[1,1]},"f":{"1":2,"2":2,"3":2},"fnMap":{"1":{"name":"(anonymous_1)","line":12,"loc":{"start":{"line":12,"column":1},"end":{"line":12,"column":13}}},"2":{"name":"(anonymous_2)","line":19,"loc":{"start":{"line":19,"column":5},"end":{"line":19,"column":17}}},"3":{"name":"(anonymous_3)","line":23,"loc":{"start":{"line":23,"column":24},"end":{"line":23,"column":36}}}},"statementMap":{"1":{"start":{"line":12,"column":0},"end":{"line":53,"column":5}},"2":{"start":{"line":14,"column":4},"end":{"line":14,"column":14}},"3":{"start":{"line":19,"column":4},"end":{"line":52,"column":9}},"4":{"start":{"line":21,"column":8},"end":{"line":21,"column":19}},"5":{"start":{"line":23,"column":8},"end":{"line":35,"column":13}},"6":{"start":{"line":24,"column":12},"end":{"line":34,"column":13}},"7":{"start":{"line":25,"column":16},"end":{"line":28,"column":30}},"8":{"start":{"line":30,"column":16},"end":{"line":33,"column":27}},"9":{"start":{"line":37,"column":8},"end":{"line":39,"column":21}},"10":{"start":{"line":41,"column":8},"end":{"line":41,"column":54}},"11":{"start":{"line":43,"column":8},"end":{"line":43,"column":51}},"12":{"start":{"line":45,"column":8},"end":{"line":51,"column":9}},"13":{"start":{"line":46,"column":12},"end":{"line":46,"column":57}},"14":{"start":{"line":48,"column":12},"end":{"line":48,"column":35}},"15":{"start":{"line":49,"column":12},"end":{"line":49,"column":49}},"16":{"start":{"line":50,"column":12},"end":{"line":50,"column":43}}},"branchMap":{"1":{"line":25,"type":"binary-expr","locations":[{"start":{"line":25,"column":23},"end":{"line":25,"column":62}},{"start":{"line":26,"column":20},"end":{"line":26,"column":70}},{"start":{"line":27,"column":20},"end":{"line":27,"column":71}},{"start":{"line":28,"column":20},"end":{"line":28,"column":29}}]},"2":{"line":30,"type":"binary-expr","locations":[{"start":{"line":30,"column":23},"end":{"line":30,"column":37}},{"start":{"line":31,"column":20},"end":{"line":31,"column":61}},{"start":{"line":32,"column":20},"end":{"line":32,"column":70}},{"start":{"line":33,"column":20},"end":{"line":33,"column":26}}]},"3":{"line":37,"type":"cond-expr","locations":[{"start":{"line":38,"column":14},"end":{"line":38,"column":20}},{"start":{"line":39,"column":14},"end":{"line":39,"column":20}}]},"4":{"line":41,"type":"binary-expr","locations":[{"start":{"line":41,"column":16},"end":{"line":41,"column":44}},{"start":{"line":41,"column":48},"end":{"line":41,"column":53}}]},"5":{"line":45,"type":"if","locations":[{"start":{"line":45,"column":8},"end":{"line":45,"column":8}},{"start":{"line":45,"column":8},"end":{"line":45,"column":8}}]}},"code":["/* istanbul instrument in package npmtest_expect */","/*jslint","    bitwise: true,","    browser: true,","    maxerr: 8,","    maxlen: 96,","    node: true,","    nomen: true,","    regexp: true,","    stupid: true","*/","(function () {","    'use strict';","    var local;","","","","    // run shared js-env code - pre-init","    (function () {","        // init local","        local = {};","        // init modeJs","        local.modeJs = (function () {","            try {","                return typeof navigator.userAgent === 'string' &&","                    typeof document.querySelector('body') === 'object' &&","                    typeof XMLHttpRequest.prototype.open === 'function' &&","                    'browser';","            } catch (errorCaughtBrowser) {","                return module.exports &&","                    typeof process.versions.node === 'string' &&","                    typeof require('http').createServer === 'function' &&","                    'node';","            }","        }());","        // init global","        local.global = local.modeJs === 'browser'","            ? window","            : global;","        // init utility2_rollup","        local = local.global.utility2_rollup || local;","        // init lib","        local.local = local.npmtest_expect = local;","        // init exports","        if (local.modeJs === 'browser') {","            local.global.utility2_npmtest_expect = local;","        } else {","            module.exports = local;","            module.exports.__dirname = __dirname;","            module.exports.module = module;","        }","    }());","}());",""],"l":{"12":2,"14":2,"19":2,"21":2,"23":2,"24":2,"25":2,"30":1,"37":2,"41":2,"43":2,"45":2,"46":1,"48":1,"49":1,"50":1}},"/home/travis/build/npmtest/node-npmtest-expect/example.js":{"path":"/home/travis/build/npmtest/node-npmtest-expect/example.js","s":{"1":2,"2":2,"3":2,"4":2,"5":2,"6":2,"7":2,"8":1,"9":2,"10":2,"11":2,"12":2,"13":1,"14":2,"15":2,"16":2,"17":2,"18":2,"19":0,"20":2,"21":1,"22":1,"23":1,"24":1,"25":1,"26":0,"27":0,"28":1,"29":1,"30":2,"31":0,"32":0,"33":0,"34":1,"35":2,"36":2,"37":3,"38":3,"39":3,"40":3,"41":0,"42":3,"43":3,"44":3,"45":1,"46":3,"47":1,"48":1,"49":1,"50":1,"51":1,"52":1,"53":1,"54":1,"55":1,"56":1,"57":0,"58":1,"59":6,"60":6,"61":1,"62":2,"63":0,"64":2,"65":1,"66":1,"67":0,"68":0,"69":0,"70":0,"71":0,"72":0,"73":0,"74":0,"75":0,"76":0,"77":0,"78":0,"79":0,"80":0,"81":0,"82":0,"83":0},"b":{"1":[2,1,1,1],"2":[1,1,1,1],"3":[1,1],"4":[2,2],"5":[1,1],"6":[1,1],"7":[2,0],"8":[2,1,1,1,1,1],"9":[0,2,0],"10":[1,1],"11":[2,1,1],"12":[1,0],"13":[0,2],"14":[2,0,0,0,0,0,0],"15":[0,3],"16":[3,0],"17":[1,1],"18":[0,1],"19":[1,2,0,2],"20":[1,0],"21":[1,1],"22":[0,0],"23":[0,0],"24":[0,0],"25":[0,0],"26":[0,0],"27":[0,0],"28":[0,0]},"f":{"1":2,"2":2,"3":2,"4":2,"5":2,"6":2,"7":3,"8":3,"9":3,"10":1,"11":6,"12":0},"fnMap":{"1":{"name":"(anonymous_1)","line":26,"loc":{"start":{"line":26,"column":1},"end":{"line":26,"column":13}}},"2":{"name":"(anonymous_2)","line":33,"loc":{"start":{"line":33,"column":5},"end":{"line":33,"column":17}}},"3":{"name":"(anonymous_3)","line":37,"loc":{"start":{"line":37,"column":24},"end":{"line":37,"column":36}}},"4":{"name":"(anonymous_4)","line":69,"loc":{"start":{"line":69,"column":31},"end":{"line":69,"column":48}},"skip":true},"5":{"name":"(anonymous_5)","line":78,"loc":{"start":{"line":78,"column":26},"end":{"line":78,"column":45}},"skip":true},"6":{"name":"(anonymous_6)","line":123,"loc":{"start":{"line":123,"column":33},"end":{"line":123,"column":48}},"skip":true},"7":{"name":"(anonymous_7)","line":125,"loc":{"start":{"line":125,"column":27},"end":{"line":125,"column":39}},"skip":true},"8":{"name":"(anonymous_8)","line":133,"loc":{"start":{"line":133,"column":59},"end":{"line":133,"column":74}},"skip":true},"9":{"name":"(anonymous_9)","line":143,"loc":{"start":{"line":143,"column":45},"end":{"line":143,"column":62}},"skip":true},"10":{"name":"(anonymous_10)","line":144,"loc":{"start":{"line":144,"column":73},"end":{"line":144,"column":92}},"skip":true},"11":{"name":"(anonymous_11)","line":272,"loc":{"start":{"line":272,"column":51},"end":{"line":272,"column":77}},"skip":true},"12":{"name":"(anonymous_12)","line":315,"loc":{"start":{"line":315,"column":32},"end":{"line":315,"column":61}},"skip":true}},"statementMap":{"1":{"start":{"line":26,"column":0},"end":{"line":326,"column":5}},"2":{"start":{"line":28,"column":4},"end":{"line":28,"column":14}},"3":{"start":{"line":33,"column":4},"end":{"line":60,"column":9}},"4":{"start":{"line":35,"column":8},"end":{"line":35,"column":19}},"5":{"start":{"line":37,"column":8},"end":{"line":49,"column":13}},"6":{"start":{"line":38,"column":12},"end":{"line":48,"column":13}},"7":{"start":{"line":39,"column":16},"end":{"line":42,"column":30}},"8":{"start":{"line":44,"column":16},"end":{"line":47,"column":27}},"9":{"start":{"line":51,"column":8},"end":{"line":53,"column":21}},"10":{"start":{"line":55,"column":8},"end":{"line":57,"column":45}},"11":{"start":{"line":59,"column":8},"end":{"line":59,"column":35}},"12":{"start":{"line":61,"column":4},"end":{"line":325,"column":5}},"13":{"start":{"line":69,"column":8},"end":{"line":121,"column":10},"skip":true},"14":{"start":{"line":70,"column":12},"end":{"line":88,"column":13},"skip":true},"15":{"start":{"line":76,"column":16},"end":{"line":87,"column":19},"skip":true},"16":{"start":{"line":79,"column":20},"end":{"line":86,"column":21},"skip":true},"17":{"start":{"line":82,"column":24},"end":{"line":82,"column":43},"skip":true},"18":{"start":{"line":83,"column":24},"end":{"line":83,"column":30},"skip":true},"19":{"start":{"line":85,"column":24},"end":{"line":85,"column":49},"skip":true},"20":{"start":{"line":89,"column":12},"end":{"line":107,"column":13},"skip":true},"21":{"start":{"line":92,"column":16},"end":{"line":102,"column":17},"skip":true},"22":{"start":{"line":93,"column":20},"end":{"line":93,"column":86},"skip":true},"23":{"start":{"line":94,"column":20},"end":{"line":95,"column":45},"skip":true},"24":{"start":{"line":96,"column":20},"end":{"line":96,"column":42},"skip":true},"25":{"start":{"line":97,"column":20},"end":{"line":97,"column":48},"skip":true},"26":{"start":{"line":100,"column":20},"end":{"line":100,"column":85},"skip":true},"27":{"start":{"line":101,"column":20},"end":{"line":101,"column":96},"skip":true},"28":{"start":{"line":103,"column":16},"end":{"line":103,"column":22},"skip":true},"29":{"start":{"line":106,"column":16},"end":{"line":106,"column":22},"skip":true},"30":{"start":{"line":108,"column":12},"end":{"line":120,"column":13},"skip":true},"31":{"start":{"line":114,"column":16},"end":{"line":119,"column":17},"skip":true},"32":{"start":{"line":116,"column":20},"end":{"line":116,"column":78},"skip":true},"33":{"start":{"line":118,"column":20},"end":{"line":118,"column":47},"skip":true},"34":{"start":{"line":123,"column":8},"end":{"line":141,"column":11},"skip":true},"35":{"start":{"line":124,"column":12},"end":{"line":124,"column":54},"skip":true},"36":{"start":{"line":125,"column":12},"end":{"line":140,"column":14},"skip":true},"37":{"start":{"line":126,"column":16},"end":{"line":126,"column":28},"skip":true},"38":{"start":{"line":127,"column":16},"end":{"line":127,"column":69},"skip":true},"39":{"start":{"line":128,"column":16},"end":{"line":128,"column":75},"skip":true},"40":{"start":{"line":129,"column":16},"end":{"line":131,"column":17},"skip":true},"41":{"start":{"line":130,"column":20},"end":{"line":130,"column":27},"skip":true},"42":{"start":{"line":133,"column":16},"end":{"line":137,"column":36},"skip":true},"43":{"start":{"line":134,"column":20},"end":{"line":136,"column":55},"skip":true},"44":{"start":{"line":139,"column":16},"end":{"line":139,"column":57},"skip":true},"45":{"start":{"line":143,"column":8},"end":{"line":147,"column":11},"skip":true},"46":{"start":{"line":144,"column":12},"end":{"line":146,"column":15},"skip":true},"47":{"start":{"line":145,"column":16},"end":{"line":145,"column":70},"skip":true},"48":{"start":{"line":149,"column":8},"end":{"line":149,"column":31},"skip":true},"49":{"start":{"line":150,"column":8},"end":{"line":150,"column":14},"skip":true},"50":{"start":{"line":158,"column":8},"end":{"line":158,"column":31},"skip":true},"51":{"start":{"line":160,"column":8},"end":{"line":160,"column":33},"skip":true},"52":{"start":{"line":161,"column":8},"end":{"line":161,"column":37},"skip":true},"53":{"start":{"line":162,"column":8},"end":{"line":162,"column":35},"skip":true},"54":{"start":{"line":164,"column":8},"end":{"line":164,"column":50},"skip":true},"55":{"start":{"line":166,"column":8},"end":{"line":256,"column":2},"skip":true},"56":{"start":{"line":258,"column":8},"end":{"line":286,"column":9},"skip":true},"57":{"start":{"line":259,"column":12},"end":{"line":269,"column":14},"skip":true},"58":{"start":{"line":271,"column":12},"end":{"line":285,"column":19},"skip":true},"59":{"start":{"line":274,"column":20},"end":{"line":274,"column":35},"skip":true},"60":{"start":{"line":275,"column":20},"end":{"line":284,"column":21},"skip":true},"61":{"start":{"line":277,"column":24},"end":{"line":277,"column":64},"skip":true},"62":{"start":{"line":279,"column":24},"end":{"line":279,"column":40},"skip":true},"63":{"start":{"line":281,"column":24},"end":{"line":281,"column":40},"skip":true},"64":{"start":{"line":283,"column":24},"end":{"line":283,"column":39},"skip":true},"65":{"start":{"line":288,"column":8},"end":{"line":290,"column":9},"skip":true},"66":{"start":{"line":289,"column":12},"end":{"line":289,"column":18},"skip":true},"67":{"start":{"line":291,"column":8},"end":{"line":293,"column":54},"skip":true},"68":{"start":{"line":296,"column":8},"end":{"line":301,"column":37},"skip":true},"69":{"start":{"line":303,"column":8},"end":{"line":303,"column":82},"skip":true},"70":{"start":{"line":306,"column":8},"end":{"line":308,"column":9},"skip":true},"71":{"start":{"line":307,"column":12},"end":{"line":307,"column":82},"skip":true},"72":{"start":{"line":310,"column":8},"end":{"line":312,"column":9},"skip":true},"73":{"start":{"line":311,"column":12},"end":{"line":311,"column":18},"skip":true},"74":{"start":{"line":313,"column":8},"end":{"line":313,"column":54},"skip":true},"75":{"start":{"line":314,"column":8},"end":{"line":314,"column":69},"skip":true},"76":{"start":{"line":315,"column":8},"end":{"line":323,"column":36},"skip":true},"77":{"start":{"line":316,"column":12},"end":{"line":316,"column":61},"skip":true},"78":{"start":{"line":317,"column":12},"end":{"line":320,"column":13},"skip":true},"79":{"start":{"line":318,"column":16},"end":{"line":318,"column":75},"skip":true},"80":{"start":{"line":319,"column":16},"end":{"line":319,"column":23},"skip":true},"81":{"start":{"line":321,"column":12},"end":{"line":321,"column":38},"skip":true},"82":{"start":{"line":322,"column":12},"end":{"line":322,"column":27},"skip":true},"83":{"start":{"line":324,"column":8},"end":{"line":324,"column":14},"skip":true}},"branchMap":{"1":{"line":39,"type":"binary-expr","locations":[{"start":{"line":39,"column":23},"end":{"line":39,"column":62}},{"start":{"line":40,"column":20},"end":{"line":40,"column":70}},{"start":{"line":41,"column":20},"end":{"line":41,"column":71}},{"start":{"line":42,"column":20},"end":{"line":42,"column":29}}]},"2":{"line":44,"type":"binary-expr","locations":[{"start":{"line":44,"column":23},"end":{"line":44,"column":37}},{"start":{"line":45,"column":20},"end":{"line":45,"column":61}},{"start":{"line":46,"column":20},"end":{"line":46,"column":70}},{"start":{"line":47,"column":20},"end":{"line":47,"column":26}}]},"3":{"line":51,"type":"cond-expr","locations":[{"start":{"line":52,"column":14},"end":{"line":52,"column":20}},{"start":{"line":53,"column":14},"end":{"line":53,"column":20}}]},"4":{"line":55,"type":"binary-expr","locations":[{"start":{"line":55,"column":16},"end":{"line":55,"column":44}},{"start":{"line":55,"column":49},"end":{"line":57,"column":43}}]},"5":{"line":55,"type":"cond-expr","locations":[{"start":{"line":56,"column":14},"end":{"line":56,"column":50}},{"start":{"line":57,"column":14},"end":{"line":57,"column":43}}]},"6":{"line":61,"type":"switch","locations":[{"start":{"line":68,"column":4},"end":{"line":150,"column":14},"skip":true},{"start":{"line":156,"column":4},"end":{"line":324,"column":14},"skip":true}]},"7":{"line":70,"type":"if","locations":[{"start":{"line":70,"column":12},"end":{"line":70,"column":12},"skip":true},{"start":{"line":70,"column":12},"end":{"line":70,"column":12},"skip":true}]},"8":{"line":70,"type":"binary-expr","locations":[{"start":{"line":70,"column":16},"end":{"line":70,"column":22},"skip":true},{"start":{"line":70,"column":27},"end":{"line":70,"column":32},"skip":true},{"start":{"line":71,"column":20},"end":{"line":71,"column":39},"skip":true},{"start":{"line":72,"column":20},"end":{"line":72,"column":49},"skip":true},{"start":{"line":73,"column":20},"end":{"line":73,"column":58},"skip":true},{"start":{"line":74,"column":20},"end":{"line":74,"column":69},"skip":true}]},"9":{"line":79,"type":"switch","locations":[{"start":{"line":80,"column":20},"end":{"line":80,"column":33},"skip":true},{"start":{"line":81,"column":20},"end":{"line":83,"column":30},"skip":true},{"start":{"line":84,"column":20},"end":{"line":85,"column":49},"skip":true}]},"10":{"line":89,"type":"switch","locations":[{"start":{"line":90,"column":12},"end":{"line":103,"column":22},"skip":true},{"start":{"line":105,"column":12},"end":{"line":106,"column":22},"skip":true}]},"11":{"line":89,"type":"binary-expr","locations":[{"start":{"line":89,"column":20},"end":{"line":89,"column":25},"skip":true},{"start":{"line":89,"column":29},"end":{"line":89,"column":48},"skip":true},{"start":{"line":89,"column":52},"end":{"line":89,"column":74},"skip":true}]},"12":{"line":92,"type":"if","locations":[{"start":{"line":92,"column":16},"end":{"line":92,"column":16},"skip":true},{"start":{"line":92,"column":16},"end":{"line":92,"column":16},"skip":true}]},"13":{"line":108,"type":"if","locations":[{"start":{"line":108,"column":12},"end":{"line":108,"column":12},"skip":true},{"start":{"line":108,"column":12},"end":{"line":108,"column":12},"skip":true}]},"14":{"line":108,"type":"binary-expr","locations":[{"start":{"line":108,"column":16},"end":{"line":108,"column":61},"skip":true},{"start":{"line":108,"column":66},"end":{"line":108,"column":72},"skip":true},{"start":{"line":108,"column":77},"end":{"line":108,"column":82},"skip":true},{"start":{"line":109,"column":20},"end":{"line":109,"column":39},"skip":true},{"start":{"line":110,"column":20},"end":{"line":110,"column":49},"skip":true},{"start":{"line":111,"column":20},"end":{"line":111,"column":58},"skip":true},{"start":{"line":112,"column":20},"end":{"line":112,"column":68},"skip":true}]},"15":{"line":129,"type":"if","locations":[{"start":{"line":129,"column":16},"end":{"line":129,"column":16},"skip":true},{"start":{"line":129,"column":16},"end":{"line":129,"column":16},"skip":true}]},"16":{"line":134,"type":"cond-expr","locations":[{"start":{"line":135,"column":26},"end":{"line":135,"column":29},"skip":true},{"start":{"line":136,"column":26},"end":{"line":136,"column":54},"skip":true}]},"17":{"line":164,"type":"binary-expr","locations":[{"start":{"line":164,"column":27},"end":{"line":164,"column":43},"skip":true},{"start":{"line":164,"column":47},"end":{"line":164,"column":49},"skip":true}]},"18":{"line":258,"type":"if","locations":[{"start":{"line":258,"column":8},"end":{"line":258,"column":8},"skip":true},{"start":{"line":258,"column":8},"end":{"line":258,"column":8},"skip":true}]},"19":{"line":275,"type":"switch","locations":[{"start":{"line":276,"column":20},"end":{"line":277,"column":64},"skip":true},{"start":{"line":278,"column":20},"end":{"line":279,"column":40},"skip":true},{"start":{"line":280,"column":20},"end":{"line":281,"column":40},"skip":true},{"start":{"line":282,"column":20},"end":{"line":283,"column":39},"skip":true}]},"20":{"line":288,"type":"if","locations":[{"start":{"line":288,"column":8},"end":{"line":288,"column":8},"skip":true},{"start":{"line":288,"column":8},"end":{"line":288,"column":8},"skip":true}]},"21":{"line":288,"type":"binary-expr","locations":[{"start":{"line":288,"column":12},"end":{"line":288,"column":40},"skip":true},{"start":{"line":288,"column":44},"end":{"line":288,"column":67},"skip":true}]},"22":{"line":292,"type":"binary-expr","locations":[{"start":{"line":292,"column":12},"end":{"line":292,"column":50},"skip":true},{"start":{"line":293,"column":12},"end":{"line":293,"column":53},"skip":true}]},"23":{"line":297,"type":"binary-expr","locations":[{"start":{"line":297,"column":12},"end":{"line":297,"column":64},"skip":true},{"start":{"line":298,"column":12},"end":{"line":301,"column":36},"skip":true}]},"24":{"line":303,"type":"binary-expr","locations":[{"start":{"line":303,"column":43},"end":{"line":303,"column":75},"skip":true},{"start":{"line":303,"column":79},"end":{"line":303,"column":81},"skip":true}]},"25":{"line":306,"type":"if","locations":[{"start":{"line":306,"column":8},"end":{"line":306,"column":8},"skip":true},{"start":{"line":306,"column":8},"end":{"line":306,"column":8},"skip":true}]},"26":{"line":310,"type":"if","locations":[{"start":{"line":310,"column":8},"end":{"line":310,"column":8},"skip":true},{"start":{"line":310,"column":8},"end":{"line":310,"column":8},"skip":true}]},"27":{"line":313,"type":"binary-expr","locations":[{"start":{"line":313,"column":27},"end":{"line":313,"column":43},"skip":true},{"start":{"line":313,"column":47},"end":{"line":313,"column":53},"skip":true}]},"28":{"line":317,"type":"if","locations":[{"start":{"line":317,"column":12},"end":{"line":317,"column":12},"skip":true},{"start":{"line":317,"column":12},"end":{"line":317,"column":12},"skip":true}]}},"code":["/*","example.js","","quickstart example","","instruction","    1. save this script as example.js","    2. run the shell command:","        $ npm install npmtest-expect && PORT=8081 node example.js","    3. play with the browser-demo on http://127.0.0.1:8081","*/","","","","/* istanbul instrument in package npmtest_expect */","/*jslint","    bitwise: true,","    browser: true,","    maxerr: 8,","    maxlen: 96,","    node: true,","    nomen: true,","    regexp: true,","    stupid: true","*/","(function () {","    'use strict';","    var local;","","","","    // run shared js-env code - pre-init","    (function () {","        // init local","        local = {};","        // init modeJs","        local.modeJs = (function () {","            try {","                return typeof navigator.userAgent === 'string' &&","                    typeof document.querySelector('body') === 'object' &&","                    typeof XMLHttpRequest.prototype.open === 'function' &&","                    'browser';","            } catch (errorCaughtBrowser) {","                return module.exports &&","                    typeof process.versions.node === 'string' &&","                    typeof require('http').createServer === 'function' &&","                    'node';","            }","        }());","        // init global","        local.global = local.modeJs === 'browser'","            ? window","            : global;","        // init utility2_rollup","        local = local.global.utility2_rollup || (local.modeJs === 'browser'","            ? local.global.utility2_npmtest_expect","            : global.utility2_moduleExports);","        // export local","        local.global.local = local;","    }());","    switch (local.modeJs) {","","","","    // post-init","    // run browser js-env code - post-init","    /* istanbul ignore next */","    case 'browser':","        local.testRunBrowser = function (event) {","            if (!event || (event &&","                    event.currentTarget &&","                    event.currentTarget.className &&","                    event.currentTarget.className.includes &&","                    event.currentTarget.className.includes('onreset'))) {","                // reset output","                Array.from(","                    document.querySelectorAll('body > .resettable')","                ).forEach(function (element) {","                    switch (element.tagName) {","                    case 'INPUT':","                    case 'TEXTAREA':","                        element.value = '';","                        break;","                    default:","                        element.textContent = '';","                    }","                });","            }","            switch (event && event.currentTarget && event.currentTarget.id) {","            case 'testRunButton1':","                // show tests","                if (document.querySelector('#testReportDiv1').style.display === 'none') {","                    document.querySelector('#testReportDiv1').style.display = 'block';","                    document.querySelector('#testRunButton1').textContent =","                        'hide internal test';","                    local.modeTest = true;","                    local.testRunDefault(local);","                // hide tests","                } else {","                    document.querySelector('#testReportDiv1').style.display = 'none';","                    document.querySelector('#testRunButton1').textContent = 'run internal test';","                }","                break;","            // custom-case","            default:","                break;","            }","            if (document.querySelector('#inputTextareaEval1') && (!event || (event &&","                    event.currentTarget &&","                    event.currentTarget.className &&","                    event.currentTarget.className.includes &&","                    event.currentTarget.className.includes('oneval')))) {","                // try to eval input-code","                try {","                    /*jslint evil: true*/","                    eval(document.querySelector('#inputTextareaEval1').value);","                } catch (errorCaught) {","                    console.error(errorCaught);","                }","            }","        };","        // log stderr and stdout to #outputTextareaStdout1","        ['error', 'log'].forEach(function (key) {","            console[key + '_original'] = console[key];","            console[key] = function () {","                var element;","                console[key + '_original'].apply(console, arguments);","                element = document.querySelector('#outputTextareaStdout1');","                if (!element) {","                    return;","                }","                // append text to #outputTextareaStdout1","                element.value += Array.from(arguments).map(function (arg) {","                    return typeof arg === 'string'","                        ? arg","                        : JSON.stringify(arg, null, 4);","                }).join(' ') + '\\n';","                // scroll textarea to bottom","                element.scrollTop = element.scrollHeight;","            };","        });","        // init event-handling","        ['change', 'click', 'keyup'].forEach(function (event) {","            Array.from(document.querySelectorAll('.on' + event)).forEach(function (element) {","                element.addEventListener(event, local.testRunBrowser);","            });","        });","        // run tests","        local.testRunBrowser();","        break;","","","","    // run node js-env code - post-init","    /* istanbul ignore next */","    case 'node':","        // export local","        module.exports = local;","        // require modules","        local.fs = require('fs');","        local.http = require('http');","        local.url = require('url');","        // init assets","        local.assetsDict = local.assetsDict || {};","        /* jslint-ignore-begin */","        local.assetsDict['/assets.index.template.html'] = '\\","<!doctype html>\\n\\","<html lang=\"en\">\\n\\","<head>\\n\\","<meta charset=\"UTF-8\">\\n\\","<meta name=\"viewport\" content=\"width=device-width, initial-scale=1\">\\n\\","<title>{{env.npm_package_name}} (v{{env.npm_package_version}})</title>\\n\\","<style>\\n\\","/*csslint\\n\\","    box-sizing: false,\\n\\","    universal-selector: false\\n\\","*/\\n\\","* {\\n\\","    box-sizing: border-box;\\n\\","}\\n\\","body {\\n\\","    background: #dde;\\n\\","    font-family: Arial, Helvetica, sans-serif;\\n\\","    margin: 2rem;\\n\\","}\\n\\","body > * {\\n\\","    margin-bottom: 1rem;\\n\\","}\\n\\",".utility2FooterDiv {\\n\\","    margin-top: 20px;\\n\\","    text-align: center;\\n\\","}\\n\\","</style>\\n\\","<style>\\n\\","/*csslint\\n\\","*/\\n\\","textarea {\\n\\","    font-family: monospace;\\n\\","    height: 10rem;\\n\\","    width: 100%;\\n\\","}\\n\\","textarea[readonly] {\\n\\","    background: #ddd;\\n\\","}\\n\\","</style>\\n\\","</head>\\n\\","<body>\\n\\","<!-- utility2-comment\\n\\","<div id=\"ajaxProgressDiv1\" style=\"background: #d00; height: 2px; left: 0; margin: 0; padding: 0; position: fixed; top: 0; transition: background 0.5s, width 1.5s; width: 25%;\"></div>\\n\\","utility2-comment -->\\n\\","<h1>\\n\\","<!-- utility2-comment\\n\\","    <a\\n\\","        {{#if env.npm_package_homepage}}\\n\\","        href=\"{{env.npm_package_homepage}}\"\\n\\","        {{/if env.npm_package_homepage}}\\n\\","        target=\"_blank\"\\n\\","    >\\n\\","utility2-comment -->\\n\\","        {{env.npm_package_name}} (v{{env.npm_package_version}})\\n\\","<!-- utility2-comment\\n\\","    </a>\\n\\","utility2-comment -->\\n\\","</h1>\\n\\","<h3>{{env.npm_package_description}}</h3>\\n\\","<!-- utility2-comment\\n\\","<h4><a download href=\"assets.app.js\">download standalone app</a></h4>\\n\\","<button class=\"onclick onreset\" id=\"testRunButton1\">run internal test</button><br>\\n\\","<div id=\"testReportDiv1\" style=\"display: none;\"></div>\\n\\","utility2-comment -->\\n\\","\\n\\","\\n\\","\\n\\","<label>stderr and stdout</label>\\n\\","<textarea class=\"resettable\" id=\"outputTextareaStdout1\" readonly></textarea>\\n\\","<!-- utility2-comment\\n\\","{{#if isRollup}}\\n\\","<script src=\"assets.app.js\"></script>\\n\\","{{#unless isRollup}}\\n\\","utility2-comment -->\\n\\","<script src=\"assets.utility2.rollup.js\"></script>\\n\\","<script src=\"jsonp.utility2._stateInit?callback=window.utility2._stateInit\"></script>\\n\\","<script src=\"assets.npmtest_expect.rollup.js\"></script>\\n\\","<script src=\"assets.example.js\"></script>\\n\\","<script src=\"assets.test.js\"></script>\\n\\","<!-- utility2-comment\\n\\","{{/if isRollup}}\\n\\","utility2-comment -->\\n\\","<div class=\"utility2FooterDiv\">\\n\\","    [ this app was created with\\n\\","    <a href=\"https://github.com/kaizhu256/node-utility2\" target=\"_blank\">utility2</a>\\n\\","    ]\\n\\","</div>\\n\\","</body>\\n\\","</html>\\n\\","';","        /* jslint-ignore-end */","        if (local.templateRender) {","            local.assetsDict['/'] = local.templateRender(","                local.assetsDict['/assets.index.template.html'],","                {","                    env: local.objectSetDefault(local.env, {","                        npm_package_description: 'the greatest app in the world!',","                        npm_package_name: 'my-app',","                        npm_package_nameAlias: 'my_app',","                        npm_package_version: '0.0.1'","                    })","                }","            );","        } else {","            local.assetsDict['/'] = local.assetsDict['/assets.index.template.html']","                .replace((/\\{\\{env\\.(\\w+?)\\}\\}/g), function (match0, match1) {","                    // jslint-hack","                    String(match0);","                    switch (match1) {","                    case 'npm_package_description':","                        return 'the greatest app in the world!';","                    case 'npm_package_name':","                        return 'my-app';","                    case 'npm_package_nameAlias':","                        return 'my_app';","                    case 'npm_package_version':","                        return '0.0.1';","                    }","                });","        }","        // run the cli","        if (local.global.utility2_rollup || module !== require.main) {","            break;","        }","        local.assetsDict['/assets.example.js'] =","            local.assetsDict['/assets.example.js'] ||","            local.fs.readFileSync(__filename, 'utf8');","        // bug-workaround - long $npm_package_buildCustomOrg","        /* jslint-ignore-begin */","        local.assetsDict['/assets.npmtest_expect.rollup.js'] =","            local.assetsDict['/assets.npmtest_expect.rollup.js'] ||","            local.fs.readFileSync(","                local.npmtest_expect.__dirname + '/lib.npmtest_expect.js',","                'utf8'","            ).replace((/^#!/), '//');","        /* jslint-ignore-end */","        local.assetsDict['/favicon.ico'] = local.assetsDict['/favicon.ico'] || '';","        // if $npm_config_timeout_exit exists,","        // then exit this process after $npm_config_timeout_exit ms","        if (Number(process.env.npm_config_timeout_exit)) {","            setTimeout(process.exit, Number(process.env.npm_config_timeout_exit));","        }","        // start server","        if (local.global.utility2_serverHttp1) {","            break;","        }","        process.env.PORT = process.env.PORT || '8081';","        console.error('server starting on port ' + process.env.PORT);","        local.http.createServer(function (request, response) {","            request.urlParsed = local.url.parse(request.url);","            if (local.assetsDict[request.urlParsed.pathname] !== undefined) {","                response.end(local.assetsDict[request.urlParsed.pathname]);","                return;","            }","            response.statusCode = 404;","            response.end();","        }).listen(process.env.PORT);","        break;","    }","}());",""],"l":{"26":2,"28":2,"33":2,"35":2,"37":2,"38":2,"39":2,"44":1,"51":2,"55":2,"59":2,"61":2,"69":1,"70":2,"76":2,"79":2,"82":2,"83":2,"85":1,"89":2,"92":1,"93":1,"94":1,"96":1,"97":1,"100":1,"101":1,"103":1,"106":1,"108":2,"114":1,"116":1,"118":1,"123":1,"124":2,"125":2,"126":3,"127":3,"128":3,"129":3,"130":1,"133":3,"134":3,"139":3,"143":1,"144":3,"145":1,"149":1,"150":1,"158":1,"160":1,"161":1,"162":1,"164":1,"166":1,"258":1,"259":1,"271":1,"274":6,"275":6,"277":1,"279":2,"281":1,"283":2,"288":1,"289":1,"291":1,"296":1,"303":1,"306":1,"307":1,"310":1,"311":1,"313":1,"314":1,"315":1,"316":1,"317":1,"318":1,"319":1,"321":1,"322":1,"324":1}},"/home/travis/build/npmtest/node-npmtest-expect/node_modules/expect/lib/index.js":{"path":"/home/travis/build/npmtest/node-npmtest-expect/node_modules/expect/lib/index.js","s":{"1":1,"2":1,"3":1,"4":1,"5":1,"6":1,"7":1,"8":1,"9":3,"10":1,"11":0,"12":1,"13":1,"14":1,"15":1,"16":1,"17":1,"18":1},"b":{"1":[3,0],"2":[3,3]},"f":{"1":3,"2":0},"fnMap":{"1":{"name":"_interopRequireDefault","line":17,"loc":{"start":{"line":17,"column":0},"end":{"line":17,"column":37}}},"2":{"name":"expect","line":19,"loc":{"start":{"line":19,"column":0},"end":{"line":19,"column":24}}}},"statementMap":{"1":{"start":{"line":3,"column":0},"end":{"line":3,"column":44}},"2":{"start":{"line":5,"column":0},"end":{"line":5,"column":57}},"3":{"start":{"line":7,"column":0},"end":{"line":7,"column":38}},"4":{"start":{"line":9,"column":0},"end":{"line":9,"column":34}},"5":{"start":{"line":11,"column":0},"end":{"line":11,"column":47}},"6":{"start":{"line":13,"column":0},"end":{"line":13,"column":34}},"7":{"start":{"line":15,"column":0},"end":{"line":15,"column":47}},"8":{"start":{"line":17,"column":0},"end":{"line":17,"column":95}},"9":{"start":{"line":17,"column":39},"end":{"line":17,"column":93}},"10":{"start":{"line":19,"column":0},"end":{"line":21,"column":1}},"11":{"start":{"line":20,"column":2},"end":{"line":20,"column":43}},"12":{"start":{"line":23,"column":0},"end":{"line":23,"column":39}},"13":{"start":{"line":24,"column":0},"end":{"line":24,"column":31}},"14":{"start":{"line":25,"column":0},"end":{"line":25,"column":31}},"15":{"start":{"line":26,"column":0},"end":{"line":26,"column":45}},"16":{"start":{"line":27,"column":0},"end":{"line":27,"column":33}},"17":{"start":{"line":28,"column":0},"end":{"line":28,"column":33}},"18":{"start":{"line":30,"column":0},"end":{"line":30,"column":24}}},"branchMap":{"1":{"line":17,"type":"cond-expr","locations":[{"start":{"line":17,"column":70},"end":{"line":17,"column":73}},{"start":{"line":17,"column":76},"end":{"line":17,"column":92}}]},"2":{"line":17,"type":"binary-expr","locations":[{"start":{"line":17,"column":46},"end":{"line":17,"column":49}},{"start":{"line":17,"column":53},"end":{"line":17,"column":67}}]}},"code":["'use strict';","","var _Expectation = require('./Expectation');","","var _Expectation2 = _interopRequireDefault(_Expectation);","","var _SpyUtils = require('./SpyUtils');","","var _assert = require('./assert');","","var _assert2 = _interopRequireDefault(_assert);","","var _extend = require('./extend');","","var _extend2 = _interopRequireDefault(_extend);","","function _interopRequireDefault(obj) { return obj && obj.__esModule ? obj : { default: obj }; }","","function expect(actual) {","  return new _Expectation2.default(actual);","}","","expect.createSpy = _SpyUtils.createSpy;","expect.spyOn = _SpyUtils.spyOn;","expect.isSpy = _SpyUtils.isSpy;","expect.restoreSpies = _SpyUtils.restoreSpies;","expect.assert = _assert2.default;","expect.extend = _extend2.default;","","module.exports = expect;"],"l":{"3":1,"5":1,"7":1,"9":1,"11":1,"13":1,"15":1,"17":3,"19":1,"20":0,"23":1,"24":1,"25":1,"26":1,"27":1,"28":1,"30":1}},"/home/travis/build/npmtest/node-npmtest-expect/node_modules/expect/lib/Expectation.js":{"path":"/home/travis/build/npmtest/node-npmtest-expect/node_modules/expect/lib/Expectation.js","s":{"1":1,"2":1,"3":0,"4":0,"5":1,"6":1,"7":1,"8":25,"9":25,"10":25,"11":25,"12":25,"13":25,"14":1,"15":1,"16":1,"17":1,"18":0,"19":1,"20":1,"21":1,"22":1,"23":1,"24":1,"25":1,"26":1,"27":1,"28":1,"29":3,"30":1,"31":0,"32":0,"33":1,"34":1,"35":0,"36":0,"37":0,"38":0,"39":0,"40":1,"41":0,"42":0,"43":0,"44":0,"45":0,"46":0,"47":0,"48":0,"49":0,"50":0,"51":0,"52":0,"53":0,"54":0,"55":0,"56":0,"57":0,"58":0,"59":0,"60":0,"61":0,"62":0,"63":0,"64":0,"65":0,"66":0,"67":0,"68":0,"69":0,"70":0,"71":0,"72":0,"73":0,"74":0,"75":0,"76":0,"77":0,"78":0,"79":0,"80":0,"81":0,"82":0,"83":0,"84":0,"85":0,"86":0,"87":0,"88":0,"89":0,"90":0,"91":0,"92":0,"93":0,"94":0,"95":0,"96":0,"97":0,"98":0,"99":0,"100":0,"101":0,"102":0,"103":0,"104":0,"105":0,"106":0,"107":0,"108":0,"109":0,"110":0,"111":0,"112":0,"113":0,"114":0,"115":0,"116":0,"117":0,"118":0,"119":0,"120":0,"121":0,"122":0,"123":0,"124":0,"125":0,"126":0,"127":0,"128":0,"129":0,"130":0,"131":0,"132":0,"133":0,"134":0,"135":0,"136":0,"137":0,"138":0,"139":0,"140":0,"141":0,"142":0,"143":0,"144":0,"145":0,"146":0,"147":0,"148":0,"149":0,"150":0,"151":0,"152":0,"153":0,"154":0,"155":0,"156":0,"157":0,"158":0,"159":0,"160":0,"161":0,"162":0,"163":0,"164":0,"165":1,"166":1,"167":2,"168":2,"169":0,"170":0,"171":0,"172":0,"173":0,"174":0,"175":1,"176":0,"177":0,"178":0,"179":1,"180":0,"181":0,"182":0,"183":0,"184":0,"185":1,"186":1,"187":15,"188":15,"189":1},"b":{"1":[1,0],"2":[1,1],"3":[0,0],"4":[0,0,0],"5":[25,25],"6":[25,0],"7":[1,0],"8":[0,1],"9":[1,2],"10":[3,3],"11":[0,0],"12":[0,0],"13":[0,0],"14":[0,0],"15":[0,0],"16":[0,0],"17":[0,0],"18":[0,0],"19":[0,0],"20":[0,0],"21":[0,0],"22":[0,0],"23":[0,0],"24":[0,0],"25":[0,0],"26":[0,0],"27":[0,0],"28":[0,0],"29":[0,0],"30":[0,0],"31":[0,0],"32":[0,0],"33":[0,0],"34":[0,0],"35":[0,0],"36":[0,0],"37":[0,0],"38":[0,0],"39":[0,0],"40":[0,0],"41":[0,0],"42":[0,0],"43":[0,0],"44":[0,0],"45":[0,0],"46":[0,0],"47":[0,0],"48":[0,0],"49":[0,0],"50":[0,0],"51":[0,0],"52":[0,0],"53":[0,0],"54":[0,0],"55":[15,0]},"f":{"1":0,"2":0,"3":1,"4":1,"5":1,"6":3,"7":0,"8":1,"9":0,"10":0,"11":0,"12":0,"13":0,"14":0,"15":0,"16":0,"17":0,"18":0,"19":0,"20":0,"21":0,"22":0,"23":0,"24":0,"25":0,"26":0,"27":0,"28":0,"29":0,"30":0,"31":0,"32":0,"33":0,"34":0,"35":0,"36":0,"37":0,"38":2,"39":0,"40":0,"41":0},"fnMap":{"1":{"name":"(anonymous_1)","line":7,"loc":{"start":{"line":7,"column":84},"end":{"line":7,"column":99}}},"2":{"name":"(anonymous_2)","line":7,"loc":{"start":{"line":7,"column":124},"end":{"line":7,"column":139}}},"3":{"name":"(anonymous_3)","line":9,"loc":{"start":{"line":9,"column":19},"end":{"line":9,"column":31}}},"4":{"name":"defineProperties","line":9,"loc":{"start":{"line":9,"column":33},"end":{"line":9,"column":74}}},"5":{"name":"(anonymous_5)","line":9,"loc":{"start":{"line":9,"column":357},"end":{"line":9,"column":405}}},"6":{"name":"_interopRequireDefault","line":27,"loc":{"start":{"line":27,"column":0},"end":{"line":27,"column":37}}},"7":{"name":"_classCallCheck","line":29,"loc":{"start":{"line":29,"column":0},"end":{"line":29,"column":48}}},"8":{"name":"(anonymous_8)","line":37,"loc":{"start":{"line":37,"column":18},"end":{"line":37,"column":30}}},"9":{"name":"Expectation","line":38,"loc":{"start":{"line":38,"column":2},"end":{"line":38,"column":31}}},"10":{"name":"toExist","line":51,"loc":{"start":{"line":51,"column":11},"end":{"line":51,"column":37}}},"11":{"name":"toNotExist","line":58,"loc":{"start":{"line":58,"column":11},"end":{"line":58,"column":40}}},"12":{"name":"toBe","line":65,"loc":{"start":{"line":65,"column":11},"end":{"line":65,"column":41}}},"13":{"name":"toNotBe","line":72,"loc":{"start":{"line":72,"column":11},"end":{"line":72,"column":44}}},"14":{"name":"toEqual","line":79,"loc":{"start":{"line":79,"column":11},"end":{"line":79,"column":44}}},"15":{"name":"toNotEqual","line":94,"loc":{"start":{"line":94,"column":11},"end":{"line":94,"column":47}}},"16":{"name":"toThrow","line":101,"loc":{"start":{"line":101,"column":11},"end":{"line":101,"column":44}}},"17":{"name":"toNotThrow","line":110,"loc":{"start":{"line":110,"column":11},"end":{"line":110,"column":47}}},"18":{"name":"toBeA","line":119,"loc":{"start":{"line":119,"column":11},"end":{"line":119,"column":42}}},"19":{"name":"toNotBeA","line":128,"loc":{"start":{"line":128,"column":11},"end":{"line":128,"column":45}}},"20":{"name":"toMatch","line":137,"loc":{"start":{"line":137,"column":11},"end":{"line":137,"column":46}}},"21":{"name":"toNotMatch","line":144,"loc":{"start":{"line":144,"column":11},"end":{"line":144,"column":49}}},"22":{"name":"toBeLessThan","line":151,"loc":{"start":{"line":151,"column":11},"end":{"line":151,"column":49}}},"23":{"name":"toBeLessThanOrEqualTo","line":162,"loc":{"start":{"line":162,"column":11},"end":{"line":162,"column":58}}},"24":{"name":"toBeGreaterThan","line":173,"loc":{"start":{"line":173,"column":11},"end":{"line":173,"column":52}}},"25":{"name":"toBeGreaterThanOrEqualTo","line":184,"loc":{"start":{"line":184,"column":11},"end":{"line":184,"column":61}}},"26":{"name":"toInclude","line":195,"loc":{"start":{"line":195,"column":11},"end":{"line":195,"column":61}}},"27":{"name":"toExclude","line":221,"loc":{"start":{"line":221,"column":11},"end":{"line":221,"column":61}}},"28":{"name":"toIncludeKeys","line":247,"loc":{"start":{"line":247,"column":11},"end":{"line":247,"column":61}}},"29":{"name":"(anonymous_29)","line":261,"loc":{"start":{"line":261,"column":32},"end":{"line":261,"column":47}}},"30":{"name":"toIncludeKey","line":271,"loc":{"start":{"line":271,"column":11},"end":{"line":271,"column":38}}},"31":{"name":"toExcludeKeys","line":280,"loc":{"start":{"line":280,"column":11},"end":{"line":280,"column":61}}},"32":{"name":"(anonymous_32)","line":294,"loc":{"start":{"line":294,"column":32},"end":{"line":294,"column":47}}},"33":{"name":"toExcludeKey","line":304,"loc":{"start":{"line":304,"column":11},"end":{"line":304,"column":38}}},"34":{"name":"toHaveBeenCalled","line":313,"loc":{"start":{"line":313,"column":11},"end":{"line":313,"column":46}}},"35":{"name":"toHaveBeenCalledWith","line":324,"loc":{"start":{"line":324,"column":11},"end":{"line":324,"column":43}}},"36":{"name":"(anonymous_36)","line":333,"loc":{"start":{"line":333,"column":43},"end":{"line":333,"column":59}}},"37":{"name":"toNotHaveBeenCalled","line":341,"loc":{"start":{"line":341,"column":11},"end":{"line":341,"column":49}}},"38":{"name":"deprecate","line":355,"loc":{"start":{"line":355,"column":16},"end":{"line":355,"column":48}}},"39":{"name":"(anonymous_39)","line":358,"loc":{"start":{"line":358,"column":9},"end":{"line":358,"column":21}}},"40":{"name":"(anonymous_40)","line":372,"loc":{"start":{"line":372,"column":46},"end":{"line":372,"column":65}}},"41":{"name":"(anonymous_41)","line":380,"loc":{"start":{"line":380,"column":43},"end":{"line":380,"column":55}}}},"statementMap":{"1":{"start":{"line":3,"column":0},"end":{"line":5,"column":3}},"2":{"start":{"line":7,"column":0},"end":{"line":7,"column":241}},"3":{"start":{"line":7,"column":101},"end":{"line":7,"column":119}},"4":{"start":{"line":7,"column":141},"end":{"line":7,"column":238}},"5":{"start":{"line":9,"column":0},"end":{"line":9,"column":564}},"6":{"start":{"line":9,"column":33},"end":{"line":9,"column":349}},"7":{"start":{"line":9,"column":76},"end":{"line":9,"column":347}},"8":{"start":{"line":9,"column":117},"end":{"line":9,"column":143}},"9":{"start":{"line":9,"column":144},"end":{"line":9,"column":199}},"10":{"start":{"line":9,"column":200},"end":{"line":9,"column":231}},"11":{"start":{"line":9,"column":232},"end":{"line":9,"column":286}},"12":{"start":{"line":9,"column":259},"end":{"line":9,"column":286}},"13":{"start":{"line":9,"column":287},"end":{"line":9,"column":345}},"14":{"start":{"line":9,"column":350},"end":{"line":9,"column":559}},"15":{"start":{"line":9,"column":407},"end":{"line":9,"column":475}},"16":{"start":{"line":9,"column":423},"end":{"line":9,"column":475}},"17":{"start":{"line":9,"column":476},"end":{"line":9,"column":536}},"18":{"start":{"line":9,"column":493},"end":{"line":9,"column":536}},"19":{"start":{"line":9,"column":537},"end":{"line":9,"column":556}},"20":{"start":{"line":11,"column":0},"end":{"line":11,"column":26}},"21":{"start":{"line":13,"column":0},"end":{"line":13,"column":41}},"22":{"start":{"line":15,"column":0},"end":{"line":15,"column":32}},"23":{"start":{"line":17,"column":0},"end":{"line":17,"column":47}},"24":{"start":{"line":19,"column":0},"end":{"line":19,"column":34}},"25":{"start":{"line":21,"column":0},"end":{"line":21,"column":47}},"26":{"start":{"line":23,"column":0},"end":{"line":23,"column":38}},"27":{"start":{"line":25,"column":0},"end":{"line":25,"column":40}},"28":{"start":{"line":27,"column":0},"end":{"line":27,"column":95}},"29":{"start":{"line":27,"column":39},"end":{"line":27,"column":93}},"30":{"start":{"line":29,"column":0},"end":{"line":29,"column":153}},"31":{"start":{"line":29,"column":50},"end":{"line":29,"column":151}},"32":{"start":{"line":29,"column":92},"end":{"line":29,"column":149}},"33":{"start":{"line":37,"column":0},"end":{"line":353,"column":4}},"34":{"start":{"line":38,"column":2},"end":{"line":47,"column":3}},"35":{"start":{"line":39,"column":4},"end":{"line":39,"column":39}},"36":{"start":{"line":41,"column":4},"end":{"line":41,"column":25}},"37":{"start":{"line":43,"column":4},"end":{"line":46,"column":5}},"38":{"start":{"line":44,"column":6},"end":{"line":44,"column":26}},"39":{"start":{"line":45,"column":6},"end":{"line":45,"column":21}},"40":{"start":{"line":49,"column":2},"end":{"line":350,"column":6}},"41":{"start":{"line":52,"column":6},"end":{"line":52,"column":89}},"42":{"start":{"line":54,"column":6},"end":{"line":54,"column":18}},"43":{"start":{"line":59,"column":6},"end":{"line":59,"column":94}},"44":{"start":{"line":61,"column":6},"end":{"line":61,"column":18}},"45":{"start":{"line":66,"column":6},"end":{"line":66,"column":106}},"46":{"start":{"line":68,"column":6},"end":{"line":68,"column":18}},"47":{"start":{"line":73,"column":6},"end":{"line":73,"column":110}},"48":{"start":{"line":75,"column":6},"end":{"line":75,"column":18}},"49":{"start":{"line":80,"column":6},"end":{"line":88,"column":7}},"50":{"start":{"line":81,"column":8},"end":{"line":81,"column":133}},"51":{"start":{"line":84,"column":8},"end":{"line":84,"column":35}},"52":{"start":{"line":85,"column":8},"end":{"line":85,"column":31}},"53":{"start":{"line":86,"column":8},"end":{"line":86,"column":30}},"54":{"start":{"line":87,"column":8},"end":{"line":87,"column":20}},"55":{"start":{"line":90,"column":6},"end":{"line":90,"column":18}},"56":{"start":{"line":95,"column":6},"end":{"line":95,"column":136}},"57":{"start":{"line":97,"column":6},"end":{"line":97,"column":18}},"58":{"start":{"line":102,"column":6},"end":{"line":102,"column":168}},"59":{"start":{"line":104,"column":6},"end":{"line":104,"column":177}},"60":{"start":{"line":106,"column":6},"end":{"line":106,"column":18}},"61":{"start":{"line":111,"column":6},"end":{"line":111,"column":171}},"62":{"start":{"line":113,"column":6},"end":{"line":113,"column":182}},"63":{"start":{"line":115,"column":6},"end":{"line":115,"column":18}},"64":{"start":{"line":120,"column":6},"end":{"line":120,"column":163}},"65":{"start":{"line":122,"column":6},"end":{"line":122,"column":126}},"66":{"start":{"line":124,"column":6},"end":{"line":124,"column":18}},"67":{"start":{"line":129,"column":6},"end":{"line":129,"column":166}},"68":{"start":{"line":131,"column":6},"end":{"line":131,"column":131}},"69":{"start":{"line":133,"column":6},"end":{"line":133,"column":18}},"70":{"start":{"line":138,"column":6},"end":{"line":138,"column":133}},"71":{"start":{"line":140,"column":6},"end":{"line":140,"column":18}},"72":{"start":{"line":145,"column":6},"end":{"line":145,"column":138}},"73":{"start":{"line":147,"column":6},"end":{"line":147,"column":18}},"74":{"start":{"line":152,"column":6},"end":{"line":152,"column":136}},"75":{"start":{"line":154,"column":6},"end":{"line":154,"column":119}},"76":{"start":{"line":156,"column":6},"end":{"line":156,"column":114}},"77":{"start":{"line":158,"column":6},"end":{"line":158,"column":18}},"78":{"start":{"line":163,"column":6},"end":{"line":163,"column":145}},"79":{"start":{"line":165,"column":6},"end":{"line":165,"column":128}},"80":{"start":{"line":167,"column":6},"end":{"line":167,"column":127}},"81":{"start":{"line":169,"column":6},"end":{"line":169,"column":18}},"82":{"start":{"line":174,"column":6},"end":{"line":174,"column":139}},"83":{"start":{"line":176,"column":6},"end":{"line":176,"column":122}},"84":{"start":{"line":178,"column":6},"end":{"line":178,"column":117}},"85":{"start":{"line":180,"column":6},"end":{"line":180,"column":18}},"86":{"start":{"line":185,"column":6},"end":{"line":185,"column":148}},"87":{"start":{"line":187,"column":6},"end":{"line":187,"column":131}},"88":{"start":{"line":189,"column":6},"end":{"line":189,"column":130}},"89":{"start":{"line":191,"column":6},"end":{"line":191,"column":18}},"90":{"start":{"line":196,"column":6},"end":{"line":199,"column":7}},"91":{"start":{"line":197,"column":8},"end":{"line":197,"column":32}},"92":{"start":{"line":198,"column":8},"end":{"line":198,"column":29}},"93":{"start":{"line":201,"column":6},"end":{"line":201,"column":68}},"94":{"start":{"line":201,"column":33},"end":{"line":201,"column":68}},"95":{"start":{"line":203,"column":6},"end":{"line":203,"column":27}},"96":{"start":{"line":205,"column":6},"end":{"line":213,"column":7}},"97":{"start":{"line":206,"column":8},"end":{"line":206,"column":84}},"98":{"start":{"line":207,"column":13},"end":{"line":213,"column":7}},"99":{"start":{"line":208,"column":8},"end":{"line":208,"column":85}},"100":{"start":{"line":209,"column":13},"end":{"line":213,"column":7}},"101":{"start":{"line":210,"column":8},"end":{"line":210,"column":70}},"102":{"start":{"line":212,"column":8},"end":{"line":212,"column":130}},"103":{"start":{"line":215,"column":6},"end":{"line":215,"column":98}},"104":{"start":{"line":217,"column":6},"end":{"line":217,"column":18}},"105":{"start":{"line":222,"column":6},"end":{"line":225,"column":7}},"106":{"start":{"line":223,"column":8},"end":{"line":223,"column":32}},"107":{"start":{"line":224,"column":8},"end":{"line":224,"column":29}},"108":{"start":{"line":227,"column":6},"end":{"line":227,"column":68}},"109":{"start":{"line":227,"column":33},"end":{"line":227,"column":68}},"110":{"start":{"line":229,"column":6},"end":{"line":229,"column":27}},"111":{"start":{"line":231,"column":6},"end":{"line":239,"column":7}},"112":{"start":{"line":232,"column":8},"end":{"line":232,"column":84}},"113":{"start":{"line":233,"column":13},"end":{"line":239,"column":7}},"114":{"start":{"line":234,"column":8},"end":{"line":234,"column":85}},"115":{"start":{"line":235,"column":13},"end":{"line":239,"column":7}},"116":{"start":{"line":236,"column":8},"end":{"line":236,"column":70}},"117":{"start":{"line":238,"column":8},"end":{"line":238,"column":130}},"118":{"start":{"line":241,"column":6},"end":{"line":241,"column":99}},"119":{"start":{"line":243,"column":6},"end":{"line":243,"column":18}},"120":{"start":{"line":248,"column":6},"end":{"line":248,"column":23}},"121":{"start":{"line":250,"column":6},"end":{"line":253,"column":7}},"122":{"start":{"line":251,"column":8},"end":{"line":251,"column":29}},"123":{"start":{"line":252,"column":8},"end":{"line":252,"column":26}},"124":{"start":{"line":255,"column":6},"end":{"line":255,"column":57}},"125":{"start":{"line":255,"column":30},"end":{"line":255,"column":57}},"126":{"start":{"line":257,"column":6},"end":{"line":257,"column":161}},"127":{"start":{"line":259,"column":6},"end":{"line":259,"column":151}},"128":{"start":{"line":261,"column":6},"end":{"line":263,"column":9}},"129":{"start":{"line":262,"column":8},"end":{"line":262,"column":45}},"130":{"start":{"line":265,"column":6},"end":{"line":265,"column":115}},"131":{"start":{"line":267,"column":6},"end":{"line":267,"column":18}},"132":{"start":{"line":272,"column":6},"end":{"line":274,"column":7}},"133":{"start":{"line":273,"column":8},"end":{"line":273,"column":41}},"134":{"start":{"line":276,"column":6},"end":{"line":276,"column":66}},"135":{"start":{"line":281,"column":6},"end":{"line":281,"column":24}},"136":{"start":{"line":283,"column":6},"end":{"line":286,"column":7}},"137":{"start":{"line":284,"column":8},"end":{"line":284,"column":29}},"138":{"start":{"line":285,"column":8},"end":{"line":285,"column":26}},"139":{"start":{"line":288,"column":6},"end":{"line":288,"column":57}},"140":{"start":{"line":288,"column":30},"end":{"line":288,"column":57}},"141":{"start":{"line":290,"column":6},"end":{"line":290,"column":161}},"142":{"start":{"line":292,"column":6},"end":{"line":292,"column":151}},"143":{"start":{"line":294,"column":6},"end":{"line":296,"column":9}},"144":{"start":{"line":295,"column":8},"end":{"line":295,"column":46}},"145":{"start":{"line":298,"column":6},"end":{"line":298,"column":116}},"146":{"start":{"line":300,"column":6},"end":{"line":300,"column":18}},"147":{"start":{"line":305,"column":6},"end":{"line":307,"column":7}},"148":{"start":{"line":306,"column":8},"end":{"line":306,"column":43}},"149":{"start":{"line":309,"column":6},"end":{"line":309,"column":66}},"150":{"start":{"line":314,"column":6},"end":{"line":314,"column":28}},"151":{"start":{"line":316,"column":6},"end":{"line":316,"column":131}},"152":{"start":{"line":318,"column":6},"end":{"line":318,"column":83}},"153":{"start":{"line":320,"column":6},"end":{"line":320,"column":18}},"154":{"start":{"line":325,"column":6},"end":{"line":327,"column":7}},"155":{"start":{"line":326,"column":8},"end":{"line":326,"column":47}},"156":{"start":{"line":329,"column":6},"end":{"line":329,"column":28}},"157":{"start":{"line":331,"column":6},"end":{"line":331,"column":135}},"158":{"start":{"line":333,"column":6},"end":{"line":335,"column":56}},"159":{"start":{"line":334,"column":8},"end":{"line":334,"column":69}},"160":{"start":{"line":337,"column":6},"end":{"line":337,"column":18}},"161":{"start":{"line":342,"column":6},"end":{"line":342,"column":28}},"162":{"start":{"line":344,"column":6},"end":{"line":344,"column":134}},"163":{"start":{"line":346,"column":6},"end":{"line":346,"column":100}},"164":{"start":{"line":348,"column":6},"end":{"line":348,"column":18}},"165":{"start":{"line":352,"column":2},"end":{"line":352,"column":21}},"166":{"start":{"line":355,"column":0},"end":{"line":370,"column":2}},"167":{"start":{"line":356,"column":2},"end":{"line":356,"column":28}},"168":{"start":{"line":358,"column":2},"end":{"line":369,"column":4}},"169":{"start":{"line":359,"column":4},"end":{"line":362,"column":5}},"170":{"start":{"line":360,"column":6},"end":{"line":360,"column":27}},"171":{"start":{"line":361,"column":6},"end":{"line":361,"column":28}},"172":{"start":{"line":364,"column":4},"end":{"line":366,"column":5}},"173":{"start":{"line":365,"column":6},"end":{"line":365,"column":37}},"174":{"start":{"line":368,"column":4},"end":{"line":368,"column":32}},"175":{"start":{"line":372,"column":0},"end":{"line":378,"column":164}},"176":{"start":{"line":373,"column":2},"end":{"line":373,"column":141}},"177":{"start":{"line":375,"column":2},"end":{"line":375,"column":25}},"178":{"start":{"line":377,"column":2},"end":{"line":377,"column":14}},"179":{"start":{"line":380,"column":0},"end":{"line":388,"column":153}},"180":{"start":{"line":381,"column":2},"end":{"line":381,"column":12}},"181":{"start":{"line":383,"column":2},"end":{"line":383,"column":138}},"182":{"start":{"line":385,"column":2},"end":{"line":385,"column":87}},"183":{"start":{"line":385,"column":24},"end":{"line":385,"column":87}},"184":{"start":{"line":387,"column":2},"end":{"line":387,"column":14}},"185":{"start":{"line":390,"column":0},"end":{"line":406,"column":2}},"186":{"start":{"line":408,"column":0},"end":{"line":410,"column":1}},"187":{"start":{"line":409,"column":2},"end":{"line":409,"column":106}},"188":{"start":{"line":409,"column":37},"end":{"line":409,"column":106}},"189":{"start":{"line":410,"column":1},"end":{"line":410,"column":31}}},"branchMap":{"1":{"line":7,"type":"cond-expr","locations":[{"start":{"line":7,"column":84},"end":{"line":7,"column":121}},{"start":{"line":7,"column":124},"end":{"line":7,"column":240}}]},"2":{"line":7,"type":"binary-expr","locations":[{"start":{"line":7,"column":14},"end":{"line":7,"column":42}},{"start":{"line":7,"column":46},"end":{"line":7,"column":81}}]},"3":{"line":7,"type":"cond-expr","locations":[{"start":{"line":7,"column":216},"end":{"line":7,"column":224}},{"start":{"line":7,"column":227},"end":{"line":7,"column":237}}]},"4":{"line":7,"type":"binary-expr","locations":[{"start":{"line":7,"column":148},"end":{"line":7,"column":151}},{"start":{"line":7,"column":155},"end":{"line":7,"column":183}},{"start":{"line":7,"column":187},"end":{"line":7,"column":213}}]},"5":{"line":9,"type":"binary-expr","locations":[{"start":{"line":9,"column":168},"end":{"line":9,"column":189}},{"start":{"line":9,"column":193},"end":{"line":9,"column":198}}]},"6":{"line":9,"type":"if","locations":[{"start":{"line":9,"column":232},"end":{"line":9,"column":232}},{"start":{"line":9,"column":232},"end":{"line":9,"column":232}}]},"7":{"line":9,"type":"if","locations":[{"start":{"line":9,"column":407},"end":{"line":9,"column":407}},{"start":{"line":9,"column":407},"end":{"line":9,"column":407}}]},"8":{"line":9,"type":"if","locations":[{"start":{"line":9,"column":476},"end":{"line":9,"column":476}},{"start":{"line":9,"column":476},"end":{"line":9,"column":476}}]},"9":{"line":27,"type":"cond-expr","locations":[{"start":{"line":27,"column":70},"end":{"line":27,"column":73}},{"start":{"line":27,"column":76},"end":{"line":27,"column":92}}]},"10":{"line":27,"type":"binary-expr","locations":[{"start":{"line":27,"column":46},"end":{"line":27,"column":49}},{"start":{"line":27,"column":53},"end":{"line":27,"column":67}}]},"11":{"line":29,"type":"if","locations":[{"start":{"line":29,"column":50},"end":{"line":29,"column":50}},{"start":{"line":29,"column":50},"end":{"line":29,"column":50}}]},"12":{"line":43,"type":"if","locations":[{"start":{"line":43,"column":4},"end":{"line":43,"column":4}},{"start":{"line":43,"column":4},"end":{"line":43,"column":4}}]},"13":{"line":52,"type":"binary-expr","locations":[{"start":{"line":52,"column":41},"end":{"line":52,"column":48}},{"start":{"line":52,"column":52},"end":{"line":52,"column":74}}]},"14":{"line":59,"type":"binary-expr","locations":[{"start":{"line":59,"column":42},"end":{"line":59,"column":49}},{"start":{"line":59,"column":53},"end":{"line":59,"column":79}}]},"15":{"line":66,"type":"binary-expr","locations":[{"start":{"line":66,"column":51},"end":{"line":66,"column":58}},{"start":{"line":66,"column":62},"end":{"line":66,"column":84}}]},"16":{"line":73,"type":"binary-expr","locations":[{"start":{"line":73,"column":51},"end":{"line":73,"column":58}},{"start":{"line":73,"column":62},"end":{"line":73,"column":88}}]},"17":{"line":81,"type":"binary-expr","locations":[{"start":{"line":81,"column":75},"end":{"line":81,"column":82}},{"start":{"line":81,"column":86},"end":{"line":81,"column":111}}]},"18":{"line":95,"type":"binary-expr","locations":[{"start":{"line":95,"column":74},"end":{"line":95,"column":81}},{"start":{"line":95,"column":85},"end":{"line":95,"column":114}}]},"19":{"line":104,"type":"binary-expr","locations":[{"start":{"line":104,"column":105},"end":{"line":104,"column":112}},{"start":{"line":104,"column":116},"end":{"line":104,"column":141}}]},"20":{"line":104,"type":"binary-expr","locations":[{"start":{"line":104,"column":156},"end":{"line":104,"column":161}},{"start":{"line":104,"column":165},"end":{"line":104,"column":175}}]},"21":{"line":113,"type":"binary-expr","locations":[{"start":{"line":113,"column":106},"end":{"line":113,"column":113}},{"start":{"line":113,"column":117},"end":{"line":113,"column":146}}]},"22":{"line":113,"type":"binary-expr","locations":[{"start":{"line":113,"column":161},"end":{"line":113,"column":166}},{"start":{"line":113,"column":170},"end":{"line":113,"column":180}}]},"23":{"line":120,"type":"binary-expr","locations":[{"start":{"line":120,"column":28},"end":{"line":120,"column":61}},{"start":{"line":120,"column":65},"end":{"line":120,"column":90}}]},"24":{"line":122,"type":"binary-expr","locations":[{"start":{"line":122,"column":69},"end":{"line":122,"column":76}},{"start":{"line":122,"column":80},"end":{"line":122,"column":104}}]},"25":{"line":129,"type":"binary-expr","locations":[{"start":{"line":129,"column":28},"end":{"line":129,"column":61}},{"start":{"line":129,"column":65},"end":{"line":129,"column":90}}]},"26":{"line":131,"type":"binary-expr","locations":[{"start":{"line":131,"column":70},"end":{"line":131,"column":77}},{"start":{"line":131,"column":81},"end":{"line":131,"column":109}}]},"27":{"line":138,"type":"binary-expr","locations":[{"start":{"line":138,"column":73},"end":{"line":138,"column":80}},{"start":{"line":138,"column":84},"end":{"line":138,"column":109}}]},"28":{"line":145,"type":"binary-expr","locations":[{"start":{"line":145,"column":74},"end":{"line":145,"column":81}},{"start":{"line":145,"column":85},"end":{"line":145,"column":114}}]},"29":{"line":156,"type":"binary-expr","locations":[{"start":{"line":156,"column":49},"end":{"line":156,"column":56}},{"start":{"line":156,"column":60},"end":{"line":156,"column":92}}]},"30":{"line":167,"type":"binary-expr","locations":[{"start":{"line":167,"column":50},"end":{"line":167,"column":57}},{"start":{"line":167,"column":61},"end":{"line":167,"column":105}}]},"31":{"line":178,"type":"binary-expr","locations":[{"start":{"line":178,"column":49},"end":{"line":178,"column":56}},{"start":{"line":178,"column":60},"end":{"line":178,"column":95}}]},"32":{"line":189,"type":"binary-expr","locations":[{"start":{"line":189,"column":50},"end":{"line":189,"column":57}},{"start":{"line":189,"column":61},"end":{"line":189,"column":108}}]},"33":{"line":196,"type":"if","locations":[{"start":{"line":196,"column":6},"end":{"line":196,"column":6}},{"start":{"line":196,"column":6},"end":{"line":196,"column":6}}]},"34":{"line":201,"type":"if","locations":[{"start":{"line":201,"column":6},"end":{"line":201,"column":6}},{"start":{"line":201,"column":6},"end":{"line":201,"column":6}}]},"35":{"line":205,"type":"if","locations":[{"start":{"line":205,"column":6},"end":{"line":205,"column":6}},{"start":{"line":205,"column":6},"end":{"line":205,"column":6}}]},"36":{"line":207,"type":"if","locations":[{"start":{"line":207,"column":13},"end":{"line":207,"column":13}},{"start":{"line":207,"column":13},"end":{"line":207,"column":13}}]},"37":{"line":209,"type":"if","locations":[{"start":{"line":209,"colu
[...]
eturn Map.prototype.forEach;","\t\t\t}","\t\t\treturn null;","\t\t}());","","\t\tvar setForEach = (function () {","\t\t\tif (typeof Set !== 'function') { return null; }","\t\t\ttry {","\t\t\t\tSet.prototype.forEach.call({}, function () {});","\t\t\t} catch (e) {","\t\t\t\treturn Set.prototype.forEach;","\t\t\t}","\t\t\treturn null;","\t\t}());","","\t\treturn { Map: mapForEach, Set: setForEach };","\t};","","","/***/ },","/* 31 */","/***/ function(module, exports, __webpack_require__) {","","\t'use strict';","","\tObject.defineProperty(exports, \"__esModule\", {","\t  value: true","\t});","","\tvar _Expectation = __webpack_require__(1);","","\tvar _Expectation2 = _interopRequireDefault(_Expectation);","","\tfunction _interopRequireDefault(obj) { return obj && obj.__esModule ? obj : { default: obj }; }","","\tvar Extensions = [];","","\tfunction extend(extension) {","\t  if (Extensions.indexOf(extension) === -1) {","\t    Extensions.push(extension);","","\t    for (var p in extension) {","\t      if (extension.hasOwnProperty(p)) _Expectation2.default.prototype[p] = extension[p];","\t    }","\t  }","\t}","","\texports.default = extend;","","/***/ }","/******/ ])","});",";"],"l":{"1":1,"2":1,"3":1,"4":0,"5":0,"6":0,"7":0,"9":0,"11":1,"13":1,"16":1,"19":43,"20":11,"23":32,"30":32,"33":32,"36":32,"41":1,"44":1,"47":1,"50":1,"59":1,"61":1,"63":1,"65":1,"67":1,"69":1,"71":1,"73":3,"75":1,"76":0,"79":1,"80":1,"81":1,"82":1,"83":1,"84":1,"86":1,"94":1,"98":1,"100":25,"102":1,"104":1,"106":1,"108":1,"110":1,"112":1,"114":1,"116":1,"118":3,"120":1,"128":1,"129":1,"130":0,"132":0,"134":0,"135":0,"136":0,"140":1,"143":0,"145":0,"150":0,"152":0,"157":0,"159":0,"164":0,"166":0,"171":0,"172":0,"175":0,"176":0,"177":0,"178":0,"181":0,"186":0,"188":0,"193":0,"195":0,"197":0,"202":0,"204":0,"206":0,"211":0,"213":0,"215":0,"220":0,"222":0,"224":0,"229":0,"231":0,"236":0,"238":0,"243":0,"245":0,"247":0,"249":0,"254":0,"256":0,"258":0,"260":0,"265":0,"267":0,"269":0,"271":0,"276":0,"278":0,"280":0,"282":0,"287":0,"288":0,"289":0,"292":0,"294":0,"296":0,"297":0,"298":0,"299":0,"300":0,"301":0,"303":0,"306":0,"308":0,"313":0,"314":0,"315":0,"318":0,"320":0,"322":0,"323":0,"324":0,"325":0,"326":0,"327":0,"329":0,"332":0,"334":0,"339":0,"341":0,"342":0,"343":0,"346":0,"348":0,"350":0,"352":0,"353":0,"356":0,"358":0,"363":0,"364":0,"367":0,"372":0,"374":0,"375":0,"376":0,"379":0,"381":0,"383":0,"385":0,"386":0,"389":0,"391":0,"396":0,"397":0,"400":0,"405":0,"407":0,"409":0,"411":0,"416":0,"417":0,"420":0,"422":0,"424":0,"425":0,"428":0,"433":0,"435":0,"437":0,"439":0,"443":1,"446":1,"447":2,"449":2,"450":0,"451":0,"452":0,"455":0,"456":0,"459":0,"463":1,"464":0,"466":0,"468":0,"471":1,"472":0,"474":0,"476":0,"478":0,"481":1,"499":1,"500":15,"501":1,"507":1,"509":1,"516":1,"518":1,"525":1,"526":1,"527":1,"528":1,"530":1,"531":0,"532":0,"533":0,"535":0,"537":0,"538":0,"539":0,"540":0,"544":0,"545":0,"547":0,"549":0,"556":0,"557":0,"558":0,"559":0,"562":0,"564":0,"565":0,"566":0,"567":0,"568":0,"571":0,"579":1,"581":1,"582":0,"585":1,"587":1,"588":0,"592":1,"595":1,"596":0,"597":0,"598":0,"600":0,"601":0,"603":0,"604":0,"606":0,"607":0,"609":0,"610":0,"613":0,"616":0,"617":0,"618":0,"620":0,"621":0,"622":0,"624":0,"625":0,"626":0,"628":0,"629":0,"630":0,"632":0,"633":0,"634":0,"636":0,"637":0,"638":0,"639":0,"641":0,"642":0,"643":0,"645":0,"646":0,"647":0,"649":0,"650":0,"651":0,"653":0,"654":0,"655":0,"657":0,"658":0,"659":0,"661":0,"662":0,"663":0,"665":0,"666":0,"667":0,"669":0,"670":0,"671":0,"673":0,"674":0,"675":0,"677":0,"678":0,"679":0,"685":0,"686":0,"687":0,"688":0,"690":0,"692":0,"694":0,"699":0,"700":0,"701":0,"702":0,"705":0,"710":0,"711":0,"712":0,"713":0,"714":0,"716":0,"717":0,"718":0,"719":0,"720":0,"723":0,"724":0,"726":0,"727":0,"731":1,"742":1,"743":1,"744":1,"745":1,"746":1,"748":1,"749":0,"750":0,"752":0,"753":0,"754":0,"756":0,"758":0,"759":0,"763":1,"764":0,"765":0,"767":0,"768":0,"770":0,"771":0,"772":0,"773":0,"774":0,"775":0,"776":0,"779":0,"780":0,"782":0,"783":0,"784":0,"787":1,"788":0,"789":0,"790":0,"791":0,"794":0,"795":0,"796":0,"801":1,"802":0,"803":0,"805":1,"806":0,"808":1,"809":1,"810":1,"811":1,"812":1,"813":1,"815":1,"817":1,"818":1,"819":1,"820":1,"821":1,"822":1,"823":1,"825":1,"826":0,"829":1,"830":1,"831":0,"833":1,"840":1,"850":1,"851":1,"852":1,"854":1,"855":1,"856":1,"857":1,"859":1,"888":1,"892":1,"893":1,"894":1,"895":1,"896":1,"897":1,"898":1,"903":0,"907":1,"908":0,"925":1,"926":0,"928":0,"929":0,"932":0,"933":0,"934":0,"938":0,"939":0,"943":0,"944":0,"948":0,"951":1,"952":0,"953":0,"954":0,"955":0,"958":0,"961":1,"962":0,"965":0,"966":0,"968":0,"969":0,"972":1,"973":0,"975":0,"977":0,"978":0,"981":0,"982":0,"983":0,"985":0,"986":0,"990":0,"992":0,"995":1,"996":0,"997":0,"998":0,"999":0,"1002":1,"1003":0,"1004":0,"1005":0,"1006":0,"1008":0,"1012":1,"1013":0,"1014":0,"1018":0,"1019":0,"1021":0,"1024":1,"1025":0,"1027":0,"1028":0,"1031":0,"1033":0,"1036":1,"1037":0,"1038":0,"1039":0,"1040":0,"1042":0,"1047":1,"1048":0,"1049":0,"1051":0,"1052":0,"1053":0,"1055":0,"1057":0,"1058":0,"1060":0,"1063":1,"1064":1,"1065":1,"1068":0,"1069":0,"1072":1,"1073":0,"1075":0,"1076":0,"1079":0,"1080":0,"1083":0,"1084":0,"1086":0,"1089":1,"1092":0,"1093":0,"1096":0,"1099":1,"1100":0,"1102":0,"1103":0,"1104":0,"1107":1,"1108":0,"1111":1,"1112":0,"1113":0,"1116":0,"1118":0,"1119":0,"1121":0,"1122":0,"1123":0,"1124":0,"1126":0,"1129":0,"1130":0,"1131":0,"1134":0,"1135":0,"1136":0,"1139":1,"1140":0,"1152":0,"1154":0,"1158":1,"1159":0,"1161":0,"1162":0,"1165":0,"1166":0,"1167":0,"1168":0,"1169":0,"1173":0,"1174":0,"1175":0,"1176":0,"1177":0,"1178":0,"1180":0,"1183":1,"1184":0,"1186":0,"1187":0,"1190":0,"1191":0,"1192":0,"1198":0,"1201":0,"1206":0,"1208":0,"1210":0,"1212":0,"1213":0,"1214":0,"1218":1,"1220":1,"1221":0,"1223":0,"1224":0,"1226":0,"1227":0,"1228":0,"1229":0,"1231":0,"1232":0,"1234":0,"1238":0,"1241":0,"1244":0,"1247":0,"1253":0,"1256":0,"1257":0,"1258":0,"1263":1,"1264":0,"1265":0,"1266":0,"1267":0,"1270":1,"1271":0,"1272":0,"1273":0,"1276":1,"1277":0,"1278":0,"1279":0,"1280":0,"1281":0,"1283":0,"1286":1,"1287":0,"1288":0,"1289":0,"1292":1,"1293":0,"1294":0,"1295":0,"1297":0,"1298":0,"1301":0,"1303":0,"1304":0,"1305":0,"1307":0,"1308":0,"1310":0,"1311":0,"1312":0,"1314":0,"1317":1,"1318":0,"1319":0,"1320":0,"1321":0,"1322":0,"1324":0,"1327":0,"1330":0,"1334":1,"1335":0,"1336":0,"1340":1,"1341":0,"1342":0,"1345":1,"1346":0,"1347":0,"1348":0,"1349":0,"1351":0,"1352":0,"1353":0,"1358":0,"1359":0,"1361":0,"1362":0,"1364":0,"1365":0,"1366":0,"1367":0,"1369":0,"1372":1,"1373":0,"1376":1,"1377":0,"1380":1,"1381":0,"1384":1,"1385":0,"1388":1,"1389":0,"1392":1,"1394":0,"1395":0,"1396":0,"1397":0,"1399":0,"1400":0,"1401":0,"1402":0,"1404":0,"1405":0,"1406":0,"1407":0,"1408":0,"1410":0,"1411":0,"1415":0,"1416":0,"1417":0,"1418":0,"1421":0,"1422":0,"1424":0,"1425":0,"1428":0,"1430":0,"1431":0,"1432":0,"1434":0,"1438":0,"1441":0,"1444":0,"1448":0,"1454":0,"1457":0,"1458":0,"1459":0,"1464":1,"1465":0,"1471":1,"1472":0,"1473":0,"1475":0,"1479":1,"1480":0,"1481":0,"1483":0,"1484":0,"1485":0,"1486":0,"1487":0,"1492":0,"1493":0,"1495":0,"1497":0,"1498":0,"1500":0,"1502":0,"1503":0,"1504":0,"1505":0,"1506":0,"1509":0,"1511":0,"1512":0,"1513":0,"1514":0,"1515":0,"1516":0,"1519":0,"1521":0,"1522":0,"1523":0,"1524":0,"1525":0,"1526":0,"1527":0,"1533":0,"1536":0,"1537":0,"1538":0,"1540":0,"1541":0,"1542":0,"1545":0,"1546":0,"1549":0,"1555":1,"1557":1,"1558":0,"1559":0,"1560":0,"1564":0,"1565":0,"1566":0,"1567":0,"1572":0,"1575":1,"1576":0,"1577":0,"1579":0,"1580":0,"1582":0,"1585":1,"1586":0,"1587":0,"1589":0,"1590":0,"1592":0,"1595":1,"1596":0,"1598":0,"1599":0,"1601":0,"1602":0,"1603":0,"1605":0,"1608":1,"1609":0,"1610":0,"1611":0,"1612":0,"1614":0,"1617":1,"1618":0,"1619":0,"1620":0,"1622":0,"1623":0,"1624":0,"1625":0,"1626":0,"1629":0,"1630":0,"1631":0,"1632":0,"1633":0,"1636":0,"1638":0,"1639":0,"1640":0,"1642":0,"1643":0,"1644":0,"1645":0,"1649":0,"1651":0,"1657":1,"1658":0,"1659":0,"1662":1,"1663":0,"1664":0,"1665":0,"1667":0,"1668":0,"1669":0,"1670":0,"1671":0,"1674":0,"1677":1,"1678":0,"1679":0,"1680":0,"1681":0,"1684":0,"1685":0,"1686":0,"1687":0,"1690":0,"1693":1,"1694":0,"1695":0,"1698":1,"1699":0,"1700":0,"1703":1,"1704":0,"1705":0,"1708":1,"1709":0,"1711":0,"1717":1,"1718":0,"1720":0,"1726":1,"1727":0,"1728":0,"1729":0,"1731":0,"1732":0,"1733":0,"1734":0,"1735":0,"1737":0,"1739":0,"1741":0,"1744":1,"1745":0,"1746":0,"1747":0,"1749":0,"1750":0,"1751":0,"1752":0,"1753":0,"1755":0,"1757":0,"1759":0,"1762":1,"1763":0,"1764":0,"1765":0,"1768":1,"1769":0,"1770":0,"1771":0,"1774":1,"1775":0,"1776":0,"1777":0,"1780":1,"1781":0,"1783":0,"1789":1,"1790":0,"1792":0,"1798":1,"1799":0,"1800":0,"1803":1,"1804":0,"1805":0,"1808":1,"1809":0,"1810":0,"1813":1,"1814":0,"1815":0,"1818":1,"1819":0,"1820":0,"1821":0,"1824":1,"1825":0,"1826":0,"1827":0,"1828":0,"1830":0,"1831":0,"1832":0,"1833":0,"1834":0,"1837":0,"1840":1,"1841":0,"1842":0,"1843":0,"1844":0,"1846":0,"1847":0,"1848":0,"1849":0,"1850":0,"1853":0,"1856":1,"1857":0,"1858":0,"1859":0,"1860":0,"1861":0,"1862":0,"1865":1,"1866":0,"1867":0,"1868":0,"1873":1,"1874":0,"1875":0,"1876":0,"1877":0,"1878":0,"1879":0,"1881":0,"1883":0,"1886":1,"1887":0,"1888":0,"1889":0,"1890":0,"1891":0,"1892":0,"1894":0,"1896":0,"1899":1,"1900":0,"1901":0,"1902":0,"1906":1,"1907":0,"1908":0,"1909":0,"1910":0,"1911":0,"1912":0,"1913":0,"1914":0,"1916":0,"1918":0,"1921":1,"1922":0,"1923":0,"1924":0,"1925":0,"1926":0,"1927":0,"1928":0,"1929":0,"1931":0,"1933":0,"1936":1,"1937":0,"1938":0,"1939":0,"1940":0,"1942":0,"1945":0,"1946":0,"1947":0,"1948":0,"1949":0,"1950":0,"1953":0,"1956":1,"1957":0,"1958":0,"1959":0,"1960":0,"1962":0,"1965":0,"1966":0,"1967":0,"1968":0,"1969":0,"1970":0,"1973":0,"1976":1,"1977":0,"1978":0,"1979":0,"1980":0,"1981":0,"1982":0,"1983":0,"1986":1,"1987":0,"1988":0,"1989":0,"1990":0,"1991":0,"1992":0,"1994":0,"1996":0,"1999":1,"2000":0,"2001":0,"2002":0,"2003":0,"2004":0,"2005":0,"2007":0,"2009":0,"2012":1,"2013":0,"2014":0,"2015":0,"2016":0,"2017":0,"2018":0,"2019":0,"2020":0,"2022":0,"2024":0,"2027":1,"2028":0,"2029":0,"2030":0,"2031":0,"2032":0,"2033":0,"2034":0,"2035":0,"2036":0,"2038":0,"2040":0,"2043":1,"2044":0,"2045":0,"2046":0,"2049":1,"2050":0,"2051":0,"2053":0,"2054":0,"2057":1,"2058":0,"2061":1,"2062":0,"2065":1,"2066":0,"2067":0,"2069":0,"2070":0,"2073":1,"2074":0,"2077":1,"2078":0,"2082":1,"2083":0,"2084":0,"2085":0,"2086":0,"2087":0,"2090":0,"2091":0,"2094":0,"2095":0,"2097":0,"2098":0,"2101":0,"2102":0,"2103":0,"2106":0,"2107":0,"2109":0,"2111":0,"2112":0,"2114":0,"2116":0,"2117":0,"2120":0,"2123":0,"2127":1,"2128":0,"2129":0,"2130":0,"2132":0,"2135":0,"2136":0,"2138":0,"2139":0,"2141":0,"2142":0,"2143":0,"2144":0,"2147":0,"2148":0,"2149":0,"2150":0,"2154":0,"2161":1,"2162":0,"2163":0,"2164":0,"2166":0,"2167":0,"2168":0,"2170":0,"2173":0,"2180":1,"2185":1,"2186":0,"2187":0,"2190":0,"2193":0,"2194":0,"2196":0,"2197":0,"2198":0,"2199":0,"2200":0,"2201":0,"2202":0,"2203":0,"2204":0,"2205":0,"2206":0,"2207":0,"2208":0,"2209":0,"2210":0,"2211":0,"2212":0,"2213":0,"2214":0,"2215":0,"2216":0,"2217":0,"2218":0,"2219":0,"2220":0,"2221":0,"2222":0,"2223":0,"2224":0,"2225":0,"2226":0,"2227":0,"2228":0,"2229":0,"2230":0,"2231":0,"2232":0,"2233":0,"2234":0,"2235":0,"2236":0,"2237":0,"2238":0,"2239":0,"2240":0,"2241":0,"2242":0,"2243":0,"2245":0,"2248":1,"2250":1,"2252":0,"2254":0,"2256":0,"2257":0,"2259":0,"2262":1,"2263":0,"2264":0,"2267":1,"2268":0,"2269":0,"2272":1,"2273":0,"2274":0,"2275":0,"2276":0,"2277":0,"2279":0,"2280":0,"2283":0,"2285":0,"2287":0,"2289":0,"2290":0,"2291":0,"2293":0,"2294":0,"2298":0,"2300":0,"2304":0,"2305":0,"2306":0,"2307":0,"2311":0,"2312":0,"2314":0,"2317":0,"2320":0,"2321":0,"2322":0,"2323":0,"2324":0,"2325":0,"2329":0,"2330":0,"2331":0,"2336":0,"2337":0,"2338":0,"2345":0,"2349":0,"2352":1,"2353":0,"2354":0,"2356":0,"2358":0,"2361":1,"2362":0,"2363":0,"2364":0,"2365":0,"2367":0,"2368":0,"2369":0,"2370":0,"2371":0,"2374":0,"2377":1,"2378":0,"2381":1,"2382":0,"2383":0,"2384":0,"2386":0,"2389":1,"2395":1,"2397":1,"2400":1,"2404":1,"2405":1,"2406":1,"2407":1,"2408":1,"2409":1,"2410":1,"2412":1,"2413":0,"2414":0,"2416":0,"2417":0,"2419":0,"2420":0,"2421":0,"2422":0,"2423":0,"2424":0,"2425":0,"2426":0,"2427":0,"2430":1,"2431":0,"2433":0,"2434":0,"2442":0,"2443":0,"2446":0,"2449":0,"2451":0,"2453":1,"2454":0,"2457":0,"2458":0,"2459":0,"2460":0,"2461":0,"2464":0,"2465":0,"2466":0,"2467":0,"2468":0,"2469":0,"2470":0,"2473":0,"2476":1,"2477":0,"2482":1,"2483":0,"2486":1,"2487":0,"2491":0,"2492":0,"2493":0,"2497":0,"2499":0,"2500":0,"2501":0,"2502":0,"2503":0,"2505":0,"2506":0,"2507":0,"2508":0,"2509":0,"2510":0,"2513":0,"2516":1,"2517":1,"2525":1,"2526":0,"2527":0,"2528":0,"2529":0,"2530":0,"2531":0,"2532":0,"2533":0,"2535":0,"2537":0,"2538":0,"2539":0,"2540":0,"2542":0,"2543":0,"2544":0,"2545":0,"2547":0,"2548":0,"2549":0,"2550":0,"2552":0,"2553":0,"2555":0,"2558":1,"2559":0,"2560":0,"2561":0,"2562":0,"2563":0,"2564":0,"2565":0,"2566":0,"2568":0,"2570":0,"2571":0,"2572":0,"2574":0,"2575":0,"2576":0,"2577":0,"2579":0,"2580":0,"2582":0,"2584":0,"2585":0,"2586":0,"2589":0,"2590":0,"2591":0,"2592":0,"2593":0,"2594":0,"2596":0,"2597":0,"2601":0,"2603":0,"2604":0,"2605":0,"2607":0,"2615":1,"2617":1,"2618":0,"2628":1,"2632":1,"2634":1,"2636":1,"2638":1,"2639":0,"2640":0,"2641":0,"2645":1,"2646":0,"2647":0,"2650":0,"2652":0,"2654":0,"2657":1,"2663":1,"2664":1,"2665":1,"2666":1,"2667":1,"2668":1,"2669":1,"2670":1,"2671":1,"2673":1,"2674":0,"2676":0,"2677":0,"2678":0,"2679":0,"2682":0,"2683":0,"2684":0,"2687":1,"2688":0,"2689":0,"2690":0,"2692":0,"2695":0,"2696":0,"2698":0,"2699":0,"2700":0,"2702":0,"2703":0,"2705":0,"2706":0,"2707":0,"2709":0,"2710":0,"2711":0,"2712":0,"2713":0,"2715":0,"2716":0,"2717":0,"2718":0,"2720":0,"2721":0,"2722":0,"2723":0,"2724":0,"2726":0,"2728":0,"2729":0,"2730":0,"2731":0,"2733":0,"2734":0,"2737":0,"2740":0,"2741":0,"2743":0,"2744":0,"2746":0,"2747":0,"2748":0,"2749":0,"2751":0,"2753":0,"2754":0,"2755":0,"2756":0,"2758":0,"2760":0,"2761":0,"2763":0,"2764":0,"2766":0,"2767":0,"2769":0,"2770":0,"2772":0,"2773":0,"2774":0,"2775":0,"2777":0,"2778":0,"2779":0,"2780":0,"2781":0,"2783":0,"2785":0,"2786":0,"2788":0,"2791":1,"2792":0,"2795":1,"2796":1,"2797":1,"2798":1,"2799":1,"2800":1,"2801":1,"2802":1,"2804":1,"2805":1,"2806":0,"2809":1,"2810":0,"2813":1,"2814":0,"2815":0,"2816":0,"2819":1,"2820":0,"2821":0,"2822":0,"2824":0,"2827":1,"2828":0,"2829":0,"2831":0,"2832":0,"2833":0,"2835":0,"2838":1,"2839":0,"2840":0,"2842":0,"2843":0,"2844":0,"2846":0,"2849":1,"2850":0,"2851":0,"2852":0,"2854":0,"2859":1,"2860":0,"2861":0,"2863":1,"2864":0,"2865":0,"2866":0,"2867":0,"2878":1,"2881":1,"2883":1,"2885":1,"2887":1,"2889":1,"2891":1,"2893":1,"2896":1,"2898":1,"2900":1,"2901":0,"2904":1,"2906":1,"2907":0,"2908":0,"2909":0,"2912":1,"2913":0,"2915":0,"2917":0,"2919":0,"2924":1,"2925":0,"2930":0,"2932":0,"2934":0,"2937":0,"2938":0,"2940":0,"2942":0,"2946":0,"2948":0,"2949":0,"2950":0,"2953":0,"2954":0,"2957":0,"2958":0,"2959":0,"2962":0,"2963":0,"2964":0,"2967":0,"2968":0,"2971":0,"2972":0,"2975":0,"2977":0,"2979":0,"2981":0,"2984":1,"2985":0,"2987":0,"2988":0,"2990":0,"2991":0,"2995":0,"3004":1,"3005":1,"3006":1,"3008":1,"3010":1,"3011":0,"3014":1,"3015":1,"3016":1,"3017":1,"3019":1,"3021":1,"3023":0,"3026":1,"3028":1,"3029":0,"3030":0,"3032":0,"3033":0,"3040":0,"3044":1,"3045":0,"3046":0,"3047":0,"3048":0,"3050":0,"3051":0,"3055":1,"3057":1,"3067":1,"3068":1,"3069":1,"3070":1,"3071":1,"3072":1,"3073":1,"3082":1,"3083":0,"3084":0,"3086":1,"3097":1,"3099":1,"3100":0,"3101":0,"3102":0,"3103":0,"3104":0,"3106":0,"3110":0,"3113":0,"3115":1,"3117":0,"3118":0,"3120":0,"3121":0,"3123":0,"3127":1,"3128":0,"3129":0,"3130":0,"3131":0,"3132":0,"3134":0,"3135":0,"3138":0,"3139":0,"3140":0,"3141":0,"3145":0,"3146":0,"3147":0,"3150":0,"3151":0,"3152":0,"3157":0,"3158":0,"3160":0,"3161":0,"3162":0,"3166":0,"3169":1,"3170":0,"3171":0,"3173":0,"3175":0,"3176":0,"3177":0,"3178":0,"3179":0,"3181":0,"3186":0,"3188":0,"3191":1,"3200":1,"3202":1,"3203":0,"3204":0,"3205":0,"3206":0,"3213":0,"3222":1,"3223":1,"3225":1,"3226":0,"3227":0,"3229":0,"3230":0,"3231":0,"3232":0,"3235":0,"3236":0,"3237":0,"3251":1,"3254":1,"3256":1,"3258":1,"3260":1,"3262":1,"3264":1,"3266":1,"3268":1,"3270":3,"3276":1,"3277":0,"3283":1,"3284":0,"3290":1,"3291":0,"3297":1,"3298":0,"3304":1,"3305":0,"3312":1,"3313":0,"3315":0,"3317":0,"3329":1,"3330":0,"3331":0,"3333":0,"3335":0,"3337":0,"3339":0,"3340":0,"3342":0,"3346":0,"3354":1,"3355":0,"3356":0,"3360":1,"3361":0,"3362":0,"3363":0,"3367":0,"3368":0,"3369":0,"3373":0,"3381":1,"3382":0,"3383":0,"3385":0,"3392":1,"3393":0,"3402":1,"3403":1,"3404":0,"3405":0,"3406":0,"3408":0,"3411":1,"3412":1,"3413":1,"3415":1,"3416":0,"3417":0,"3427":1,"3428":1,"3429":1,"3430":1,"3431":1,"3432":1,"3433":1,"3434":1,"3435":1,"3436":1,"3437":1,"3438":1,"3439":1,"3441":1,"3443":1,"3444":1,"3446":1,"3447":1,"3449":1,"3451":1,"3452":1,"3454":0,"3455":0,"3456":0,"3459":0,"3460":0,"3462":0,"3463":0,"3464":0,"3465":0,"3467":0,"3468":0,"3470":0,"3476":1,"3477":0,"3480":1,"3482":0,"3485":1,"3486":0,"3487":0,"3488":0,"3489":0,"3492":0,"3493":0,"3494":0,"3497":0,"3500":0,"3503":1,"3504":0,"3505":0,"3506":0,"3509":0,"3510":0,"3511":0,"3512":0,"3515":0,"3516":0,"3517":0,"3518":0,"3519":0,"3520":0,"3521":0,"3522":0,"3523":0,"3526":0,"3527":0,"3528":0,"3529":0,"3530":0,"3531":0,"3532":0,"3533":0,"3534":0,"3535":0,"3536":0,"3537":0,"3538":0,"3539":0,"3540":0,"3541":0,"3543":0,"3546":0,"3547":0,"3548":0,"3549":0,"3550":0,"3551":0,"3552":0,"3553":0,"3554":0,"3557":0,"3558":0,"3559":0,"3560":0,"3561":0,"3562":0,"3563":0,"3564":0,"3565":0,"3568":0,"3569":0,"3570":0,"3571":0,"3572":0,"3573":0,"3574":0,"3575":0,"3576":0,"3579":0,"3580":0,"3581":0,"3582":0,"3583":0,"3584":0,"3585":0,"3587":0,"3589":0,"3590":0,"3591":0,"3592":0,"3593":0,"3594":0,"3595":0,"3596":0,"3597":0,"3598":0,"3600":0,"3603":0,"3604":0,"3605":0,"3606":0,"3607":0,"3609":0,"3610":0,"3613":0,"3614":0,"3615":0,"3616":0,"3617":0,"3620":0,"3621":0,"3622":0,"3623":0,"3624":0,"3627":0,"3628":0,"3629":0,"3631":0,"3632":0,"3635":0,"3636":0,"3637":0,"3639":0,"3640":0,"3642":0,"3645":0,"3646":0,"3647":0,"3648":0,"3649":0,"3651":0,"3652":0,"3653":0,"3654":0,"3655":0,"3656":0,"3657":0,"3658":0,"3660":0,"3661":0,"3662":0,"3663":0,"3664":0,"3665":0,"3666":0,"3667":0,"3668":0,"3669":0,"3670":0,"3674":0,"3675":0,"3676":0,"3678":0,"3679":0,"3680":0,"3681":0,"3682":0,"3683":0,"3684":0,"3685":0,"3686":0,"3687":0,"3691":0,"3692":0,"3693":0,"3694":0,"3695":0,"3696":0,"3697":0,"3698":0,"3699":0,"3701":0,"3702":0,"3703":0,"3704":0,"3709":0,"3710":0,"3711":0,"3714":0,"3717":0,"3727":1,"3728":1,"3729":1,"3730":1,"3731":1,"3733":1,"3734":0,"3735":0,"3736":0,"3748":1,"3750":1,"3751":1,"3752":0,"3753":0,"3754":0,"3755":0,"3756":0,"3757":0,"3759":0,"3763":1,"3764":0,"3765":0,"3766":0,"3767":0,"3769":0,"3772":1,"3773":1,"3774":1,"3775":1,"3777":1,"3778":0,"3779":0,"3780":0,"3781":0,"3782":0,"3783":0,"3793":1,"3795":1,"3796":0,"3797":0,"3798":0,"3800":0,"3803":1,"3804":1,"3805":1,"3807":1,"3808":0,"3809":0,"3810":0,"3820":1,"3821":1,"3822":0,"3823":0,"3824":0,"3826":0,"3830":1,"3831":1,"3832":1,"3834":1,"3835":0,"3836":0,"3846":1,"3847":1,"3848":1,"3850":1,"3851":0,"3852":0,"3853":0,"3864":1,"3865":1,"3866":0,"3867":0,"3868":0,"3870":0,"3873":1,"3874":1,"3875":1,"3877":1,"3878":0,"3879":0,"3880":0,"3890":1,"3891":1,"3892":0,"3893":0,"3894":0,"3896":0,"3899":1,"3900":1,"3901":1,"3903":1,"3904":0,"3905":0,"3906":0,"3916":1,"3917":1,"3919":1,"3920":1,"3921":1,"3922":1,"3923":0,"3924":0,"3926":1,"3927":1,"3928":0,"3929":0,"3930":0,"3932":0,"3936":0,"3938":0,"3949":1,"3951":1,"3952":1,"3954":1,"3955":1,"3956":11,"3957":0,"3962":1,"3972":1,"3973":1,"3974":1,"3975":1,"3976":1,"3978":1,"3980":0,"3983":1,"3984":1,"3985":1,"3986":1,"3988":1,"3990":0,"3993":1,"4003":1,"4007":1,"4009":1,"4011":1,"4013":1,"4015":1,"4016":0,"4017":0,"4019":0,"4020":0,"4025":1}}}