{"/home/travis/build/npmtest/node-npmtest-expect/test.js":{"path":"/home/travis/build/npmtest/node-npmtest-expect/test.js","s":{"1":2,"2":2,"3":2,"4":2,"5":2,"6":2,"7":2,"8":1,"9":2,"10":2,"11":1,"12":1,"13":1,"14":1,"15":2,"16":2,"17":2,"18":2,"19":1,"20":1,"21":2,"22":2,"23":2,"24":1,"25":1,"26":1,"27":1,"28":1,"29":1,"30":1,"31":1,"32":1,"33":1,"34":1,"35":1,"36":2,"37":2,"38":1,"39":2,"40":2,"41":1,"42":2,"43":2,"44":1,"45":1,"46":1,"47":1,"48":1},"b":{"1":[2,1,1,1],"2":[1,1,1,1],"3":[1,1],"4":[1,1],"5":[1,1],"6":[1,1],"7":[1,1],"8":[1,1],"9":[1,1,1],"10":[1,1],"11":[1,1],"12":[1,1],"13":[1,1],"14":[1,1],"15":[1,1]},"f":{"1":2,"2":2,"3":2,"4":2,"5":2,"6":1,"7":1,"8":2,"9":2,"10":2,"11":1},"fnMap":{"1":{"name":"(anonymous_1)","line":12,"loc":{"start":{"line":12,"column":1},"end":{"line":12,"column":13}}},"2":{"name":"(anonymous_2)","line":19,"loc":{"start":{"line":19,"column":5},"end":{"line":19,"column":17}}},"3":{"name":"(anonymous_3)","line":23,"loc":{"start":{"line":23,"column":24},"end":{"line":23,"column":36}}},"4":{"name":"(anonymous_4)","line":61,"loc":{"start":{"line":61,"column":5},"end":{"line":61,"column":17}}},"5":{"name":"(anonymous_5)","line":82,"loc":{"start":{"line":82,"column":5},"end":{"line":82,"column":17}}},"6":{"name":"(anonymous_6)","line":102,"loc":{"start":{"line":102,"column":83},"end":{"line":105,"column":10}},"skip":true},"7":{"name":"(anonymous_7)","line":113,"loc":{"start":{"line":113,"column":77},"end":{"line":116,"column":10}},"skip":true},"8":{"name":"(anonymous_8)","line":127,"loc":{"start":{"line":127,"column":77},"end":{"line":130,"column":10}},"skip":true},"9":{"name":"(anonymous_9)","line":138,"loc":{"start":{"line":138,"column":83},"end":{"line":141,"column":10}},"skip":true},"10":{"name":"(anonymous_10)","line":149,"loc":{"start":{"line":149,"column":79},"end":{"line":152,"column":10}},"skip":true},"11":{"name":"(anonymous_11)","line":160,"loc":{"start":{"line":160,"column":75},"end":{"line":163,"column":10}},"skip":true}},"statementMap":{"1":{"start":{"line":12,"column":0},"end":{"line":175,"column":5}},"2":{"start":{"line":14,"column":4},"end":{"line":14,"column":14}},"3":{"start":{"line":19,"column":4},"end":{"line":56,"column":9}},"4":{"start":{"line":21,"column":8},"end":{"line":21,"column":19}},"5":{"start":{"line":23,"column":8},"end":{"line":35,"column":13}},"6":{"start":{"line":24,"column":12},"end":{"line":34,"column":13}},"7":{"start":{"line":25,"column":16},"end":{"line":28,"column":30}},"8":{"start":{"line":30,"column":16},"end":{"line":33,"column":27}},"9":{"start":{"line":37,"column":8},"end":{"line":39,"column":21}},"10":{"start":{"line":40,"column":8},"end":{"line":53,"column":9}},"11":{"start":{"line":43,"column":12},"end":{"line":46,"column":14}},"12":{"start":{"line":47,"column":12},"end":{"line":47,"column":18}},"13":{"start":{"line":50,"column":12},"end":{"line":51,"column":46}},"14":{"start":{"line":52,"column":12},"end":{"line":52,"column":18}},"15":{"start":{"line":55,"column":8},"end":{"line":55,"column":35}},"16":{"start":{"line":61,"column":4},"end":{"line":63,"column":9}},"17":{"start":{"line":62,"column":8},"end":{"line":62,"column":15}},"18":{"start":{"line":64,"column":4},"end":{"line":77,"column":5}},"19":{"start":{"line":70,"column":8},"end":{"line":70,"column":14}},"20":{"start":{"line":76,"column":8},"end":{"line":76,"column":14}},"21":{"start":{"line":82,"column":4},"end":{"line":84,"column":9}},"22":{"start":{"line":83,"column":8},"end":{"line":83,"column":15}},"23":{"start":{"line":85,"column":4},"end":{"line":174,"column":5}},"24":{"start":{"line":92,"column":8},"end":{"line":94,"column":63}},"25":{"start":{"line":95,"column":8},"end":{"line":95,"column":14}},"26":{"start":{"line":102,"column":8},"end":{"line":111,"column":10},"skip":true},"27":{"start":{"line":109,"column":12},"end":{"line":109,"column":55},"skip":true},"28":{"start":{"line":110,"column":12},"end":{"line":110,"column":48},"skip":true},"29":{"start":{"line":113,"column":8},"end":{"line":125,"column":10},"skip":true},"30":{"start":{"line":120,"column":12},"end":{"line":120,"column":76},"skip":true},"31":{"start":{"line":121,"column":12},"end":{"line":121,"column":73},"skip":true},"32":{"start":{"line":122,"column":12},"end":{"line":122,"column":74},"skip":true},"33":{"start":{"line":123,"column":12},"end":{"line":123,"column":25},"skip":true},"34":{"start":{"line":124,"column":12},"end":{"line":124,"column":45},"skip":true},"35":{"start":{"line":127,"column":8},"end":{"line":136,"column":10},"skip":true},"36":{"start":{"line":134,"column":12},"end":{"line":134,"column":25},"skip":true},"37":{"start":{"line":135,"column":12},"end":{"line":135,"column":45},"skip":true},"38":{"start":{"line":138,"column":8},"end":{"line":147,"column":10},"skip":true},"39":{"start":{"line":145,"column":12},"end":{"line":145,"column":25},"skip":true},"40":{"start":{"line":146,"column":12},"end":{"line":146,"column":48},"skip":true},"41":{"start":{"line":149,"column":8},"end":{"line":158,"column":10},"skip":true},"42":{"start":{"line":156,"column":12},"end":{"line":156,"column":25},"skip":true},"43":{"start":{"line":157,"column":12},"end":{"line":157,"column":46},"skip":true},"44":{"start":{"line":160,"column":8},"end":{"line":169,"column":10},"skip":true},"45":{"start":{"line":167,"column":12},"end":{"line":167,"column":94},"skip":true},"46":{"start":{"line":168,"column":12},"end":{"line":168,"column":48},"skip":true},"47":{"start":{"line":172,"column":8},"end":{"line":172,"column":35},"skip":true},"48":{"start":{"line":173,"column":8},"end":{"line":173,"column":14},"skip":true}},"branchMap":{"1":{"line":25,"type":"binary-expr","locations":[{"start":{"line":25,"column":23},"end":{"line":25,"column":62}},{"start":{"line":26,"column":20},"end":{"line":26,"column":70}},{"start":{"line":27,"column":20},"end":{"line":27,"column":71}},{"start":{"line":28,"column":20},"end":{"line":28,"column":29}}]},"2":{"line":30,"type":"binary-expr","locations":[{"start":{"line":30,"column":23},"end":{"line":30,"column":37}},{"start":{"line":31,"column":20},"end":{"line":31,"column":61}},{"start":{"line":32,"column":20},"end":{"line":32,"column":70}},{"start":{"line":33,"column":20},"end":{"line":33,"column":26}}]},"3":{"line":37,"type":"cond-expr","locations":[{"start":{"line":38,"column":14},"end":{"line":38,"column":20}},{"start":{"line":39,"column":14},"end":{"line":39,"column":20}}]},"4":{"line":40,"type":"switch","locations":[{"start":{"line":42,"column":8},"end":{"line":47,"column":18}},{"start":{"line":49,"column":8},"end":{"line":52,"column":18}}]},"5":{"line":44,"type":"binary-expr","locations":[{"start":{"line":44,"column":16},"end":{"line":44,"column":44}},{"start":{"line":44,"column":48},"end":{"line":44,"column":66}}]},"6":{"line":50,"type":"binary-expr","locations":[{"start":{"line":50,"column":21},"end":{"line":50,"column":49}},{"start":{"line":50,"column":53},"end":{"line":50,"column":72}}]},"7":{"line":64,"type":"switch","locations":[{"start":{"line":69,"column":4},"end":{"line":70,"column":14}},{"start":{"line":75,"column":4},"end":{"line":76,"column":14}}]},"8":{"line":85,"type":"switch","locations":[{"start":{"line":90,"column":4},"end":{"line":95,"column":14}},{"start":{"line":101,"column":4},"end":{"line":173,"column":14},"skip":true}]},"9":{"line":92,"type":"binary-expr","locations":[{"start":{"line":92,"column":18},"end":{"line":92,"column":32}},{"start":{"line":93,"column":12},"end":{"line":93,"column":53}},{"start":{"line":94,"column":12},"end":{"line":94,"column":61}}]},"10":{"line":102,"type":"binary-expr","locations":[{"start":{"line":102,"column":45},"end":{"line":102,"column":79},"skip":true},{"start":{"line":102,"column":83},"end":{"line":111,"column":9},"skip":true}]},"11":{"line":113,"type":"binary-expr","locations":[{"start":{"line":113,"column":42},"end":{"line":113,"column":73},"skip":true},{"start":{"line":113,"column":77},"end":{"line":125,"column":9},"skip":true}]},"12":{"line":127,"type":"binary-expr","locations":[{"start":{"line":127,"column":42},"end":{"line":127,"column":73},"skip":true},{"start":{"line":127,"column":77},"end":{"line":136,"column":9},"skip":true}]},"13":{"line":138,"type":"binary-expr","locations":[{"start":{"line":138,"column":45},"end":{"line":138,"column":79},"skip":true},{"start":{"line":138,"column":83},"end":{"line":147,"column":9},"skip":true}]},"14":{"line":149,"type":"binary-expr","locations":[{"start":{"line":149,"column":43},"end":{"line":149,"column":75},"skip":true},{"start":{"line":149,"column":79},"end":{"line":158,"column":9},"skip":true}]},"15":{"line":160,"type":"binary-expr","locations":[{"start":{"line":160,"column":41},"end":{"line":160,"column":71},"skip":true},{"start":{"line":160,"column":75},"end":{"line":169,"column":9},"skip":true}]}},"code":["/* istanbul instrument in package npmtest_expect */","/*jslint","    bitwise: true,","    browser: true,","    maxerr: 8,","    maxlen: 96,","    node: true,","    nomen: true,","    regexp: true,","    stupid: true","*/","(function () {","    'use strict';","    var local;","","","","    // run shared js-env code - pre-init","    (function () {","        // init local","        local = {};","        // init modeJs","        local.modeJs = (function () {","            try {","                return typeof navigator.userAgent === 'string' &&","                    typeof document.querySelector('body') === 'object' &&","                    typeof XMLHttpRequest.prototype.open === 'function' &&","                    'browser';","            } catch (errorCaughtBrowser) {","                return module.exports &&","                    typeof process.versions.node === 'string' &&","                    typeof require('http').createServer === 'function' &&","                    'node';","            }","        }());","        // init global","        local.global = local.modeJs === 'browser'","            ? window","            : global;","        switch (local.modeJs) {","        // re-init local from window.local","        case 'browser':","            local = local.global.utility2.objectSetDefault(","                local.global.utility2_rollup || local.global.local,","                local.global.utility2","            );","            break;","        // re-init local from example.js","        case 'node':","            local = (local.global.utility2_rollup || require('utility2'))","                .requireExampleJsFromReadme();","            break;","        }","        // export local","        local.global.local = local;","    }());","","","","    // run shared js-env code - function","    (function () {","        return;","    }());","    switch (local.modeJs) {","","","","    // run browser js-env code - function","    case 'browser':","        break;","","","","    // run node js-env code - function","    case 'node':","        break;","    }","","","","    // run shared js-env code - post-init","    (function () {","        return;","    }());","    switch (local.modeJs) {","","","","    // run browser js-env code - post-init","    case 'browser':","        // run tests","        local.nop(local.modeTest &&","            document.querySelector('#testRunButton1') &&","            document.querySelector('#testRunButton1').click());","        break;","","","","    // run node js-env code - post-init","    /* istanbul ignore next */","    case 'node':","        local.testCase_buildApidoc_default = local.testCase_buildApidoc_default || function (","            options,","            onError","        ) {","        /*","         * this function will test buildApidoc's default handling-behavior-behavior","         */","            options = { modulePathList: module.paths };","            local.buildApidoc(options, onError);","        };","","        local.testCase_buildApp_default = local.testCase_buildApp_default || function (","            options,","            onError","        ) {","        /*","         * this function will test buildApp's default handling-behavior-behavior","         */","            local.testCase_buildReadme_default(options, local.onErrorThrow);","            local.testCase_buildLib_default(options, local.onErrorThrow);","            local.testCase_buildTest_default(options, local.onErrorThrow);","            options = [];","            local.buildApp(options, onError);","        };","","        local.testCase_buildLib_default = local.testCase_buildLib_default || function (","            options,","            onError","        ) {","        /*","         * this function will test buildLib's default handling-behavior","         */","            options = {};","            local.buildLib(options, onError);","        };","","        local.testCase_buildReadme_default = local.testCase_buildReadme_default || function (","            options,","            onError","        ) {","        /*","         * this function will test buildReadme's default handling-behavior-behavior","         */","            options = {};","            local.buildReadme(options, onError);","        };","","        local.testCase_buildTest_default = local.testCase_buildTest_default || function (","            options,","            onError","        ) {","        /*","         * this function will test buildTest's default handling-behavior","         */","            options = {};","            local.buildTest(options, onError);","        };","","        local.testCase_webpage_default = local.testCase_webpage_default || function (","            options,","            onError","        ) {","        /*","         * this function will test webpage's default handling-behavior","         */","            options = { modeCoverageMerge: true, url: local.serverLocalHost + '?modeTest=1' };","            local.browserTest(options, onError);","        };","","        // run test-server","        local.testRunServer(local);","        break;","    }","}());",""],"l":{"12":2,"14":2,"19":2,"21":2,"23":2,"24":2,"25":2,"30":1,"37":2,"40":2,"43":1,"47":1,"50":1,"52":1,"55":2,"61":2,"62":2,"64":2,"70":1,"76":1,"82":2,"83":2,"85":2,"92":1,"95":1,"102":1,"109":1,"110":1,"113":1,"120":1,"121":1,"122":1,"123":1,"124":1,"127":1,"134":2,"135":2,"138":1,"145":2,"146":2,"149":1,"156":2,"157":2,"160":1,"167":1,"168":1,"172":1,"173":1}},"/home/travis/build/npmtest/node-npmtest-expect/lib.npmtest_expect.js":{"path":"/home/travis/build/npmtest/node-npmtest-expect/lib.npmtest_expect.js","s":{"1":2,"2":2,"3":2,"4":2,"5":2,"6":2,"7":2,"8":1,"9":2,"10":2,"11":2,"12":2,"13":1,"14":1,"15":1,"16":1},"b":{"1":[2,1,1,1],"2":[1,1,1,1],"3":[1,1],"4":[2,2],"5":[1,1]},"f":{"1":2,"2":2,"3":2},"fnMap":{"1":{"name":"(anonymous_1)","line":12,"loc":{"start":{"line":12,"column":1},"end":{"line":12,"column":13}}},"2":{"name":"(anonymous_2)","line":19,"loc":{"start":{"line":19,"column":5},"end":{"line":19,"column":17}}},"3":{"name":"(anonymous_3)","line":23,"loc":{"start":{"line":23,"column":24},"end":{"line":23,"column":36}}}},"statementMap":{"1":{"start":{"line":12,"column":0},"end":{"line":53,"column":5}},"2":{"start":{"line":14,"column":4},"end":{"line":14,"column":14}},"3":{"start":{"line":19,"column":4},"end":{"line":52,"column":9}},"4":{"start":{"line":21,"column":8},"end":{"line":21,"column":19}},"5":{"start":{"line":23,"column":8},"end":{"line":35,"column":13}},"6":{"start":{"line":24,"column":12},"end":{"line":34,"column":13}},"7":{"start":{"line":25,"column":16},"end":{"line":28,"column":30}},"8":{"start":{"line":30,"column":16},"end":{"line":33,"column":27}},"9":{"start":{"line":37,"column":8},"end":{"line":39,"column":21}},"10":{"start":{"line":41,"column":8},"end":{"line":41,"column":54}},"11":{"start":{"line":43,"column":8},"end":{"line":43,"column":51}},"12":{"start":{"line":45,"column":8},"end":{"line":51,"column":9}},"13":{"start":{"line":46,"column":12},"end":{"line":46,"column":57}},"14":{"start":{"line":48,"column":12},"end":{"line":48,"column":35}},"15":{"start":{"line":49,"column":12},"end":{"line":49,"column":49}},"16":{"start":{"line":50,"column":12},"end":{"line":50,"column":43}}},"branchMap":{"1":{"line":25,"type":"binary-expr","locations":[{"start":{"line":25,"column":23},"end":{"line":25,"column":62}},{"start":{"line":26,"column":20},"end":{"line":26,"column":70}},{"start":{"line":27,"column":20},"end":{"line":27,"column":71}},{"start":{"line":28,"column":20},"end":{"line":28,"column":29}}]},"2":{"line":30,"type":"binary-expr","locations":[{"start":{"line":30,"column":23},"end":{"line":30,"column":37}},{"start":{"line":31,"column":20},"end":{"line":31,"column":61}},{"start":{"line":32,"column":20},"end":{"line":32,"column":70}},{"start":{"line":33,"column":20},"end":{"line":33,"column":26}}]},"3":{"line":37,"type":"cond-expr","locations":[{"start":{"line":38,"column":14},"end":{"line":38,"column":20}},{"start":{"line":39,"column":14},"end":{"line":39,"column":20}}]},"4":{"line":41,"type":"binary-expr","locations":[{"start":{"line":41,"column":16},"end":{"line":41,"column":44}},{"start":{"line":41,"column":48},"end":{"line":41,"column":53}}]},"5":{"line":45,"type":"if","locations":[{"start":{"line":45,"column":8},"end":{"line":45,"column":8}},{"start":{"line":45,"column":8},"end":{"line":45,"column":8}}]}},"code":["/* istanbul instrument in package npmtest_expect */","/*jslint","    bitwise: true,","    browser: true,","    maxerr: 8,","    maxlen: 96,","    node: true,","    nomen: true,","    regexp: true,","    stupid: true","*/","(function () {","    'use strict';","    var local;","","","","    // run shared js-env code - pre-init","    (function () {","        // init local","        local = {};","        // init modeJs","        local.modeJs = (function () {","            try {","                return typeof navigator.userAgent === 'string' &&","                    typeof document.querySelector('body') === 'object' &&","                    typeof XMLHttpRequest.prototype.open === 'function' &&","                    'browser';","            } catch (errorCaughtBrowser) {","                return module.exports &&","                    typeof process.versions.node === 'string' &&","                    typeof require('http').createServer === 'function' &&","                    'node';","            }","        }());","        // init global","        local.global = local.modeJs === 'browser'","            ? window","            : global;","        // init utility2_rollup","        local = local.global.utility2_rollup || local;","        // init lib","        local.local = local.npmtest_expect = local;","        // init exports","        if (local.modeJs === 'browser') {","            local.global.utility2_npmtest_expect = local;","        } else {","            module.exports = local;","            module.exports.__dirname = __dirname;","            module.exports.module = module;","        }","    }());","}());",""],"l":{"12":2,"14":2,"19":2,"21":2,"23":2,"24":2,"25":2,"30":1,"37":2,"41":2,"43":2,"45":2,"46":1,"48":1,"49":1,"50":1}},"/home/travis/build/npmtest/node-npmtest-expect/example.js":{"path":"/home/travis/build/npmtest/node-npmtest-expect/example.js","s":{"1":2,"2":2,"3":2,"4":2,"5":2,"6":2,"7":2,"8":1,"9":2,"10":2,"11":2,"12":2,"13":1,"14":2,"15":2,"16":2,"17":2,"18":2,"19":0,"20":2,"21":1,"22":1,"23":1,"24":1,"25":1,"26":0,"27":0,"28":1,"29":1,"30":2,"31":0,"32":0,"33":0,"34":1,"35":2,"36":2,"37":2,"38":2,"39":2,"40":2,"41":0,"42":2,"43":2,"44":2,"45":1,"46":3,"47":1,"48":1,"49":1,"50":1,"51":1,"52":1,"53":1,"54":1,"55":1,"56":1,"57":0,"58":1,"59":6,"60":6,"61":1,"62":2,"63":0,"64":2,"65":1,"66":1,"67":0,"68":0,"69":0,"70":0,"71":0,"72":0,"73":0,"74":0,"75":0,"76":0,"77":0,"78":0,"79":0,"80":0,"81":0,"82":0,"83":0},"b":{"1":[2,1,1,1],"2":[1,1,1,1],"3":[1,1],"4":[2,2],"5":[1,1],"6":[1,1],"7":[2,0],"8":[2,1,1,1,1,1],"9":[0,2,0],"10":[1,1],"11":[2,1,1],"12":[1,0],"13":[0,2],"14":[2,0,0,0,0,0,0],"15":[0,2],"16":[2,0],"17":[1,1],"18":[0,1],"19":[1,2,0,2],"20":[1,0],"21":[1,1],"22":[0,0],"23":[0,0],"24":[0,0],"25":[0,0],"26":[0,0],"27":[0,0],"28":[0,0]},"f":{"1":2,"2":2,"3":2,"4":2,"5":2,"6":2,"7":2,"8":2,"9":3,"10":1,"11":6,"12":0},"fnMap":{"1":{"name":"(anonymous_1)","line":26,"loc":{"start":{"line":26,"column":1},"end":{"line":26,"column":13}}},"2":{"name":"(anonymous_2)","line":33,"loc":{"start":{"line":33,"column":5},"end":{"line":33,"column":17}}},"3":{"name":"(anonymous_3)","line":37,"loc":{"start":{"line":37,"column":24},"end":{"line":37,"column":36}}},"4":{"name":"(anonymous_4)","line":69,"loc":{"start":{"line":69,"column":31},"end":{"line":69,"column":48}},"skip":true},"5":{"name":"(anonymous_5)","line":78,"loc":{"start":{"line":78,"column":26},"end":{"line":78,"column":45}},"skip":true},"6":{"name":"(anonymous_6)","line":123,"loc":{"start":{"line":123,"column":33},"end":{"line":123,"column":48}},"skip":true},"7":{"name":"(anonymous_7)","line":125,"loc":{"start":{"line":125,"column":27},"end":{"line":125,"column":39}},"skip":true},"8":{"name":"(anonymous_8)","line":133,"loc":{"start":{"line":133,"column":59},"end":{"line":133,"column":74}},"skip":true},"9":{"name":"(anonymous_9)","line":143,"loc":{"start":{"line":143,"column":45},"end":{"line":143,"column":62}},"skip":true},"10":{"name":"(anonymous_10)","line":144,"loc":{"start":{"line":144,"column":73},"end":{"line":144,"column":92}},"skip":true},"11":{"name":"(anonymous_11)","line":272,"loc":{"start":{"line":272,"column":51},"end":{"line":272,"column":77}},"skip":true},"12":{"name":"(anonymous_12)","line":314,"loc":{"start":{"line":314,"column":32},"end":{"line":314,"column":61}},"skip":true}},"statementMap":{"1":{"start":{"line":26,"column":0},"end":{"line":325,"column":5}},"2":{"start":{"line":28,"column":4},"end":{"line":28,"column":14}},"3":{"start":{"line":33,"column":4},"end":{"line":60,"column":9}},"4":{"start":{"line":35,"column":8},"end":{"line":35,"column":19}},"5":{"start":{"line":37,"column":8},"end":{"line":49,"column":13}},"6":{"start":{"line":38,"column":12},"end":{"line":48,"column":13}},"7":{"start":{"line":39,"column":16},"end":{"line":42,"column":30}},"8":{"start":{"line":44,"column":16},"end":{"line":47,"column":27}},"9":{"start":{"line":51,"column":8},"end":{"line":53,"column":21}},"10":{"start":{"line":55,"column":8},"end":{"line":57,"column":45}},"11":{"start":{"line":59,"column":8},"end":{"line":59,"column":35}},"12":{"start":{"line":61,"column":4},"end":{"line":324,"column":5}},"13":{"start":{"line":69,"column":8},"end":{"line":121,"column":10},"skip":true},"14":{"start":{"line":70,"column":12},"end":{"line":88,"column":13},"skip":true},"15":{"start":{"line":76,"column":16},"end":{"line":87,"column":19},"skip":true},"16":{"start":{"line":79,"column":20},"end":{"line":86,"column":21},"skip":true},"17":{"start":{"line":82,"column":24},"end":{"line":82,"column":43},"skip":true},"18":{"start":{"line":83,"column":24},"end":{"line":83,"column":30},"skip":true},"19":{"start":{"line":85,"column":24},"end":{"line":85,"column":49},"skip":true},"20":{"start":{"line":89,"column":12},"end":{"line":107,"column":13},"skip":true},"21":{"start":{"line":92,"column":16},"end":{"line":102,"column":17},"skip":true},"22":{"start":{"line":93,"column":20},"end":{"line":93,"column":86},"skip":true},"23":{"start":{"line":94,"column":20},"end":{"line":95,"column":45},"skip":true},"24":{"start":{"line":96,"column":20},"end":{"line":96,"column":42},"skip":true},"25":{"start":{"line":97,"column":20},"end":{"line":97,"column":48},"skip":true},"26":{"start":{"line":100,"column":20},"end":{"line":100,"column":85},"skip":true},"27":{"start":{"line":101,"column":20},"end":{"line":101,"column":96},"skip":true},"28":{"start":{"line":103,"column":16},"end":{"line":103,"column":22},"skip":true},"29":{"start":{"line":106,"column":16},"end":{"line":106,"column":22},"skip":true},"30":{"start":{"line":108,"column":12},"end":{"line":120,"column":13},"skip":true},"31":{"start":{"line":114,"column":16},"end":{"line":119,"column":17},"skip":true},"32":{"start":{"line":116,"column":20},"end":{"line":116,"column":78},"skip":true},"33":{"start":{"line":118,"column":20},"end":{"line":118,"column":53},"skip":true},"34":{"start":{"line":123,"column":8},"end":{"line":141,"column":11},"skip":true},"35":{"start":{"line":124,"column":12},"end":{"line":124,"column":54},"skip":true},"36":{"start":{"line":125,"column":12},"end":{"line":140,"column":14},"skip":true},"37":{"start":{"line":126,"column":16},"end":{"line":126,"column":28},"skip":true},"38":{"start":{"line":127,"column":16},"end":{"line":127,"column":69},"skip":true},"39":{"start":{"line":128,"column":16},"end":{"line":128,"column":75},"skip":true},"40":{"start":{"line":129,"column":16},"end":{"line":131,"column":17},"skip":true},"41":{"start":{"line":130,"column":20},"end":{"line":130,"column":27},"skip":true},"42":{"start":{"line":133,"column":16},"end":{"line":137,"column":36},"skip":true},"43":{"start":{"line":134,"column":20},"end":{"line":136,"column":55},"skip":true},"44":{"start":{"line":139,"column":16},"end":{"line":139,"column":57},"skip":true},"45":{"start":{"line":143,"column":8},"end":{"line":147,"column":11},"skip":true},"46":{"start":{"line":144,"column":12},"end":{"line":146,"column":15},"skip":true},"47":{"start":{"line":145,"column":16},"end":{"line":145,"column":70},"skip":true},"48":{"start":{"line":149,"column":8},"end":{"line":149,"column":31},"skip":true},"49":{"start":{"line":150,"column":8},"end":{"line":150,"column":14},"skip":true},"50":{"start":{"line":158,"column":8},"end":{"line":158,"column":31},"skip":true},"51":{"start":{"line":160,"column":8},"end":{"line":160,"column":33},"skip":true},"52":{"start":{"line":161,"column":8},"end":{"line":161,"column":37},"skip":true},"53":{"start":{"line":162,"column":8},"end":{"line":162,"column":35},"skip":true},"54":{"start":{"line":164,"column":8},"end":{"line":164,"column":50},"skip":true},"55":{"start":{"line":166,"column":8},"end":{"line":256,"column":2},"skip":true},"56":{"start":{"line":258,"column":8},"end":{"line":286,"column":9},"skip":true},"57":{"start":{"line":259,"column":12},"end":{"line":269,"column":14},"skip":true},"58":{"start":{"line":271,"column":12},"end":{"line":285,"column":19},"skip":true},"59":{"start":{"line":274,"column":20},"end":{"line":274,"column":35},"skip":true},"60":{"start":{"line":275,"column":20},"end":{"line":284,"column":21},"skip":true},"61":{"start":{"line":277,"column":24},"end":{"line":277,"column":64},"skip":true},"62":{"start":{"line":279,"column":24},"end":{"line":279,"column":40},"skip":true},"63":{"start":{"line":281,"column":24},"end":{"line":281,"column":40},"skip":true},"64":{"start":{"line":283,"column":24},"end":{"line":283,"column":39},"skip":true},"65":{"start":{"line":288,"column":8},"end":{"line":290,"column":9},"skip":true},"66":{"start":{"line":289,"column":12},"end":{"line":289,"column":18},"skip":true},"67":{"start":{"line":291,"column":8},"end":{"line":293,"column":54},"skip":true},"68":{"start":{"line":294,"column":8},"end":{"line":301,"column":37},"skip":true},"69":{"start":{"line":302,"column":8},"end":{"line":302,"column":82},"skip":true},"70":{"start":{"line":305,"column":8},"end":{"line":307,"column":9},"skip":true},"71":{"start":{"line":306,"column":12},"end":{"line":306,"column":82},"skip":true},"72":{"start":{"line":309,"column":8},"end":{"line":311,"column":9},"skip":true},"73":{"start":{"line":310,"column":12},"end":{"line":310,"column":18},"skip":true},"74":{"start":{"line":312,"column":8},"end":{"line":312,"column":54},"skip":true},"75":{"start":{"line":313,"column":8},"end":{"line":313,"column":69},"skip":true},"76":{"start":{"line":314,"column":8},"end":{"line":322,"column":36},"skip":true},"77":{"start":{"line":315,"column":12},"end":{"line":315,"column":61},"skip":true},"78":{"start":{"line":316,"column":12},"end":{"line":319,"column":13},"skip":true},"79":{"start":{"line":317,"column":16},"end":{"line":317,"column":75},"skip":true},"80":{"start":{"line":318,"column":16},"end":{"line":318,"column":23},"skip":true},"81":{"start":{"line":320,"column":12},"end":{"line":320,"column":38},"skip":true},"82":{"start":{"line":321,"column":12},"end":{"line":321,"column":27},"skip":true},"83":{"start":{"line":323,"column":8},"end":{"line":323,"column":14},"skip":true}},"branchMap":{"1":{"line":39,"type":"binary-expr","locations":[{"start":{"line":39,"column":23},"end":{"line":39,"column":62}},{"start":{"line":40,"column":20},"end":{"line":40,"column":70}},{"start":{"line":41,"column":20},"end":{"line":41,"column":71}},{"start":{"line":42,"column":20},"end":{"line":42,"column":29}}]},"2":{"line":44,"type":"binary-expr","locations":[{"start":{"line":44,"column":23},"end":{"line":44,"column":37}},{"start":{"line":45,"column":20},"end":{"line":45,"column":61}},{"start":{"line":46,"column":20},"end":{"line":46,"column":70}},{"start":{"line":47,"column":20},"end":{"line":47,"column":26}}]},"3":{"line":51,"type":"cond-expr","locations":[{"start":{"line":52,"column":14},"end":{"line":52,"column":20}},{"start":{"line":53,"column":14},"end":{"line":53,"column":20}}]},"4":{"line":55,"type":"binary-expr","locations":[{"start":{"line":55,"column":16},"end":{"line":55,"column":44}},{"start":{"line":55,"column":49},"end":{"line":57,"column":43}}]},"5":{"line":55,"type":"cond-expr","locations":[{"start":{"line":56,"column":14},"end":{"line":56,"column":50}},{"start":{"line":57,"column":14},"end":{"line":57,"column":43}}]},"6":{"line":61,"type":"switch","locations":[{"start":{"line":68,"column":4},"end":{"line":150,"column":14},"skip":true},{"start":{"line":156,"column":4},"end":{"line":323,"column":14},"skip":true}]},"7":{"line":70,"type":"if","locations":[{"start":{"line":70,"column":12},"end":{"line":70,"column":12},"skip":true},{"start":{"line":70,"column":12},"end":{"line":70,"column":12},"skip":true}]},"8":{"line":70,"type":"binary-expr","locations":[{"start":{"line":70,"column":16},"end":{"line":70,"column":22},"skip":true},{"start":{"line":70,"column":27},"end":{"line":70,"column":32},"skip":true},{"start":{"line":71,"column":20},"end":{"line":71,"column":39},"skip":true},{"start":{"line":72,"column":20},"end":{"line":72,"column":49},"skip":true},{"start":{"line":73,"column":20},"end":{"line":73,"column":58},"skip":true},{"start":{"line":74,"column":20},"end":{"line":74,"column":69},"skip":true}]},"9":{"line":79,"type":"switch","locations":[{"start":{"line":80,"column":20},"end":{"line":80,"column":33},"skip":true},{"start":{"line":81,"column":20},"end":{"line":83,"column":30},"skip":true},{"start":{"line":84,"column":20},"end":{"line":85,"column":49},"skip":true}]},"10":{"line":89,"type":"switch","locations":[{"start":{"line":90,"column":12},"end":{"line":103,"column":22},"skip":true},{"start":{"line":105,"column":12},"end":{"line":106,"column":22},"skip":true}]},"11":{"line":89,"type":"binary-expr","locations":[{"start":{"line":89,"column":20},"end":{"line":89,"column":25},"skip":true},{"start":{"line":89,"column":29},"end":{"line":89,"column":48},"skip":true},{"start":{"line":89,"column":52},"end":{"line":89,"column":74},"skip":true}]},"12":{"line":92,"type":"if","locations":[{"start":{"line":92,"column":16},"end":{"line":92,"column":16},"skip":true},{"start":{"line":92,"column":16},"end":{"line":92,"column":16},"skip":true}]},"13":{"line":108,"type":"if","locations":[{"start":{"line":108,"column":12},"end":{"line":108,"column":12},"skip":true},{"start":{"line":108,"column":12},"end":{"line":108,"column":12},"skip":true}]},"14":{"line":108,"type":"binary-expr","locations":[{"start":{"line":108,"column":16},"end":{"line":108,"column":61},"skip":true},{"start":{"line":108,"column":66},"end":{"line":108,"column":72},"skip":true},{"start":{"line":108,"column":77},"end":{"line":108,"column":82},"skip":true},{"start":{"line":109,"column":20},"end":{"line":109,"column":39},"skip":true},{"start":{"line":110,"column":20},"end":{"line":110,"column":49},"skip":true},{"start":{"line":111,"column":20},"end":{"line":111,"column":58},"skip":true},{"start":{"line":112,"column":20},"end":{"line":112,"column":68},"skip":true}]},"15":{"line":129,"type":"if","locations":[{"start":{"line":129,"column":16},"end":{"line":129,"column":16},"skip":true},{"start":{"line":129,"column":16},"end":{"line":129,"column":16},"skip":true}]},"16":{"line":134,"type":"cond-expr","locations":[{"start":{"line":135,"column":26},"end":{"line":135,"column":29},"skip":true},{"start":{"line":136,"column":26},"end":{"line":136,"column":54},"skip":true}]},"17":{"line":164,"type":"binary-expr","locations":[{"start":{"line":164,"column":27},"end":{"line":164,"column":43},"skip":true},{"start":{"line":164,"column":47},"end":{"line":164,"column":49},"skip":true}]},"18":{"line":258,"type":"if","locations":[{"start":{"line":258,"column":8},"end":{"line":258,"column":8},"skip":true},{"start":{"line":258,"column":8},"end":{"line":258,"column":8},"skip":true}]},"19":{"line":275,"type":"switch","locations":[{"start":{"line":276,"column":20},"end":{"line":277,"column":64},"skip":true},{"start":{"line":278,"column":20},"end":{"line":279,"column":40},"skip":true},{"start":{"line":280,"column":20},"end":{"line":281,"column":40},"skip":true},{"start":{"line":282,"column":20},"end":{"line":283,"column":39},"skip":true}]},"20":{"line":288,"type":"if","locations":[{"start":{"line":288,"column":8},"end":{"line":288,"column":8},"skip":true},{"start":{"line":288,"column":8},"end":{"line":288,"column":8},"skip":true}]},"21":{"line":288,"type":"binary-expr","locations":[{"start":{"line":288,"column":12},"end":{"line":288,"column":40},"skip":true},{"start":{"line":288,"column":44},"end":{"line":288,"column":67},"skip":true}]},"22":{"line":292,"type":"binary-expr","locations":[{"start":{"line":292,"column":12},"end":{"line":292,"column":50},"skip":true},{"start":{"line":293,"column":12},"end":{"line":293,"column":53},"skip":true}]},"23":{"line":295,"type":"binary-expr","locations":[{"start":{"line":295,"column":12},"end":{"line":295,"column":64},"skip":true},{"start":{"line":296,"column":12},"end":{"line":301,"column":36},"skip":true}]},"24":{"line":302,"type":"binary-expr","locations":[{"start":{"line":302,"column":43},"end":{"line":302,"column":75},"skip":true},{"start":{"line":302,"column":79},"end":{"line":302,"column":81},"skip":true}]},"25":{"line":305,"type":"if","locations":[{"start":{"line":305,"column":8},"end":{"line":305,"column":8},"skip":true},{"start":{"line":305,"column":8},"end":{"line":305,"column":8},"skip":true}]},"26":{"line":309,"type":"if","locations":[{"start":{"line":309,"column":8},"end":{"line":309,"column":8},"skip":true},{"start":{"line":309,"column":8},"end":{"line":309,"column":8},"skip":true}]},"27":{"line":312,"type":"binary-expr","locations":[{"start":{"line":312,"column":27},"end":{"line":312,"column":43},"skip":true},{"start":{"line":312,"column":47},"end":{"line":312,"column":53},"skip":true}]},"28":{"line":316,"type":"if","locations":[{"start":{"line":316,"column":12},"end":{"line":316,"column":12},"skip":true},{"start":{"line":316,"column":12},"end":{"line":316,"column":12},"skip":true}]}},"code":["/*","example.js","","quickstart example","","instruction","    1. save this script as example.js","    2. run the shell command:","        $ npm install npmtest-expect && PORT=8081 node example.js","    3. play with the browser-demo on http://127.0.0.1:8081","*/","","","","/* istanbul instrument in package npmtest_expect */","/*jslint","    bitwise: true,","    browser: true,","    maxerr: 8,","    maxlen: 96,","    node: true,","    nomen: true,","    regexp: true,","    stupid: true","*/","(function () {","    'use strict';","    var local;","","","","    // run shared js-env code - pre-init","    (function () {","        // init local","        local = {};","        // init modeJs","        local.modeJs = (function () {","            try {","                return typeof navigator.userAgent === 'string' &&","                    typeof document.querySelector('body') === 'object' &&","                    typeof XMLHttpRequest.prototype.open === 'function' &&","                    'browser';","            } catch (errorCaughtBrowser) {","                return module.exports &&","                    typeof process.versions.node === 'string' &&","                    typeof require('http').createServer === 'function' &&","                    'node';","            }","        }());","        // init global","        local.global = local.modeJs === 'browser'","            ? window","            : global;","        // init utility2_rollup","        local = local.global.utility2_rollup || (local.modeJs === 'browser'","            ? local.global.utility2_npmtest_expect","            : global.utility2_moduleExports);","        // export local","        local.global.local = local;","    }());","    switch (local.modeJs) {","","","","    // post-init","    // run browser js-env code - post-init","    /* istanbul ignore next */","    case 'browser':","        local.testRunBrowser = function (event) {","            if (!event || (event &&","                    event.currentTarget &&","                    event.currentTarget.className &&","                    event.currentTarget.className.includes &&","                    event.currentTarget.className.includes('onreset'))) {","                // reset output","                Array.from(","                    document.querySelectorAll('body > .resettable')","                ).forEach(function (element) {","                    switch (element.tagName) {","                    case 'INPUT':","                    case 'TEXTAREA':","                        element.value = '';","                        break;","                    default:","                        element.textContent = '';","                    }","                });","            }","            switch (event && event.currentTarget && event.currentTarget.id) {","            case 'testRunButton1':","                // show tests","                if (document.querySelector('#testReportDiv1').style.display === 'none') {","                    document.querySelector('#testReportDiv1').style.display = 'block';","                    document.querySelector('#testRunButton1').textContent =","                        'hide internal test';","                    local.modeTest = true;","                    local.testRunDefault(local);","                // hide tests","                } else {","                    document.querySelector('#testReportDiv1').style.display = 'none';","                    document.querySelector('#testRunButton1').textContent = 'run internal test';","                }","                break;","            // custom-case","            default:","                break;","            }","            if (document.querySelector('#inputTextareaEval1') && (!event || (event &&","                    event.currentTarget &&","                    event.currentTarget.className &&","                    event.currentTarget.className.includes &&","                    event.currentTarget.className.includes('oneval')))) {","                // try to eval input-code","                try {","                    /*jslint evil: true*/","                    eval(document.querySelector('#inputTextareaEval1').value);","                } catch (errorCaught) {","                    console.error(errorCaught.stack);","                }","            }","        };","        // log stderr and stdout to #outputTextareaStdout1","        ['error', 'log'].forEach(function (key) {","            console[key + '_original'] = console[key];","            console[key] = function () {","                var element;","                console[key + '_original'].apply(console, arguments);","                element = document.querySelector('#outputTextareaStdout1');","                if (!element) {","                    return;","                }","                // append text to #outputTextareaStdout1","                element.value += Array.from(arguments).map(function (arg) {","                    return typeof arg === 'string'","                        ? arg","                        : JSON.stringify(arg, null, 4);","                }).join(' ') + '\\n';","                // scroll textarea to bottom","                element.scrollTop = element.scrollHeight;","            };","        });","        // init event-handling","        ['change', 'click', 'keyup'].forEach(function (event) {","            Array.from(document.querySelectorAll('.on' + event)).forEach(function (element) {","                element.addEventListener(event, local.testRunBrowser);","            });","        });","        // run tests","        local.testRunBrowser();","        break;","","","","    // run node js-env code - post-init","    /* istanbul ignore next */","    case 'node':","        // export local","        module.exports = local;","        // require modules","        local.fs = require('fs');","        local.http = require('http');","        local.url = require('url');","        // init assets","        local.assetsDict = local.assetsDict || {};","        /* jslint-ignore-begin */","        local.assetsDict['/assets.index.template.html'] = '\\","<!doctype html>\\n\\","<html lang=\"en\">\\n\\","<head>\\n\\","<meta charset=\"UTF-8\">\\n\\","<meta name=\"viewport\" content=\"width=device-width, initial-scale=1\">\\n\\","<title>{{env.npm_package_name}} (v{{env.npm_package_version}})</title>\\n\\","<style>\\n\\","/*csslint\\n\\","    box-sizing: false,\\n\\","    universal-selector: false\\n\\","*/\\n\\","* {\\n\\","    box-sizing: border-box;\\n\\","}\\n\\","body {\\n\\","    background: #dde;\\n\\","    font-family: Arial, Helvetica, sans-serif;\\n\\","    margin: 2rem;\\n\\","}\\n\\","body > * {\\n\\","    margin-bottom: 1rem;\\n\\","}\\n\\",".utility2FooterDiv {\\n\\","    margin-top: 20px;\\n\\","    text-align: center;\\n\\","}\\n\\","</style>\\n\\","<style>\\n\\","/*csslint\\n\\","*/\\n\\","textarea {\\n\\","    font-family: monospace;\\n\\","    height: 10rem;\\n\\","    width: 100%;\\n\\","}\\n\\","textarea[readonly] {\\n\\","    background: #ddd;\\n\\","}\\n\\","</style>\\n\\","</head>\\n\\","<body>\\n\\","<!-- utility2-comment\\n\\","<div id=\"ajaxProgressDiv1\" style=\"background: #d00; height: 2px; left: 0; margin: 0; padding: 0; position: fixed; top: 0; transition: background 0.5s, width 1.5s; width: 25%;\"></div>\\n\\","utility2-comment -->\\n\\","<h1>\\n\\","<!-- utility2-comment\\n\\","    <a\\n\\","        {{#if env.npm_package_homepage}}\\n\\","        href=\"{{env.npm_package_homepage}}\"\\n\\","        {{/if env.npm_package_homepage}}\\n\\","        target=\"_blank\"\\n\\","    >\\n\\","utility2-comment -->\\n\\","        {{env.npm_package_name}} (v{{env.npm_package_version}})\\n\\","<!-- utility2-comment\\n\\","    </a>\\n\\","utility2-comment -->\\n\\","</h1>\\n\\","<h3>{{env.npm_package_description}}</h3>\\n\\","<!-- utility2-comment\\n\\","<h4><a download href=\"assets.app.js\">download standalone app</a></h4>\\n\\","<button class=\"onclick onreset\" id=\"testRunButton1\">run internal test</button><br>\\n\\","<div id=\"testReportDiv1\" style=\"display: none;\"></div>\\n\\","utility2-comment -->\\n\\","\\n\\","\\n\\","\\n\\","<label>stderr and stdout</label>\\n\\","<textarea class=\"resettable\" id=\"outputTextareaStdout1\" readonly></textarea>\\n\\","<!-- utility2-comment\\n\\","{{#if isRollup}}\\n\\","<script src=\"assets.app.js\"></script>\\n\\","{{#unless isRollup}}\\n\\","utility2-comment -->\\n\\","<script src=\"assets.utility2.rollup.js\"></script>\\n\\","<script src=\"jsonp.utility2._stateInit?callback=window.utility2._stateInit\"></script>\\n\\","<script src=\"assets.npmtest_expect.rollup.js\"></script>\\n\\","<script src=\"assets.example.js\"></script>\\n\\","<script src=\"assets.test.js\"></script>\\n\\","<!-- utility2-comment\\n\\","{{/if isRollup}}\\n\\","utility2-comment -->\\n\\","<div class=\"utility2FooterDiv\">\\n\\","    [ this app was created with\\n\\","    <a href=\"https://github.com/kaizhu256/node-utility2\" target=\"_blank\">utility2</a>\\n\\","    ]\\n\\","</div>\\n\\","</body>\\n\\","</html>\\n\\","';","        /* jslint-ignore-end */","        if (local.templateRender) {","            local.assetsDict['/'] = local.templateRender(","                local.assetsDict['/assets.index.template.html'],","                {","                    env: local.objectSetDefault(local.env, {","                        npm_package_description: 'the greatest app in the world!',","                        npm_package_name: 'my-app',","                        npm_package_nameAlias: 'my_app',","                        npm_package_version: '0.0.1'","                    })","                }","            );","        } else {","            local.assetsDict['/'] = local.assetsDict['/assets.index.template.html']","                .replace((/\\{\\{env\\.(\\w+?)\\}\\}/g), function (match0, match1) {","                    // jslint-hack","                    String(match0);","                    switch (match1) {","                    case 'npm_package_description':","                        return 'the greatest app in the world!';","                    case 'npm_package_name':","                        return 'my-app';","                    case 'npm_package_nameAlias':","                        return 'my_app';","                    case 'npm_package_version':","                        return '0.0.1';","                    }","                });","        }","        // run the cli","        if (local.global.utility2_rollup || module !== require.main) {","            break;","        }","        local.assetsDict['/assets.example.js'] =","            local.assetsDict['/assets.example.js'] ||","            local.fs.readFileSync(__filename, 'utf8');","        local.assetsDict['/assets.npmtest_expect.rollup.js'] =","            local.assetsDict['/assets.npmtest_expect.rollup.js'] ||","            local.fs.readFileSync(","                // buildCustomOrg-hack","                local.npmtest_expect.__dirname +","                    '/lib.npmtest_expect.js',","                'utf8'","            ).replace((/^#!/), '//');","        local.assetsDict['/favicon.ico'] = local.assetsDict['/favicon.ico'] || '';","        // if $npm_config_timeout_exit exists,","        // then exit this process after $npm_config_timeout_exit ms","        if (Number(process.env.npm_config_timeout_exit)) {","            setTimeout(process.exit, Number(process.env.npm_config_timeout_exit));","        }","        // start server","        if (local.global.utility2_serverHttp1) {","            break;","        }","        process.env.PORT = process.env.PORT || '8081';","        console.error('server starting on port ' + process.env.PORT);","        local.http.createServer(function (request, response) {","            request.urlParsed = local.url.parse(request.url);","            if (local.assetsDict[request.urlParsed.pathname] !== undefined) {","                response.end(local.assetsDict[request.urlParsed.pathname]);","                return;","            }","            response.statusCode = 404;","            response.end();","        }).listen(process.env.PORT);","        break;","    }","}());",""],"l":{"26":2,"28":2,"33":2,"35":2,"37":2,"38":2,"39":2,"44":1,"51":2,"55":2,"59":2,"61":2,"69":1,"70":2,"76":2,"79":2,"82":2,"83":2,"85":1,"89":2,"92":1,"93":1,"94":1,"96":1,"97":1,"100":1,"101":1,"103":1,"106":1,"108":2,"114":1,"116":1,"118":1,"123":1,"124":2,"125":2,"126":2,"127":2,"128":2,"129":2,"130":1,"133":2,"134":2,"139":2,"143":1,"144":3,"145":1,"149":1,"150":1,"158":1,"160":1,"161":1,"162":1,"164":1,"166":1,"258":1,"259":1,"271":1,"274":6,"275":6,"277":1,"279":2,"281":1,"283":2,"288":1,"289":1,"291":1,"294":1,"302":1,"305":1,"306":1,"309":1,"310":1,"312":1,"313":1,"314":1,"315":1,"316":1,"317":1,"318":1,"320":1,"321":1,"323":1}},"/home/travis/build/npmtest/node-npmtest-expect/expect/lib/index.js":{"path":"/home/travis/build/npmtest/node-npmtest-expect/expect/lib/index.js","s":{"1":1,"2":1,"3":1,"4":1,"5":1,"6":1,"7":1,"8":1,"9":3,"10":1,"11":0,"12":1,"13":1,"14":1,"15":1,"16":1,"17":1,"18":1},"b":{"1":[3,0],"2":[3,3]},"f":{"1":3,"2":0},"fnMap":{"1":{"name":"_interopRequireDefault","line":17,"loc":{"start":{"line":17,"column":0},"end":{"line":17,"column":37}}},"2":{"name":"expect","line":19,"loc":{"start":{"line":19,"column":0},"end":{"line":19,"column":24}}}},"statementMap":{"1":{"start":{"line":3,"column":0},"end":{"line":3,"column":44}},"2":{"start":{"line":5,"column":0},"end":{"line":5,"column":57}},"3":{"start":{"line":7,"column":0},"end":{"line":7,"column":38}},"4":{"start":{"line":9,"column":0},"end":{"line":9,"column":34}},"5":{"start":{"line":11,"column":0},"end":{"line":11,"column":47}},"6":{"start":{"line":13,"column":0},"end":{"line":13,"column":34}},"7":{"start":{"line":15,"column":0},"end":{"line":15,"column":47}},"8":{"start":{"line":17,"column":0},"end":{"line":17,"column":95}},"9":{"start":{"line":17,"column":39},"end":{"line":17,"column":93}},"10":{"start":{"line":19,"column":0},"end":{"line":21,"column":1}},"11":{"start":{"line":20,"column":2},"end":{"line":20,"column":43}},"12":{"start":{"line":23,"column":0},"end":{"line":23,"column":39}},"13":{"start":{"line":24,"column":0},"end":{"line":24,"column":31}},"14":{"start":{"line":25,"column":0},"end":{"line":25,"column":31}},"15":{"start":{"line":26,"column":0},"end":{"line":26,"column":45}},"16":{"start":{"line":27,"column":0},"end":{"line":27,"column":33}},"17":{"start":{"line":28,"column":0},"end":{"line":28,"column":33}},"18":{"start":{"line":30,"column":0},"end":{"line":30,"column":24}}},"branchMap":{"1":{"line":17,"type":"cond-expr","locations":[{"start":{"line":17,"column":70},"end":{"line":17,"column":73}},{"start":{"line":17,"column":76},"end":{"line":17,"column":92}}]},"2":{"line":17,"type":"binary-expr","locations":[{"start":{"line":17,"column":46},"end":{"line":17,"column":49}},{"start":{"line":17,"column":53},"end":{"line":17,"column":67}}]}},"code":["'use strict';","","var _Expectation = require('./Expectation');","","var _Expectation2 = _interopRequireDefault(_Expectation);","","var _SpyUtils = require('./SpyUtils');","","var _assert = require('./assert');","","var _assert2 = _interopRequireDefault(_assert);","","var _extend = require('./extend');","","var _extend2 = _interopRequireDefault(_extend);","","function _interopRequireDefault(obj) { return obj && obj.__esModule ? obj : { default: obj }; }","","function expect(actual) {","  return new _Expectation2.default(actual);","}","","expect.createSpy = _SpyUtils.createSpy;","expect.spyOn = _SpyUtils.spyOn;","expect.isSpy = _SpyUtils.isSpy;","expect.restoreSpies = _SpyUtils.restoreSpies;","expect.assert = _assert2.default;","expect.extend = _extend2.default;","","module.exports = expect;"],"l":{"3":1,"5":1,"7":1,"9":1,"11":1,"13":1,"15":1,"17":3,"19":1,"20":0,"23":1,"24":1,"25":1,"26":1,"27":1,"28":1,"30":1}},"/home/travis/build/npmtest/node-npmtest-expect/expect/lib/Expectation.js":{"path":"/home/travis/build/npmtest/node-npmtest-expect/expect/lib/Expectation.js","s":{"1":1,"2":1,"3":0,"4":0,"5":1,"6":1,"7":1,"8":25,"9":25,"10":25,"11":25,"12":25,"13":25,"14":1,"15":1,"16":1,"17":1,"18":0,"19":1,"20":1,"21":1,"22":1,"23":1,"24":1,"25":1,"26":1,"27":1,"28":1,"29":3,"30":1,"31":0,"32":0,"33":1,"34":1,"35":0,"36":0,"37":0,"38":0,"39":0,"40":1,"41":0,"42":0,"43":0,"44":0,"45":0,"46":0,"47":0,"48":0,"49":0,"50":0,"51":0,"52":0,"53":0,"54":0,"55":0,"56":0,"57":0,"58":0,"59":0,"60":0,"61":0,"62":0,"63":0,"64":0,"65":0,"66":0,"67":0,"68":0,"69":0,"70":0,"71":0,"72":0,"73":0,"74":0,"75":0,"76":0,"77":0,"78":0,"79":0,"80":0,"81":0,"82":0,"83":0,"84":0,"85":0,"86":0,"87":0,"88":0,"89":0,"90":0,"91":0,"92":0,"93":0,"94":0,"95":0,"96":0,"97":0,"98":0,"99":0,"100":0,"101":0,"102":0,"103":0,"104":0,"105":0,"106":0,"107":0,"108":0,"109":0,"110":0,"111":0,"112":0,"113":0,"114":0,"115":0,"116":0,"117":0,"118":0,"119":0,"120":0,"121":0,"122":0,"123":0,"124":0,"125":0,"126":0,"127":0,"128":0,"129":0,"130":0,"131":0,"132":0,"133":0,"134":0,"135":0,"136":0,"137":0,"138":0,"139":0,"140":0,"141":0,"142":0,"143":0,"144":0,"145":0,"146":0,"147":0,"148":0,"149":0,"150":0,"151":0,"152":0,"153":0,"154":0,"155":0,"156":0,"157":0,"158":0,"159":0,"160":0,"161":0,"162":0,"163":0,"164":0,"165":1,"166":1,"167":2,"168":2,"169":0,"170":0,"171":0,"172":0,"173":0,"174":0,"175":1,"176":0,"177":0,"178":0,"179":1,"180":0,"181":0,"182":0,"183":0,"184":0,"185":1,"186":1,"187":15,"188":15,"189":1},"b":{"1":[1,0],"2":[1,1],"3":[0,0],"4":[0,0,0],"5":[25,25],"6":[25,0],"7":[1,0],"8":[0,1],"9":[1,2],"10":[3,3],"11":[0,0],"12":[0,0],"13":[0,0],"14":[0,0],"15":[0,0],"16":[0,0],"17":[0,0],"18":[0,0],"19":[0,0],"20":[0,0],"21":[0,0],"22":[0,0],"23":[0,0],"24":[0,0],"25":[0,0],"26":[0,0],"27":[0,0],"28":[0,0],"29":[0,0],"30":[0,0],"31":[0,0],"32":[0,0],"33":[0,0],"34":[0,0],"35":[0,0],"36":[0,0],"37":[0,0],"38":[0,0],"39":[0,0],"40":[0,0],"41":[0,0],"42":[0,0],"43":[0,0],"44":[0,0],"45":[0,0],"46":[0,0],"47":[0,0],"48":[0,0],"49":[0,0],"50":[0,0],"51":[0,0],"52":[0,0],"53":[0,0],"54":[0,0],"55":[15,0]},"f":{"1":0,"2":0,"3":1,"4":1,"5":1,"6":3,"7":0,"8":1,"9":0,"10":0,"11":0,"12":0,"13":0,"14":0,"15":0,"16":0,"17":0,"18":0,"19":0,"20":0,"21":0,"22":0,"23":0,"24":0,"25":0,"26":0,"27":0,"28":0,"29":0,"30":0,"31":0,"32":0,"33":0,"34":0,"35":0,"36":0,"37":0,"38":2,"39":0,"40":0,"41":0},"fnMap":{"1":{"name":"(anonymous_1)","line":7,"loc":{"start":{"line":7,"column":84},"end":{"line":7,"column":99}}},"2":{"name":"(anonymous_2)","line":7,"loc":{"start":{"line":7,"column":124},"end":{"line":7,"column":139}}},"3":{"name":"(anonymous_3)","line":9,"loc":{"start":{"line":9,"column":19},"end":{"line":9,"column":31}}},"4":{"name":"defineProperties","line":9,"loc":{"start":{"line":9,"column":33},"end":{"line":9,"column":74}}},"5":{"name":"(anonymous_5)","line":9,"loc":{"start":{"line":9,"column":357},"end":{"line":9,"column":405}}},"6":{"name":"_interopRequireDefault","line":27,"loc":{"start":{"line":27,"column":0},"end":{"line":27,"column":37}}},"7":{"name":"_classCallCheck","line":29,"loc":{"start":{"line":29,"column":0},"end":{"line":29,"column":48}}},"8":{"name":"(anonymous_8)","line":37,"loc":{"start":{"line":37,"column":18},"end":{"line":37,"column":30}}},"9":{"name":"Expectation","line":38,"loc":{"start":{"line":38,"column":2},"end":{"line":38,"column":31}}},"10":{"name":"toExist","line":51,"loc":{"start":{"line":51,"column":11},"end":{"line":51,"column":37}}},"11":{"name":"toNotExist","line":58,"loc":{"start":{"line":58,"column":11},"end":{"line":58,"column":40}}},"12":{"name":"toBe","line":65,"loc":{"start":{"line":65,"column":11},"end":{"line":65,"column":41}}},"13":{"name":"toNotBe","line":72,"loc":{"start":{"line":72,"column":11},"end":{"line":72,"column":44}}},"14":{"name":"toEqual","line":79,"loc":{"start":{"line":79,"column":11},"end":{"line":79,"column":44}}},"15":{"name":"toNotEqual","line":94,"loc":{"start":{"line":94,"column":11},"end":{"line":94,"column":47}}},"16":{"name":"toThrow","line":101,"loc":{"start":{"line":101,"column":11},"end":{"line":101,"column":44}}},"17":{"name":"toNotThrow","line":110,"loc":{"start":{"line":110,"column":11},"end":{"line":110,"column":47}}},"18":{"name":"toBeA","line":119,"loc":{"start":{"line":119,"column":11},"end":{"line":119,"column":42}}},"19":{"name":"toNotBeA","line":128,"loc":{"start":{"line":128,"column":11},"end":{"line":128,"column":45}}},"20":{"name":"toMatch","line":137,"loc":{"start":{"line":137,"column":11},"end":{"line":137,"column":46}}},"21":{"name":"toNotMatch","line":144,"loc":{"start":{"line":144,"column":11},"end":{"line":144,"column":49}}},"22":{"name":"toBeLessThan","line":151,"loc":{"start":{"line":151,"column":11},"end":{"line":151,"column":49}}},"23":{"name":"toBeLessThanOrEqualTo","line":162,"loc":{"start":{"line":162,"column":11},"end":{"line":162,"column":58}}},"24":{"name":"toBeGreaterThan","line":173,"loc":{"start":{"line":173,"column":11},"end":{"line":173,"column":52}}},"25":{"name":"toBeGreaterThanOrEqualTo","line":184,"loc":{"start":{"line":184,"column":11},"end":{"line":184,"column":61}}},"26":{"name":"toInclude","line":195,"loc":{"start":{"line":195,"column":11},"end":{"line":195,"column":61}}},"27":{"name":"toExclude","line":221,"loc":{"start":{"line":221,"column":11},"end":{"line":221,"column":61}}},"28":{"name":"toIncludeKeys","line":247,"loc":{"start":{"line":247,"column":11},"end":{"line":247,"column":61}}},"29":{"name":"(anonymous_29)","line":261,"loc":{"start":{"line":261,"column":32},"end":{"line":261,"column":47}}},"30":{"name":"toIncludeKey","line":271,"loc":{"start":{"line":271,"column":11},"end":{"line":271,"column":38}}},"31":{"name":"toExcludeKeys","line":280,"loc":{"start":{"line":280,"column":11},"end":{"line":280,"column":61}}},"32":{"name":"(anonymous_32)","line":294,"loc":{"start":{"line":294,"column":32},"end":{"line":294,"column":47}}},"33":{"name":"toExcludeKey","line":304,"loc":{"start":{"line":304,"column":11},"end":{"line":304,"column":38}}},"34":{"name":"toHaveBeenCalled","line":313,"loc":{"start":{"line":313,"column":11},"end":{"line":313,"column":46}}},"35":{"name":"toHaveBeenCalledWith","line":324,"loc":{"start":{"line":324,"column":11},"end":{"line":324,"column":43}}},"36":{"name":"(anonymous_36)","line":333,"loc":{"start":{"line":333,"column":43},"end":{"line":333,"column":59}}},"37":{"name":"toNotHaveBeenCalled","line":341,"loc":{"start":{"line":341,"column":11},"end":{"line":341,"column":49}}},"38":{"name":"deprecate","line":355,"loc":{"start":{"line":355,"column":16},"end":{"line":355,"column":48}}},"39":{"name":"(anonymous_39)","line":358,"loc":{"start":{"line":358,"column":9},"end":{"line":358,"column":21}}},"40":{"name":"(anonymous_40)","line":372,"loc":{"start":{"line":372,"column":46},"end":{"line":372,"column":65}}},"41":{"name":"(anonymous_41)","line":380,"loc":{"start":{"line":380,"column":43},"end":{"line":380,"column":55}}}},"statementMap":{"1":{"start":{"line":3,"column":0},"end":{"line":5,"column":3}},"2":{"start":{"line":7,"column":0},"end":{"line":7,"column":241}},"3":{"start":{"line":7,"column":101},"end":{"line":7,"column":119}},"4":{"start":{"line":7,"column":141},"end":{"line":7,"column":238}},"5":{"start":{"line":9,"column":0},"end":{"line":9,"column":564}},"6":{"start":{"line":9,"column":33},"end":{"line":9,"column":349}},"7":{"start":{"line":9,"column":76},"end":{"line":9,"column":347}},"8":{"start":{"line":9,"column":117},"end":{"line":9,"column":143}},"9":{"start":{"line":9,"column":144},"end":{"line":9,"column":199}},"10":{"start":{"line":9,"column":200},"end":{"line":9,"column":231}},"11":{"start":{"line":9,"column":232},"end":{"line":9,"column":286}},"12":{"start":{"line":9,"column":259},"end":{"line":9,"column":286}},"13":{"start":{"line":9,"column":287},"end":{"line":9,"column":345}},"14":{"start":{"line":9,"column":350},"end":{"line":9,"column":559}},"15":{"start":{"line":9,"column":407},"end":{"line":9,"column":475}},"16":{"start":{"line":9,"column":423},"end":{"line":9,"column":475}},"17":{"start":{"line":9,"column":476},"end":{"line":9,"column":536}},"18":{"start":{"line":9,"column":493},"end":{"line":9,"column":536}},"19":{"start":{"line":9,"column":537},"end":{"line":9,"column":556}},"20":{"start":{"line":11,"column":0},"end":{"line":11,"column":26}},"21":{"start":{"line":13,"column":0},"end":{"line":13,"column":41}},"22":{"start":{"line":15,"column":0},"end":{"line":15,"column":32}},"23":{"start":{"line":17,"column":0},"end":{"line":17,"column":47}},"24":{"start":{"line":19,"column":0},"end":{"line":19,"column":34}},"25":{"start":{"line":21,"column":0},"end":{"line":21,"column":47}},"26":{"start":{"line":23,"column":0},"end":{"line":23,"column":38}},"27":{"start":{"line":25,"column":0},"end":{"line":25,"column":40}},"28":{"start":{"line":27,"column":0},"end":{"line":27,"column":95}},"29":{"start":{"line":27,"column":39},"end":{"line":27,"column":93}},"30":{"start":{"line":29,"column":0},"end":{"line":29,"column":153}},"31":{"start":{"line":29,"column":50},"end":{"line":29,"column":151}},"32":{"start":{"line":29,"column":92},"end":{"line":29,"column":149}},"33":{"start":{"line":37,"column":0},"end":{"line":353,"column":4}},"34":{"start":{"line":38,"column":2},"end":{"line":47,"column":3}},"35":{"start":{"line":39,"column":4},"end":{"line":39,"column":39}},"36":{"start":{"line":41,"column":4},"end":{"line":41,"column":25}},"37":{"start":{"line":43,"column":4},"end":{"line":46,"column":5}},"38":{"start":{"line":44,"column":6},"end":{"line":44,"column":26}},"39":{"start":{"line":45,"column":6},"end":{"line":45,"column":21}},"40":{"start":{"line":49,"column":2},"end":{"line":350,"column":6}},"41":{"start":{"line":52,"column":6},"end":{"line":52,"column":89}},"42":{"start":{"line":54,"column":6},"end":{"line":54,"column":18}},"43":{"start":{"line":59,"column":6},"end":{"line":59,"column":94}},"44":{"start":{"line":61,"column":6},"end":{"line":61,"column":18}},"45":{"start":{"line":66,"column":6},"end":{"line":66,"column":106}},"46":{"start":{"line":68,"column":6},"end":{"line":68,"column":18}},"47":{"start":{"line":73,"column":6},"end":{"line":73,"column":110}},"48":{"start":{"line":75,"column":6},"end":{"line":75,"column":18}},"49":{"start":{"line":80,"column":6},"end":{"line":88,"column":7}},"50":{"start":{"line":81,"column":8},"end":{"line":81,"column":133}},"51":{"start":{"line":84,"column":8},"end":{"line":84,"column":35}},"52":{"start":{"line":85,"column":8},"end":{"line":85,"column":31}},"53":{"start":{"line":86,"column":8},"end":{"line":86,"column":30}},"54":{"start":{"line":87,"column":8},"end":{"line":87,"column":20}},"55":{"start":{"line":90,"column":6},"end":{"line":90,"column":18}},"56":{"start":{"line":95,"column":6},"end":{"line":95,"column":136}},"57":{"start":{"line":97,"column":6},"end":{"line":97,"column":18}},"58":{"start":{"line":102,"column":6},"end":{"line":102,"column":168}},"59":{"start":{"line":104,"column":6},"end":{"line":104,"column":177}},"60":{"start":{"line":106,"column":6},"end":{"line":106,"column":18}},"61":{"start":{"line":111,"column":6},"end":{"line":111,"column":171}},"62":{"start":{"line":113,"column":6},"end":{"line":113,"column":182}},"63":{"start":{"line":115,"column":6},"end":{"line":115,"column":18}},"64":{"start":{"line":120,"column":6},"end":{"line":120,"column":163}},"65":{"start":{"line":122,"column":6},"end":{"line":122,"column":126}},"66":{"start":{"line":124,"column":6},"end":{"line":124,"column":18}},"67":{"start":{"line":129,"column":6},"end":{"line":129,"column":166}},"68":{"start":{"line":131,"column":6},"end":{"line":131,"column":131}},"69":{"start":{"line":133,"column":6},"end":{"line":133,"column":18}},"70":{"start":{"line":138,"column":6},"end":{"line":138,"column":133}},"71":{"start":{"line":140,"column":6},"end":{"line":140,"column":18}},"72":{"start":{"line":145,"column":6},"end":{"line":145,"column":138}},"73":{"start":{"line":147,"column":6},"end":{"line":147,"column":18}},"74":{"start":{"line":152,"column":6},"end":{"line":152,"column":136}},"75":{"start":{"line":154,"column":6},"end":{"line":154,"column":119}},"76":{"start":{"line":156,"column":6},"end":{"line":156,"column":114}},"77":{"start":{"line":158,"column":6},"end":{"line":158,"column":18}},"78":{"start":{"line":163,"column":6},"end":{"line":163,"column":145}},"79":{"start":{"line":165,"column":6},"end":{"line":165,"column":128}},"80":{"start":{"line":167,"column":6},"end":{"line":167,"column":127}},"81":{"start":{"line":169,"column":6},"end":{"line":169,"column":18}},"82":{"start":{"line":174,"column":6},"end":{"line":174,"column":139}},"83":{"start":{"line":176,"column":6},"end":{"line":176,"column":122}},"84":{"start":{"line":178,"column":6},"end":{"line":178,"column":117}},"85":{"start":{"line":180,"column":6},"end":{"line":180,"column":18}},"86":{"start":{"line":185,"column":6},"end":{"line":185,"column":148}},"87":{"start":{"line":187,"column":6},"end":{"line":187,"column":131}},"88":{"start":{"line":189,"column":6},"end":{"line":189,"column":130}},"89":{"start":{"line":191,"column":6},"end":{"line":191,"column":18}},"90":{"start":{"line":196,"column":6},"end":{"line":199,"column":7}},"91":{"start":{"line":197,"column":8},"end":{"line":197,"column":32}},"92":{"start":{"line":198,"column":8},"end":{"line":198,"column":29}},"93":{"start":{"line":201,"column":6},"end":{"line":201,"column":68}},"94":{"start":{"line":201,"column":33},"end":{"line":201,"column":68}},"95":{"start":{"line":203,"column":6},"end":{"line":203,"column":27}},"96":{"start":{"line":205,"column":6},"end":{"line":213,"column":7}},"97":{"start":{"line":206,"column":8},"end":{"line":206,"column":84}},"98":{"start":{"line":207,"column":13},"end":{"line":213,"column":7}},"99":{"start":{"line":208,"column":8},"end":{"line":208,"column":85}},"100":{"start":{"line":209,"column":13},"end":{"line":213,"column":7}},"101":{"start":{"line":210,"column":8},"end":{"line":210,"column":70}},"102":{"start":{"line":212,"column":8},"end":{"line":212,"column":130}},"103":{"start":{"line":215,"column":6},"end":{"line":215,"column":98}},"104":{"start":{"line":217,"column":6},"end":{"line":217,"column":18}},"105":{"start":{"line":222,"column":6},"end":{"line":225,"column":7}},"106":{"start":{"line":223,"column":8},"end":{"line":223,"column":32}},"107":{"start":{"line":224,"column":8},"end":{"line":224,"column":29}},"108":{"start":{"line":227,"column":6},"end":{"line":227,"column":68}},"109":{"start":{"line":227,"column":33},"end":{"line":227,"column":68}},"110":{"start":{"line":229,"column":6},"end":{"line":229,"column":27}},"111":{"start":{"line":231,"column":6},"end":{"line":239,"column":7}},"112":{"start":{"line":232,"column":8},"end":{"line":232,"column":84}},"113":{"start":{"line":233,"column":13},"end":{"line":239,"column":7}},"114":{"start":{"line":234,"column":8},"end":{"line":234,"column":85}},"115":{"start":{"line":235,"column":13},"end":{"line":239,"column":7}},"116":{"start":{"line":236,"column":8},"end":{"line":236,"column":70}},"117":{"start":{"line":238,"column":8},"end":{"line":238,"column":130}},"118":{"start":{"line":241,"column":6},"end":{"line":241,"column":99}},"119":{"start":{"line":243,"column":6},"end":{"line":243,"column":18}},"120":{"start":{"line":248,"column":6},"end":{"line":248,"column":23}},"121":{"start":{"line":250,"column":6},"end":{"line":253,"column":7}},"122":{"start":{"line":251,"column":8},"end":{"line":251,"column":29}},"123":{"start":{"line":252,"column":8},"end":{"line":252,"column":26}},"124":{"start":{"line":255,"column":6},"end":{"line":255,"column":57}},"125":{"start":{"line":255,"column":30},"end":{"line":255,"column":57}},"126":{"start":{"line":257,"column":6},"end":{"line":257,"column":161}},"127":{"start":{"line":259,"column":6},"end":{"line":259,"column":151}},"128":{"start":{"line":261,"column":6},"end":{"line":263,"column":9}},"129":{"start":{"line":262,"column":8},"end":{"line":262,"column":45}},"130":{"start":{"line":265,"column":6},"end":{"line":265,"column":115}},"131":{"start":{"line":267,"column":6},"end":{"line":267,"column":18}},"132":{"start":{"line":272,"column":6},"end":{"line":274,"column":7}},"133":{"start":{"line":273,"column":8},"end":{"line":273,"column":41}},"134":{"start":{"line":276,"column":6},"end":{"line":276,"column":66}},"135":{"start":{"line":281,"column":6},"end":{"line":281,"column":24}},"136":{"start":{"line":283,"column":6},"end":{"line":286,"column":7}},"137":{"start":{"line":284,"column":8},"end":{"line":284,"column":29}},"138":{"start":{"line":285,"column":8},"end":{"line":285,"column":26}},"139":{"start":{"line":288,"column":6},"end":{"line":288,"column":57}},"140":{"start":{"line":288,"column":30},"end":{"line":288,"column":57}},"141":{"start":{"line":290,"column":6},"end":{"line":290,"column":161}},"142":{"start":{"line":292,"column":6},"end":{"line":292,"column":151}},"143":{"start":{"line":294,"column":6},"end":{"line":296,"column":9}},"144":{"start":{"line":295,"column":8},"end":{"line":295,"column":46}},"145":{"start":{"line":298,"column":6},"end":{"line":298,"column":116}},"146":{"start":{"line":300,"column":6},"end":{"line":300,"column":18}},"147":{"start":{"line":305,"column":6},"end":{"line":307,"column":7}},"148":{"start":{"line":306,"column":8},"end":{"line":306,"column":43}},"149":{"start":{"line":309,"column":6},"end":{"line":309,"column":66}},"150":{"start":{"line":314,"column":6},"end":{"line":314,"column":28}},"151":{"start":{"line":316,"column":6},"end":{"line":316,"column":131}},"152":{"start":{"line":318,"column":6},"end":{"line":318,"column":83}},"153":{"start":{"line":320,"column":6},"end":{"line":320,"column":18}},"154":{"start":{"line":325,"column":6},"end":{"line":327,"column":7}},"155":{"start":{"line":326,"column":8},"end":{"line":326,"column":47}},"156":{"start":{"line":329,"column":6},"end":{"line":329,"column":28}},"157":{"start":{"line":331,"column":6},"end":{"line":331,"column":135}},"158":{"start":{"line":333,"column":6},"end":{"line":335,"column":56}},"159":{"start":{"line":334,"column":8},"end":{"line":334,"column":69}},"160":{"start":{"line":337,"column":6},"end":{"line":337,"column":18}},"161":{"start":{"line":342,"column":6},"end":{"line":342,"column":28}},"162":{"start":{"line":344,"column":6},"end":{"line":344,"column":134}},"163":{"start":{"line":346,"column":6},"end":{"line":346,"column":100}},"164":{"start":{"line":348,"column":6},"end":{"line":348,"column":18}},"165":{"start":{"line":352,"column":2},"end":{"line":352,"column":21}},"166":{"start":{"line":355,"column":0},"end":{"line":370,"column":2}},"167":{"start":{"line":356,"column":2},"end":{"line":356,"column":28}},"168":{"start":{"line":358,"column":2},"end":{"line":369,"column":4}},"169":{"start":{"line":359,"column":4},"end":{"line":362,"column":5}},"170":{"start":{"line":360,"column":6},"end":{"line":360,"column":27}},"171":{"start":{"line":361,"column":6},"end":{"line":361,"column":28}},"172":{"start":{"line":364,"column":4},"end":{"line":366,"column":5}},"173":{"start":{"line":365,"column":6},"end":{"line":365,"column":37}},"174":{"start":{"line":368,"column":4},"end":{"line":368,"column":32}},"175":{"start":{"line":372,"column":0},"end":{"line":378,"column":164}},"176":{"start":{"line":373,"column":2},"end":{"line":373,"column":141}},"177":{"start":{"line":375,"column":2},"end":{"line":375,"column":25}},"178":{"start":{"line":377,"column":2},"end":{"line":377,"column":14}},"179":{"start":{"line":380,"column":0},"end":{"line":388,"column":153}},"180":{"start":{"line":381,"column":2},"end":{"line":381,"column":12}},"181":{"start":{"line":383,"column":2},"end":{"line":383,"column":138}},"182":{"start":{"line":385,"column":2},"end":{"line":385,"column":87}},"183":{"start":{"line":385,"column":24},"end":{"line":385,"column":87}},"184":{"start":{"line":387,"column":2},"end":{"line":387,"column":14}},"185":{"start":{"line":390,"column":0},"end":{"line":406,"column":2}},"186":{"start":{"line":408,"column":0},"end":{"line":410,"column":1}},"187":{"start":{"line":409,"column":2},"end":{"line":409,"column":106}},"188":{"start":{"line":409,"column":37},"end":{"line":409,"column":106}},"189":{"start":{"line":410,"column":1},"end":{"line":410,"column":31}}},"branchMap":{"1":{"line":7,"type":"cond-expr","locations":[{"start":{"line":7,"column":84},"end":{"line":7,"column":121}},{"start":{"line":7,"column":124},"end":{"line":7,"column":240}}]},"2":{"line":7,"type":"binary-expr","locations":[{"start":{"line":7,"column":14},"end":{"line":7,"column":42}},{"start":{"line":7,"column":46},"end":{"line":7,"column":81}}]},"3":{"line":7,"type":"cond-expr","locations":[{"start":{"line":7,"column":216},"end":{"line":7,"column":224}},{"start":{"line":7,"column":227},"end":{"line":7,"column":237}}]},"4":{"line":7,"type":"binary-expr","locations":[{"start":{"line":7,"column":148},"end":{"line":7,"column":151}},{"start":{"line":7,"column":155},"end":{"line":7,"column":183}},{"start":{"line":7,"column":187},"end":{"line":7,"column":213}}]},"5":{"line":9,"type":"binary-expr","locations":[{"start":{"line":9,"column":168},"end":{"line":9,"column":189}},{"start":{"line":9,"column":193},"end":{"line":9,"column":198}}]},"6":{"line":9,"type":"if","locations":[{"start":{"line":9,"column":232},"end":{"line":9,"column":232}},{"start":{"line":9,"column":232},"end":{"line":9,"column":232}}]},"7":{"line":9,"type":"if","locations":[{"start":{"line":9,"column":407},"end":{"line":9,"column":407}},{"start":{"line":9,"column":407},"end":{"line":9,"column":407}}]},"8":{"line":9,"type":"if","locations":[{"start":{"line":9,"column":476},"end":{"line":9,"column":476}},{"start":{"line":9,"column":476},"end":{"line":9,"column":476}}]},"9":{"line":27,"type":"cond-expr","locations":[{"start":{"line":27,"column":70},"end":{"line":27,"column":73}},{"start":{"line":27,"column":76},"end":{"line":27,"column":92}}]},"10":{"line":27,"type":"binary-expr","locations":[{"start":{"line":27,"column":46},"end":{"line":27,"column":49}},{"start":{"line":27,"column":53},"end":{"line":27,"column":67}}]},"11":{"line":29,"type":"if","locations":[{"start":{"line":29,"column":50},"end":{"line":29,"column":50}},{"start":{"line":29,"column":50},"end":{"line":29,"column":50}}]},"12":{"line":43,"type":"if","locations":[{"start":{"line":43,"column":4},"end":{"line":43,"column":4}},{"start":{"line":43,"column":4},"end":{"line":43,"column":4}}]},"13":{"line":52,"type":"binary-expr","locations":[{"start":{"line":52,"column":41},"end":{"line":52,"column":48}},{"start":{"line":52,"column":52},"end":{"line":52,"column":74}}]},"14":{"line":59,"type":"binary-expr","locations":[{"start":{"line":59,"column":42},"end":{"line":59,"column":49}},{"start":{"line":59,"column":53},"end":{"line":59,"column":79}}]},"15":{"line":66,"type":"binary-expr","locations":[{"start":{"line":66,"column":51},"end":{"line":66,"column":58}},{"start":{"line":66,"column":62},"end":{"line":66,"column":84}}]},"16":{"line":73,"type":"binary-expr","locations":[{"start":{"line":73,"column":51},"end":{"line":73,"column":58}},{"start":{"line":73,"column":62},"end":{"line":73,"column":88}}]},"17":{"line":81,"type":"binary-expr","locations":[{"start":{"line":81,"column":75},"end":{"line":81,"column":82}},{"start":{"line":81,"column":86},"end":{"line":81,"column":111}}]},"18":{"line":95,"type":"binary-expr","locations":[{"start":{"line":95,"column":74},"end":{"line":95,"column":81}},{"start":{"line":95,"column":85},"end":{"line":95,"column":114}}]},"19":{"line":104,"type":"binary-expr","locations":[{"start":{"line":104,"column":105},"end":{"line":104,"column":112}},{"start":{"line":104,"column":116},"end":{"line":104,"column":141}}]},"20":{"line":104,"type":"binary-expr","locations":[{"start":{"line":104,"column":156},"end":{"line":104,"column":161}},{"start":{"line":104,"column":165},"end":{"line":104,"column":175}}]},"21":{"line":113,"type":"binary-expr","locations":[{"start":{"line":113,"column":106},"end":{"line":113,"column":113}},{"start":{"line":113,"column":117},"end":{"line":113,"column":146}}]},"22":{"line":113,"type":"binary-expr","locations":[{"start":{"line":113,"column":161},"end":{"line":113,"column":166}},{"start":{"line":113,"column":170},"end":{"line":113,"column":180}}]},"23":{"line":120,"type":"binary-expr","locations":[{"start":{"line":120,"column":28},"end":{"line":120,"column":61}},{"start":{"line":120,"column":65},"end":{"line":120,"column":90}}]},"24":{"line":122,"type":"binary-expr","locations":[{"start":{"line":122,"column":69},"end":{"line":122,"column":76}},{"start":{"line":122,"column":80},"end":{"line":122,"column":104}}]},"25":{"line":129,"type":"binary-expr","locations":[{"start":{"line":129,"column":28},"end":{"line":129,"column":61}},{"start":{"line":129,"column":65},"end":{"line":129,"column":90}}]},"26":{"line":131,"type":"binary-expr","locations":[{"start":{"line":131,"column":70},"end":{"line":131,"column":77}},{"start":{"line":131,"column":81},"end":{"line":131,"column":109}}]},"27":{"line":138,"type":"binary-expr","locations":[{"start":{"line":138,"column":73},"end":{"line":138,"column":80}},{"start":{"line":138,"column":84},"end":{"line":138,"column":109}}]},"28":{"line":145,"type":"binary-expr","locations":[{"start":{"line":145,"column":74},"end":{"line":145,"column":81}},{"start":{"line":145,"column":85},"end":{"line":145,"column":114}}]},"29":{"line":156,"type":"binary-expr","locations":[{"start":{"line":156,"column":49},"end":{"line":156,"column":56}},{"start":{"line":156,"column":60},"end":{"line":156,"column":92}}]},"30":{"line":167,"type":"binary-expr","locations":[{"start":{"line":167,"column":50},"end":{"line":167,"column":57}},{"start":{"line":167,"column":61},"end":{"line":167,"column":105}}]},"31":{"line":178,"type":"binary-expr","locations":[{"start":{"line":178,"column":49},"end":{"line":178,"column":56}},{"start":{"line":178,"column":60},"end":{"line":178,"column":95}}]},"32":{"line":189,"type":"binary-expr","locations":[{"start":{"line":189,"column":50},"end":{"line":189,"column":57}},{"start":{"line":189,"column":61},"end":{"line":189,"column":108}}]},"33":{"line":196,"type":"if","locations":[{"start":{"line":196,"column":6},"end":{"line":196,"column":6}},{"start":{"line":196,"column":6},"end":{"line":196,"column":6}}]},"34":{"line":201,"type":"if","locations":[{"start":{"line":201,"column":6},"end":{"line":201,"column":6}},{"start":{"line":201,"column":6},"end":{"line":201,"column":6}}]},"35":{"line":205,"type":"if","locations":[{"start":{"line":205,"column":6},"end":{"line":205,"column":6}},{"start":{"line":205,"column":6},"end":{"line":205,"column":6}}]},"36":{"line":207,"type":"if","locations":[{"start":{"line":207,"column":13},"end":{"line":207,"column":13}},{"start":{"line":207,"column":13},"end":{"line":207,"column":13}}]},"37":{"line":209,"type":"if","locations":[{"start":{"line":209,"column":13},"end":{"line":209,"column":13}},{"start":{"line":209,"column":13},"end":{"line":209,"column":13}}]},"38":{"line":215,"type":"binary-expr","locations":[{"start":{"line":215,"column":38},"end":{"line":215,"column":45}},{"start":{"line":215,"column":49},"end":{"line":215,"column":76}}]},"39":{"line":222,"type":"if","locations":[{"start":{"line":222,"column":6},"end":{"line":222,"column":6}},{"start":{"line":222,"column":6},"end":{"line":222,"column":6}}]},"40":{"line":227,"type":"if","locations":[{"start":{"line":227,"column":6},"end":{"line":227,"column":6}},{"start":{"line":227,"column":6},"end":{"line":227,"column":6}}]},"41":{"line":231,"type":"if","locations":[{"start":{"line":231,"column":6},"end":{"line":231,"column":6}},{"start":{"line":231,"column":6},"end":{"line":231,"column":6}}]},"42":{"line":233,"type":"if","locations":[{"start":{"line":233,"column":13},"end":{"line":233,"column":13}},{"start":{"line":233,"column":13},"end":{"line":233,"column":13}}]},"43":{"line":235,"type":"if","locations":[{"start":{"line":235,"column":13},"end":{"line":235,"column":13}},{"start":{"line":235,"column":13},"end":{"line":235,"column":13}}]},"44":{"line":241,"type":"binary-expr","locations":[{"start":{"line":241,"column":39},"end":{"line":241,"column":46}},{"start":{"line":241,"column":50},"end":{"line":241,"column":77}}]},"45":{"line":250,"type":"if","locations":[{"start":{"line":250,"column":6},"end":{"line":250,"column":6}},{"start":{"line":250,"column":6},"end":{"line":250,"column":6}}]},"46":{"line":255,"type":"if","locations":[{"start":{"line":255,"column":6},"end":{"line":255,"column":6}},{"start":{"line":255,"column":6},"end":{"line":255,"column":6}}]},"47":{"line":265,"type":"binary-expr","locations":[{"start":{"line":265,"column":38},"end":{"line":265,"column":45}},{"start":{"line":265,"column":49},"end":{"line":265,"column":83}}]},"48":{"line":283,"type":"if","locations":[{"start":{"line":283,"column":6},"end":{"line":283,"column":6}},{"start":{"line":283,"column":6},"end":{"line":283,"column":6}}]},"49":{"line":288,"type":"if","locations":[{"start":{"line":28
[...]
29":0,"30":1,"31":0,"32":0,"33":0,"34":0,"35":0,"36":0,"37":0,"38":0,"39":0,"40":0,"41":0,"42":0,"43":0,"44":1,"45":0,"46":0,"47":1,"48":0,"49":0,"50":0,"51":0,"52":0,"53":0,"54":0,"55":1,"56":0,"57":0,"58":0,"59":0,"60":1,"61":0},"b":{"1":[1,0],"2":[1,1],"3":[0,0],"4":[0,0,0],"5":[0,3],"6":[3,3],"7":[0,0],"8":[0,0,0],"9":[0,0],"10":[0,0],"11":[0,0],"12":[0,0],"13":[0,0],"14":[0,0],"15":[0,0],"16":[0,0],"17":[0,0],"18":[0,0],"19":[0,0],"20":[0,0],"21":[0,0],"22":[0,0],"23":[0,0],"24":[0,0],"25":[0,0],"26":[0,0],"27":[0,0]},"f":{"1":0,"2":0,"3":3,"4":0,"5":0,"6":0,"7":0,"8":0,"9":0,"10":0,"11":0,"12":0,"13":0,"14":0,"15":0,"16":0,"17":0,"18":0},"fnMap":{"1":{"name":"(anonymous_1)","line":8,"loc":{"start":{"line":8,"column":84},"end":{"line":8,"column":99}}},"2":{"name":"(anonymous_2)","line":8,"loc":{"start":{"line":8,"column":124},"end":{"line":8,"column":139}}},"3":{"name":"_interopRequireDefault","line":22,"loc":{"start":{"line":22,"column":0},"end":{"line":22,"column":37}}},"4":{"name":"whyNotEqual","line":28,"loc":{"start":{"line":28,"column":40},"end":{"line":28,"column":67}}},"5":{"name":"isEqual","line":35,"loc":{"start":{"line":35,"column":32},"end":{"line":35,"column":55}}},"6":{"name":"isFunction","line":42,"loc":{"start":{"line":42,"column":38},"end":{"line":42,"column":66}}},"7":{"name":"isArray","line":49,"loc":{"start":{"line":49,"column":32},"end":{"line":49,"column":57}}},"8":{"name":"isObject","line":56,"loc":{"start":{"line":56,"column":34},"end":{"line":56,"column":60}}},"9":{"name":"isA","line":64,"loc":{"start":{"line":64,"column":24},"end":{"line":64,"column":52}}},"10":{"name":"functionThrows","line":81,"loc":{"start":{"line":81,"column":46},"end":{"line":81,"column":96}}},"11":{"name":"arrayContains","line":106,"loc":{"start":{"line":106,"column":44},"end":{"line":106,"column":96}}},"12":{"name":"(anonymous_12)","line":107,"loc":{"start":{"line":107,"column":20},"end":{"line":107,"column":36}}},"13":{"name":"ownEnumerableKeys","line":112,"loc":{"start":{"line":112,"column":24},"end":{"line":112,"column":59}}},"14":{"name":"(anonymous_14)","line":114,"loc":{"start":{"line":114,"column":42},"end":{"line":114,"column":57}}},"15":{"name":"(anonymous_15)","line":120,"loc":{"start":{"line":120,"column":55},"end":{"line":120,"column":70}}},"16":{"name":"objectContains","line":133,"loc":{"start":{"line":133,"column":46},"end":{"line":133,"column":100}}},"17":{"name":"(anonymous_17)","line":134,"loc":{"start":{"line":134,"column":40},"end":{"line":134,"column":53}}},"18":{"name":"stringContains","line":144,"loc":{"start":{"line":144,"column":46},"end":{"line":144,"column":85}}}},"statementMap":{"1":{"start":{"line":3,"column":0},"end":{"line":5,"column":3}},"2":{"start":{"line":6,"column":0},"end":{"line":6,"column":221}},"3":{"start":{"line":8,"column":0},"end":{"line":8,"column":241}},"4":{"start":{"line":8,"column":101},"end":{"line":8,"column":119}},"5":{"start":{"line":8,"column":141},"end":{"line":8,"column":238}},"6":{"start":{"line":10,"column":0},"end":{"line":10,"column":35}},"7":{"start":{"line":12,"column":0},"end":{"line":12,"column":49}},"8":{"start":{"line":14,"column":0},"end":{"line":14,"column":35}},"9":{"start":{"line":16,"column":0},"end":{"line":16,"column":41}},"10":{"start":{"line":18,"column":0},"end":{"line":18,"column":41}},"11":{"start":{"line":20,"column":0},"end":{"line":20,"column":55}},"12":{"start":{"line":22,"column":0},"end":{"line":22,"column":95}},"13":{"start":{"line":22,"column":39},"end":{"line":22,"column":93}},"14":{"start":{"line":28,"column":0},"end":{"line":30,"column":2}},"15":{"start":{"line":29,"column":2},"end":{"line":29,"column":48}},"16":{"start":{"line":35,"column":0},"end":{"line":37,"column":2}},"17":{"start":{"line":36,"column":2},"end":{"line":36,"column":34}},"18":{"start":{"line":42,"column":0},"end":{"line":44,"column":2}},"19":{"start":{"line":43,"column":2},"end":{"line":43,"column":38}},"20":{"start":{"line":49,"column":0},"end":{"line":51,"column":2}},"21":{"start":{"line":50,"column":2},"end":{"line":50,"column":31}},"22":{"start":{"line":56,"column":0},"end":{"line":58,"column":2}},"23":{"start":{"line":57,"column":2},"end":{"line":57,"column":116}},"24":{"start":{"line":64,"column":0},"end":{"line":70,"column":2}},"25":{"start":{"line":65,"column":2},"end":{"line":65,"column":56}},"26":{"start":{"line":65,"column":25},"end":{"line":65,"column":56}},"27":{"start":{"line":67,"column":2},"end":{"line":67,"column":54}},"28":{"start":{"line":67,"column":25},"end":{"line":67,"column":54}},"29":{"start":{"line":69,"column":2},"end":{"line":69,"column":83}},"30":{"start":{"line":81,"column":0},"end":{"line":99,"column":2}},"31":{"start":{"line":82,"column":2},"end":{"line":96,"column":3}},"32":{"start":{"line":83,"column":4},"end":{"line":83,"column":28}},"33":{"start":{"line":85,"column":4},"end":{"line":85,"column":35}},"34":{"start":{"line":85,"column":23},"end":{"line":85,"column":35}},"35":{"start":{"line":87,"column":4},"end":{"line":87,"column":65}},"36":{"start":{"line":87,"column":53},"end":{"line":87,"column":65}},"37":{"start":{"line":89,"column":4},"end":{"line":89,"column":41}},"38":{"start":{"line":91,"column":4},"end":{"line":95,"column":5}},"39":{"start":{"line":92,"column":6},"end":{"line":92,"column":82}},"40":{"start":{"line":92,"column":70},"end":{"line":92,"column":82}},"41":{"start":{"line":94,"column":6},"end":{"line":94,"column":82}},"42":{"start":{"line":94,"column":70},"end":{"line":94,"column":82}},"43":{"start":{"line":98,"column":2},"end":{"line":98,"column":15}},"44":{"start":{"line":106,"column":0},"end":{"line":110,"column":2}},"45":{"start":{"line":107,"column":2},"end":{"line":109,"column":5}},"46":{"start":{"line":108,"column":4},"end":{"line":108,"column":48}},"47":{"start":{"line":112,"column":0},"end":{"line":126,"column":2}},"48":{"start":{"line":113,"column":2},"end":{"line":117,"column":3}},"49":{"start":{"line":114,"column":4},"end":{"line":116,"column":7}},"50":{"start":{"line":115,"column":6},"end":{"line":115,"column":69}},"51":{"start":{"line":119,"column":2},"end":{"line":123,"column":3}},"52":{"start":{"line":120,"column":4},"end":{"line":122,"column":49}},"53":{"start":{"line":121,"column":6},"end":{"line":121,"column":69}},"54":{"start":{"line":125,"column":2},"end":{"line":125,"column":43}},"55":{"start":{"line":133,"column":0},"end":{"line":139,"column":2}},"56":{"start":{"line":134,"column":2},"end":{"line":138,"column":5}},"57":{"start":{"line":135,"column":4},"end":{"line":135,"column":109}},"58":{"start":{"line":135,"column":51},"end":{"line":135,"column":109}},"59":{"start":{"line":137,"column":4},"end":{"line":137,"column":46}},"60":{"start":{"line":144,"column":0},"end":{"line":146,"column":2}},"61":{"start":{"line":145,"column":2},"end":{"line":145,"column":38}}},"branchMap":{"1":{"line":8,"type":"cond-expr","locations":[{"start":{"line":8,"column":84},"end":{"line":8,"column":121}},{"start":{"line":8,"column":124},"end":{"line":8,"column":240}}]},"2":{"line":8,"type":"binary-expr","locations":[{"start":{"line":8,"column":14},"end":{"line":8,"column":42}},{"start":{"line":8,"column":46},"end":{"line":8,"column":81}}]},"3":{"line":8,"type":"cond-expr","locations":[{"start":{"line":8,"column":216},"end":{"line":8,"column":224}},{"start":{"line":8,"column":227},"end":{"line":8,"column":237}}]},"4":{"line":8,"type":"binary-expr","locations":[{"start":{"line":8,"column":148},"end":{"line":8,"column":151}},{"start":{"line":8,"column":155},"end":{"line":8,"column":183}},{"start":{"line":8,"column":187},"end":{"line":8,"column":213}}]},"5":{"line":22,"type":"cond-expr","locations":[{"start":{"line":22,"column":70},"end":{"line":22,"column":73}},{"start":{"line":22,"column":76},"end":{"line":22,"column":92}}]},"6":{"line":22,"type":"binary-expr","locations":[{"start":{"line":22,"column":46},"end":{"line":22,"column":49}},{"start":{"line":22,"column":53},"end":{"line":22,"column":67}}]},"7":{"line":29,"type":"cond-expr","locations":[{"start":{"line":29,"column":18},"end":{"line":29,"column":20}},{"start":{"line":29,"column":23},"end":{"line":29,"column":47}}]},"8":{"line":57,"type":"binary-expr","locations":[{"start":{"line":57,"column":9},"end":{"line":57,"column":15}},{"start":{"line":57,"column":19},"end":{"line":57,"column":35}},{"start":{"line":57,"column":39},"end":{"line":57,"column":115}}]},"9":{"line":57,"type":"cond-expr","locations":[{"start":{"line":57,"column":72},"end":{"line":57,"column":83}},{"start":{"line":57,"column":86},"end":{"line":57,"column":101}}]},"10":{"line":65,"type":"if","locations":[{"start":{"line":65,"column":2},"end":{"line":65,"column":2}},{"start":{"line":65,"column":2},"end":{"line":65,"column":2}}]},"11":{"line":67,"type":"if","locations":[{"start":{"line":67,"column":2},"end":{"line":67,"column":2}},{"start":{"line":67,"column":2},"end":{"line":67,"column":2}}]},"12":{"line":69,"type":"cond-expr","locations":[{"start":{"line":69,"column":42},"end":{"line":69,"column":53}},{"start":{"line":69,"column":56},"end":{"line":69,"column":71}}]},"13":{"line":85,"type":"if","locations":[{"start":{"line":85,"column":4},"end":{"line":85,"column":4}},{"start":{"line":85,"column":4},"end":{"line":85,"column":4}}]},"14":{"line":87,"type":"if","locations":[{"start":{"line":87,"column":4},"end":{"line":87,"column":4}},{"start":{"line":87,"column":4},"end":{"line":87,"column":4}}]},"15":{"line":87,"type":"binary-expr","locations":[{"start":{"line":87,"column":8},"end":{"line":87,"column":25}},{"start":{"line":87,"column":29},"end":{"line":87,"column":51}}]},"16":{"line":89,"type":"binary-expr","locations":[{"start":{"line":89,"column":18},"end":{"line":89,"column":31}},{"start":{"line":89,"column":35},"end":{"line":89,"column":40}}]},"17":{"line":91,"type":"if","locations":[{"start":{"line":91,"column":4},"end":{"line":91,"column":4}},{"start":{"line":91,"column":4},"end":{"line":91,"column":4}}]},"18":{"line":92,"type":"if","locations":[{"start":{"line":92,"column":6},"end":{"line":92,"column":6}},{"start":{"line":92,"column":6},"end":{"line":92,"column":6}}]},"19":{"line":92,"type":"binary-expr","locations":[{"start":{"line":92,"column":10},"end":{"line":92,"column":39}},{"start":{"line":92,"column":43},"end":{"line":92,"column":68}}]},"20":{"line":94,"type":"if","locations":[{"start":{"line":94,"column":6},"end":{"line":94,"column":6}},{"start":{"line":94,"column":6},"end":{"line":94,"column":6}}]},"21":{"line":94,"type":"binary-expr","locations":[{"start":{"line":94,"column":10},"end":{"line":94,"column":35}},{"start":{"line":94,"column":39},"end":{"line":94,"column":68}}]},"22":{"line":113,"type":"if","locations":[{"start":{"line":113,"column":2},"end":{"line":113,"column":2}},{"start":{"line":113,"column":2},"end":{"line":113,"column":2}}]},"23":{"line":113,"type":"binary-expr","locations":[{"start":{"line":113,"column":6},"end":{"line":113,"column":84}},{"start":{"line":113,"column":88},"end":{"line":113,"column":125}}]},"24":{"line":113,"type":"cond-expr","locations":[{"start":{"line":113,"column":40},"end":{"line":113,"column":51}},{"start":{"line":113,"column":54},"end":{"line":113,"column":70}}]},"25":{"line":119,"type":"if","locations":[{"start":{"line":119,"column":2},"end":{"line":119,"column":2}},{"start":{"line":119,"column":2},"end":{"line":119,"column":2}}]},"26":{"line":135,"type":"if","locations":[{"start":{"line":135,"column":4},"end":{"line":135,"column":4}},{"start":{"line":135,"column":4},"end":{"line":135,"column":4}}]},"27":{"line":135,"type":"binary-expr","locations":[{"start":{"line":135,"column":8},"end":{"line":135,"column":27}},{"start":{"line":135,"column":31},"end":{"line":135,"column":49}}]}},"code":["'use strict';","","Object.defineProperty(exports, \"__esModule\", {","  value: true","});","exports.stringContains = exports.objectContains = exports.arrayContains = exports.functionThrows = exports.isA = exports.isObject = exports.isArray = exports.isFunction = exports.isEqual = exports.whyNotEqual = undefined;","","var _typeof = typeof Symbol === \"function\" && typeof Symbol.iterator === \"symbol\" ? function (obj) { return typeof obj; } : function (obj) { return obj && typeof Symbol === \"function\" && obj.constructor === Symbol ? \"symbol\" : typeof obj; };","","var _isRegex = require('is-regex');","","var _isRegex2 = _interopRequireDefault(_isRegex);","","var _why = require('is-equal/why');","","var _why2 = _interopRequireDefault(_why);","","var _objectKeys = require('object-keys');","","var _objectKeys2 = _interopRequireDefault(_objectKeys);","","function _interopRequireDefault(obj) { return obj && obj.__esModule ? obj : { default: obj }; }","","/**"," * Returns the reason why the given arguments are not *conceptually*"," * equal, if any; the empty string otherwise."," */","var whyNotEqual = exports.whyNotEqual = function whyNotEqual(a, b) {","  return a == b ? '' : (0, _why2.default)(a, b);","};","","/**"," * Returns true if the given arguments are *conceptually* equal."," */","var isEqual = exports.isEqual = function isEqual(a, b) {","  return whyNotEqual(a, b) === '';","};","","/**"," * Returns true if the given object is a function."," */","var isFunction = exports.isFunction = function isFunction(object) {","  return typeof object === 'function';","};","","/**"," * Returns true if the given object is an array."," */","var isArray = exports.isArray = function isArray(object) {","  return Array.isArray(object);","};","","/**"," * Returns true if the given object is an object."," */","var isObject = exports.isObject = function isObject(object) {","  return object && !isArray(object) && (typeof object === 'undefined' ? 'undefined' : _typeof(object)) === 'object';","};","","/**"," * Returns true if the given object is an instanceof value"," * or its typeof is the given value."," */","var isA = exports.isA = function isA(object, value) {","  if (isFunction(value)) return object instanceof value;","","  if (value === 'array') return Array.isArray(object);","","  return (typeof object === 'undefined' ? 'undefined' : _typeof(object)) === value;","};","","/**"," * Returns true if the given function throws the given value"," * when invoked. The value may be:"," *"," * - undefined, to merely assert there was a throw"," * - a constructor function, for comparing using instanceof"," * - a regular expression, to compare with the error message"," * - a string, to find in the error message"," */","var functionThrows = exports.functionThrows = function functionThrows(fn, context, args, value) {","  try {","    fn.apply(context, args);","  } catch (error) {","    if (value == null) return true;","","    if (isFunction(value) && error instanceof value) return true;","","    var message = error.message || error;","","    if (typeof message === 'string') {","      if ((0, _isRegex2.default)(value) && value.test(error.message)) return true;","","      if (typeof value === 'string' && message.indexOf(value) !== -1) return true;","    }","  }","","  return false;","};","","/**"," * Returns true if the given array contains the value, false"," * otherwise. The compareValues function must return false to"," * indicate a non-match."," */","var arrayContains = exports.arrayContains = function arrayContains(array, value, compareValues) {","  return array.some(function (item) {","    return compareValues(item, value) !== false;","  });","};","","var ownEnumerableKeys = function ownEnumerableKeys(object) {","  if ((typeof Reflect === 'undefined' ? 'undefined' : _typeof(Reflect)) === 'object' && typeof Reflect.ownKeys === 'function') {","    return Reflect.ownKeys(object).filter(function (key) {","      return Object.getOwnPropertyDescriptor(object, key).enumerable;","    });","  }","","  if (typeof Object.getOwnPropertySymbols === 'function') {","    return Object.getOwnPropertySymbols(object).filter(function (key) {","      return Object.getOwnPropertyDescriptor(object, key).enumerable;","    }).concat((0, _objectKeys2.default)(object));","  }","","  return (0, _objectKeys2.default)(object);","};","","/**"," * Returns true if the given object contains the value, false"," * otherwise. The compareValues function must return false to"," * indicate a non-match."," */","var objectContains = exports.objectContains = function objectContains(object, value, compareValues) {","  return ownEnumerableKeys(value).every(function (k) {","    if (isObject(object[k]) && isObject(value[k])) return objectContains(object[k], value[k], compareValues);","","    return compareValues(object[k], value[k]);","  });","};","","/**"," * Returns true if the given string contains the value, false otherwise."," */","var stringContains = exports.stringContains = function stringContains(string, value) {","  return string.indexOf(value) !== -1;","};"],"l":{"3":1,"6":1,"8":1,"10":1,"12":1,"14":1,"16":1,"18":1,"20":1,"22":3,"28":1,"29":0,"35":1,"36":0,"42":1,"43":0,"49":1,"50":0,"56":1,"57":0,"64":1,"65":0,"67":0,"69":0,"81":1,"82":0,"83":0,"85":0,"87":0,"89":0,"91":0,"92":0,"94":0,"98":0,"106":1,"107":0,"108":0,"112":1,"113":0,"114":0,"115":0,"119":0,"120":0,"121":0,"125":0,"133":1,"134":0,"135":0,"137":0,"144":1,"145":0}},"/home/travis/build/npmtest/node-npmtest-expect/expect/lib/extend.js":{"path":"/home/travis/build/npmtest/node-npmtest-expect/expect/lib/extend.js","s":{"1":1,"2":1,"3":1,"4":1,"5":1,"6":1,"7":1,"8":0,"9":0,"10":0,"11":0,"12":0,"13":1},"b":{"1":[1,0],"2":[1,1],"3":[0,0],"4":[0,0]},"f":{"1":1,"2":0},"fnMap":{"1":{"name":"_interopRequireDefault","line":11,"loc":{"start":{"line":11,"column":0},"end":{"line":11,"column":37}}},"2":{"name":"extend","line":15,"loc":{"start":{"line":15,"column":0},"end":{"line":15,"column":27}}}},"statementMap":{"1":{"start":{"line":3,"column":0},"end":{"line":5,"column":3}},"2":{"start":{"line":7,"column":0},"end":{"line":7,"column":44}},"3":{"start":{"line":9,"column":0},"end":{"line":9,"column":57}},"4":{"start":{"line":11,"column":0},"end":{"line":11,"column":95}},"5":{"start":{"line":11,"column":39},"end":{"line":11,"column":93}},"6":{"start":{"line":13,"column":0},"end":{"line":13,"column":20}},"7":{"start":{"line":15,"column":0},"end":{"line":23,"column":1}},"8":{"start":{"line":16,"column":2},"end":{"line":22,"column":3}},"9":{"start":{"line":17,"column":4},"end":{"line":17,"column":31}},"10":{"start":{"line":19,"column":4},"end":{"line":21,"column":5}},"11":{"start":{"line":20,"column":6},"end":{"line":20,"column":89}},"12":{"start":{"line":20,"column":39},"end":{"line":20,"column":89}},"13":{"start":{"line":25,"column":0},"end":{"line":25,"column":25}}},"branchMap":{"1":{"line":11,"type":"cond-expr","locations":[{"start":{"line":11,"column":70},"end":{"line":11,"column":73}},{"start":{"line":11,"column":76},"end":{"line":11,"column":92}}]},"2":{"line":11,"type":"binary-expr","locations":[{"start":{"line":11,"column":46},"end":{"line":11,"column":49}},{"start":{"line":11,"column":53},"end":{"line":11,"column":67}}]},"3":{"line":16,"type":"if","locations":[{"start":{"line":16,"column":2},"end":{"line":16,"column":2}},{"start":{"line":16,"column":2},"end":{"line":16,"column":2}}]},"4":{"line":20,"type":"if","locations":[{"start":{"line":20,"column":6},"end":{"line":20,"column":6}},{"start":{"line":20,"column":6},"end":{"line":20,"column":6}}]}},"code":["'use strict';","","Object.defineProperty(exports, \"__esModule\", {","  value: true","});","","var _Expectation = require('./Expectation');","","var _Expectation2 = _interopRequireDefault(_Expectation);","","function _interopRequireDefault(obj) { return obj && obj.__esModule ? obj : { default: obj }; }","","var Extensions = [];","","function extend(extension) {","  if (Extensions.indexOf(extension) === -1) {","    Extensions.push(extension);","","    for (var p in extension) {","      if (extension.hasOwnProperty(p)) _Expectation2.default.prototype[p] = extension[p];","    }","  }","}","","exports.default = extend;"],"l":{"3":1,"7":1,"9":1,"11":1,"13":1,"15":1,"16":0,"17":0,"19":0,"20":0,"25":1}}}